<?xml version="1.0" encoding="UTF-8"?>
<coverage generated="1762348574664" clover="3.2.0">
  <project timestamp="1762348574664" name="All files">
    <metrics statements="1102" coveredstatements="830" conditionals="652" coveredconditionals="425" methods="325" coveredmethods="240" elements="2079" coveredelements="1495" complexity="0" loc="1102" ncloc="1102" packages="9" files="26" classes="26"/>
    <package name="src">
      <metrics statements="39" coveredstatements="37" conditionals="21" coveredconditionals="19" methods="9" coveredmethods="9"/>
      <file name="App.tsx" path="/Users/wishula/superappnewest/superapp-mobile/superapp-admin-portal/src/App.tsx">
        <metrics statements="35" coveredstatements="33" conditionals="10" coveredconditionals="9" methods="7" coveredmethods="7"/>
        <line num="19" count="4064" type="stmt"/>
        <line num="20" count="4064" type="stmt"/>
        <line num="21" count="4060" type="stmt"/>
        <line num="22" count="4060" type="stmt"/>
        <line num="25" count="4060" type="stmt"/>
        <line num="26" count="1034" type="cond" truecount="1" falsecount="0"/>
        <line num="27" count="718" type="stmt"/>
        <line num="30" count="718" type="stmt"/>
        <line num="31" count="931" type="stmt"/>
        <line num="32" count="931" type="stmt"/>
        <line num="33" count="931" type="cond" truecount="1" falsecount="1"/>
        <line num="35" count="0" type="stmt"/>
        <line num="36" count="0" type="stmt"/>
        <line num="40" count="718" type="stmt"/>
        <line num="41" count="32" type="stmt"/>
        <line num="44" count="718" type="stmt"/>
        <line num="45" count="718" type="stmt"/>
        <line num="48" count="718" type="stmt"/>
        <line num="49" count="379" type="stmt"/>
        <line num="50" count="379" type="stmt"/>
        <line num="56" count="4060" type="stmt"/>
        <line num="57" count="2030" type="cond" truecount="4" falsecount="0"/>
        <line num="58" count="359" type="stmt"/>
        <line num="59" count="359" type="stmt"/>
        <line num="60" count="1671" type="cond" truecount="1" falsecount="0"/>
        <line num="62" count="216" type="stmt"/>
        <line num="67" count="4060" type="cond" truecount="1" falsecount="0"/>
        <line num="68" count="200" type="stmt"/>
        <line num="69" count="200" type="stmt"/>
        <line num="73" count="3860" type="cond" truecount="1" falsecount="0"/>
        <line num="74" count="232" type="stmt"/>
        <line num="75" count="232" type="stmt"/>
        <line num="78" count="3628" type="stmt"/>
        <line num="90" count="459" type="stmt"/>
        <line num="92" count="459" type="stmt"/>
      </file>
      <file name="main.tsx" path="/Users/wishula/superappnewest/superapp-mobile/superapp-admin-portal/src/main.tsx">
        <metrics statements="1" coveredstatements="1" conditionals="0" coveredconditionals="0" methods="0" coveredmethods="0"/>
        <line num="9" count="459" type="stmt"/>
      </file>
      <file name="theme.ts" path="/Users/wishula/superappnewest/superapp-mobile/superapp-admin-portal/src/theme.ts">
        <metrics statements="3" coveredstatements="3" conditionals="11" coveredconditionals="10" methods="2" coveredmethods="2"/>
        <line num="13" count="1170" type="stmt"/>
        <line num="193" count="459" type="cond" truecount="0" falsecount="1"/>
        <line num="194" count="1170" type="stmt"/>
      </file>
    </package>
    <package name="src.components.common">
      <metrics statements="47" coveredstatements="39" conditionals="20" coveredconditionals="14" methods="13" coveredmethods="7"/>
      <file name="ConfirmDialog.tsx" path="/Users/wishula/superappnewest/superapp-mobile/superapp-admin-portal/src/components/common/ConfirmDialog.tsx">
        <metrics statements="11" coveredstatements="11" conditionals="6" coveredconditionals="4" methods="2" coveredmethods="2"/>
        <line num="28" count="459" type="stmt"/>
        <line num="37" count="2356" type="stmt"/>
        <line num="39" count="2356" type="stmt"/>
        <line num="40" count="2356" type="stmt"/>
        <line num="42" count="2356" type="stmt"/>
        <line num="43" count="785" type="cond" truecount="3" falsecount="0"/>
        <line num="44" count="10" type="stmt"/>
        <line num="45" count="10" type="stmt"/>
        <line num="49" count="2356" type="stmt"/>
        <line num="77" count="459" type="stmt"/>
        <line num="79" count="459" type="stmt"/>
      </file>
      <file name="Footer.tsx" path="/Users/wishula/superappnewest/superapp-mobile/superapp-admin-portal/src/components/common/Footer.tsx">
        <metrics statements="3" coveredstatements="3" conditionals="0" coveredconditionals="0" methods="1" coveredmethods="1"/>
        <line num="2" count="459" type="stmt"/>
        <line num="3" count="4106" type="stmt"/>
        <line num="28" count="459" type="stmt"/>
      </file>
      <file name="Header.tsx" path="/Users/wishula/superappnewest/superapp-mobile/superapp-admin-portal/src/components/common/Header.tsx">
        <metrics statements="30" coveredstatements="22" conditionals="14" coveredconditionals="10" methods="9" coveredmethods="3"/>
        <line num="23" count="459" type="stmt"/>
        <line num="30" count="4106" type="stmt"/>
        <line num="31" count="4106" type="stmt"/>
        <line num="32" count="4106" type="stmt"/>
        <line num="33" count="4106" type="stmt"/>
        <line num="34" count="4106" type="stmt"/>
        <line num="35" count="4106" type="stmt"/>
        <line num="36" count="4106" type="stmt"/>
        <line num="38" count="4106" type="cond" truecount="1" falsecount="1"/>
        <line num="39" count="4106" type="cond" truecount="1" falsecount="1"/>
        <line num="40" count="4106" type="stmt"/>
        <line num="43" count="4106" type="stmt"/>
        <line num="44" count="4106" type="stmt"/>
        <line num="46" count="4106" type="stmt"/>
        <line num="47" count="0" type="stmt"/>
        <line num="50" count="4106" type="stmt"/>
        <line num="51" count="0" type="stmt"/>
        <line num="54" count="4106" type="stmt"/>
        <line num="55" count="0" type="stmt"/>
        <line num="56" count="0" type="stmt"/>
        <line num="58" count="0" type="stmt"/>
        <line num="59" count="0" type="stmt"/>
        <line num="63" count="4106" type="stmt"/>
        <line num="78" count="0" type="stmt"/>
        <line num="98" count="1540" type="stmt"/>
        <line num="99" count="1540" type="stmt"/>
        <line num="100" count="1540" type="cond" truecount="2" falsecount="0"/>
        <line num="102" count="1540" type="cond" truecount="1" falsecount="1"/>
        <line num="114" count="0" type="stmt"/>
        <line num="209" count="459" type="stmt"/>
      </file>
      <file name="Loading.tsx" path="/Users/wishula/superappnewest/superapp-mobile/superapp-admin-portal/src/components/common/Loading.tsx">
        <metrics statements="3" coveredstatements="3" conditionals="0" coveredconditionals="0" methods="1" coveredmethods="1"/>
        <line num="9" count="459" type="stmt"/>
        <line num="10" count="200" type="stmt"/>
        <line num="22" count="459" type="stmt"/>
      </file>
    </package>
    <package name="src.components.layout">
      <metrics statements="7" coveredstatements="6" conditionals="0" coveredconditionals="0" methods="5" coveredmethods="4"/>
      <file name="Layout.tsx" path="/Users/wishula/superappnewest/superapp-mobile/superapp-admin-portal/src/components/layout/Layout.tsx">
        <metrics statements="7" coveredstatements="6" conditionals="0" coveredconditionals="0" methods="5" coveredmethods="4"/>
        <line num="20" count="4106" type="stmt"/>
        <line num="21" count="4106" type="stmt"/>
        <line num="22" count="4106" type="stmt"/>
        <line num="40" count="4106" type="stmt"/>
        <line num="73" count="0" type="stmt"/>
        <line num="83" count="12318" type="stmt"/>
        <line num="99" count="459" type="stmt"/>
      </file>
    </package>
    <package name="src.components.ui">
      <metrics statements="499" coveredstatements="357" conditionals="314" coveredconditionals="196" methods="158" coveredmethods="100"/>
      <file name="AddMicroAppDialog.tsx" path="/Users/wishula/superappnewest/superapp-mobile/superapp-admin-portal/src/components/ui/AddMicroAppDialog.tsx">
        <metrics statements="205" coveredstatements="119" conditionals="157" coveredconditionals="90" methods="75" coveredmethods="41"/>
        <line num="38" count="459" type="stmt"/>
        <line num="46" count="459" type="stmt"/>
        <line num="50" count="4562" type="stmt"/>
        <line num="51" count="4562" type="cond" truecount="3" falsecount="0"/>
        <line num="52" count="4562" type="stmt"/>
        <line num="53" count="4562" type="stmt"/>
        <line num="54" count="4562" type="stmt"/>
        <line num="59" count="4562" type="stmt"/>
        <line num="64" count="4562" type="stmt"/>
        <line num="67" count="4562" type="stmt"/>
        <line num="85" count="4562" type="stmt"/>
        <line num="86" count="4562" type="stmt"/>
        <line num="88" count="4562" type="stmt"/>
        <line num="89" count="4410" type="cond" truecount="4" falsecount="1"/>
        <line num="91" count="2902" type="cond" truecount="3" falsecount="0"/>
        <line num="94" count="70" type="cond" truecount="1" falsecount="1"/>
        <line num="97" count="1034" type="cond" truecount="3" falsecount="1"/>
        <line num="99" count="404" type="stmt"/>
        <line num="101" count="0" type="stmt"/>
        <line num="105" count="4562" type="stmt"/>
        <line num="106" count="122" type="cond" truecount="1" falsecount="0"/>
        <line num="107" count="6" type="stmt"/>
        <line num="111" count="116" type="cond" truecount="2" falsecount="0"/>
        <line num="112" count="29" type="cond" truecount="1" falsecount="0"/>
        <line num="113" count="58" type="stmt"/>
        <line num="118" count="29" type="stmt"/>
        <line num="119" count="58" type="stmt"/>
        <line num="120" count="29" type="stmt"/>
        <line num="123" count="0" type="stmt"/>
        <line num="124" count="0" type="stmt"/>
        <line num="126" count="0" type="cond" truecount="0" falsecount="1"/>
        <line num="127" count="0" type="stmt"/>
        <line num="128" count="0" type="stmt"/>
        <line num="131" count="0" type="cond" truecount="0" falsecount="1"/>
        <line num="132" count="0" type="stmt"/>
        <line num="133" count="0" type="stmt"/>
        <line num="136" count="0" type="stmt"/>
        <line num="141" count="0" type="stmt"/>
        <line num="143" count="0" type="stmt"/>
        <line num="144" count="0" type="stmt"/>
        <line num="148" count="0" type="stmt"/>
        <line num="149" count="0" type="stmt"/>
        <line num="151" count="0" type="stmt"/>
        <line num="153" count="87" type="cond" truecount="2" falsecount="0"/>
        <line num="154" count="29" type="cond" truecount="1" falsecount="0"/>
        <line num="155" count="58" type="stmt"/>
        <line num="159" count="29" type="stmt"/>
        <line num="160" count="58" type="stmt"/>
        <line num="161" count="29" type="stmt"/>
        <line num="164" count="0" type="stmt"/>
        <line num="165" count="0" type="stmt"/>
        <line num="167" count="0" type="cond" truecount="0" falsecount="1"/>
        <line num="168" count="0" type="stmt"/>
        <line num="169" count="0" type="stmt"/>
        <line num="172" count="0" type="stmt"/>
        <line num="173" count="0" type="stmt"/>
        <line num="175" count="0" type="stmt"/>
        <line num="176" count="0" type="stmt"/>
        <line num="182" count="0" type="stmt"/>
        <line num="183" count="0" type="stmt"/>
        <line num="185" count="0" type="stmt"/>
        <line num="187" count="58" type="cond" truecount="1" falsecount="0"/>
        <line num="189" count="29" type="cond" truecount="0" falsecount="1"/>
        <line num="192" count="116" type="stmt"/>
        <line num="195" count="4562" type="stmt"/>
        <line num="196" count="30" type="stmt"/>
        <line num="199" count="4562" type="stmt"/>
        <line num="200" count="23" type="stmt"/>
        <line num="201" count="23" type="stmt"/>
        <line num="218" count="23" type="stmt"/>
        <line num="219" count="23" type="stmt"/>
        <line num="222" count="4562" type="stmt"/>
        <line num="223" count="186" type="stmt"/>
        <line num="225" count="186" type="cond" truecount="4" falsecount="0"/>
        <line num="227" count="29" type="cond" truecount="0" falsecount="1"/>
        <line num="228" count="29" type="cond" truecount="0" falsecount="1"/>
        <line num="229" count="29" type="cond" truecount="0" falsecount="1"/>
        <line num="230" count="0" type="stmt"/>
        <line num="231" count="29" type="stmt"/>
        <line num="233" count="29" type="cond" truecount="0" falsecount="1"/>
        <line num="234" count="0" type="cond" truecount="0" falsecount="3"/>
        <line num="235" count="0" type="stmt"/>
        <line num="238" count="29" type="stmt"/>
        <line num="240" count="29" type="cond" truecount="0" falsecount="1"/>
        <line num="241" count="0" type="stmt"/>
        <line num="242" count="29" type="cond" truecount="0" falsecount="1"/>
        <line num="243" count="0" type="stmt"/>
        <line num="244" count="29" type="cond" truecount="0" falsecount="1"/>
        <line num="245" count="0" type="cond" truecount="0" falsecount="3"/>
        <line num="246" count="0" type="stmt"/>
        <line num="248" count="29" type="stmt"/>
        <line num="250" count="64" type="cond" truecount="1" falsecount="0"/>
        <line num="251" count="6" type="stmt"/>
        <line num="252" count="64" type="stmt"/>
        <line num="255" count="186" type="stmt"/>
        <line num="256" count="186" type="stmt"/>
        <line num="259" count="4562" type="stmt"/>
        <line num="260" count="0" type="stmt"/>
        <line num="261" count="0" type="stmt"/>
        <line num="263" count="0" type="stmt"/>
        <line num="265" count="0" type="stmt"/>
        <line num="268" count="0" type="cond" truecount="0" falsecount="2"/>
        <line num="269" count="0" type="stmt"/>
        <line num="274" count="0" type="cond" truecount="0" falsecount="2"/>
        <line num="275" count="0" type="stmt"/>
        <line num="276" count="0" type="cond" truecount="0" falsecount="1"/>
        <line num="277" count="0" type="stmt"/>
        <line num="283" count="0" type="stmt"/>
        <line num="284" count="0" type="stmt"/>
        <line num="285" count="0" type="stmt"/>
        <line num="286" count="0" type="stmt"/>
        <line num="287" count="0" type="stmt"/>
        <line num="291" count="0" type="stmt"/>
        <line num="292" count="0" type="stmt"/>
        <line num="293" count="0" type="stmt"/>
        <line num="294" count="0" type="stmt"/>
        <line num="295" count="0" type="stmt"/>
        <line num="297" count="0" type="stmt"/>
        <line num="301" count="4562" type="stmt"/>
        <line num="305" count="0" type="cond" truecount="0" falsecount="2"/>
        <line num="307" count="0" type="cond" truecount="0" falsecount="1"/>
        <line num="308" count="0" type="stmt"/>
        <line num="310" count="0" type="cond" truecount="0" falsecount="1"/>
        <line num="311" count="0" type="cond" truecount="0" falsecount="2"/>
        <line num="312" count="0" type="stmt"/>
        <line num="316" count="0" type="stmt"/>
        <line num="317" count="0" type="stmt"/>
        <line num="322" count="0" type="stmt"/>
        <line num="323" count="0" type="stmt"/>
        <line num="324" count="0" type="stmt"/>
        <line num="325" count="0" type="stmt"/>
        <line num="330" count="4562" type="stmt"/>
        <line num="331" count="23" type="cond" truecount="3" falsecount="0"/>
        <line num="332" count="23" type="stmt"/>
        <line num="336" count="23" type="cond" truecount="1" falsecount="0"/>
        <line num="337" count="6" type="stmt"/>
        <line num="338" count="12" type="stmt"/>
        <line num="339" count="12" type="stmt"/>
        <line num="342" count="23" type="stmt"/>
        <line num="346" count="4562" type="stmt"/>
        <line num="347" count="0" type="stmt"/>
        <line num="349" count="0" type="stmt"/>
        <line num="353" count="4562" type="stmt"/>
        <line num="354" count="35" type="cond" truecount="0" falsecount="1"/>
        <line num="356" count="35" type="stmt"/>
        <line num="357" count="35" type="stmt"/>
        <line num="359" count="35" type="stmt"/>
        <line num="368" count="35" type="stmt"/>
        <line num="371" count="35" type="stmt"/>
        <line num="372" count="23" type="stmt"/>
        <line num="373" count="23" type="stmt"/>
        <line num="374" count="23" type="stmt"/>
        <line num="376" count="12" type="stmt"/>
        <line num="378" count="12" type="cond" truecount="5" falsecount="0"/>
        <line num="379" count="6" type="stmt"/>
        <line num="381" count="6" type="stmt"/>
        <line num="382" count="6" type="cond" truecount="1" falsecount="0"/>
        <line num="383" count="6" type="cond" truecount="1" falsecount="0"/>
        <line num="384" count="6" type="stmt"/>
        <line num="386" count="6" type="stmt"/>
        <line num="392" count="35" type="stmt"/>
        <line num="396" count="4562" type="stmt"/>
        <line num="397" count="4562" type="cond" truecount="5" falsecount="1"/>
        <line num="399" count="2902" type="stmt"/>
        <line num="406" count="368" type="stmt"/>
        <line num="407" count="368" type="cond" truecount="0" falsecount="1"/>
        <line num="421" count="128" type="stmt"/>
        <line num="422" count="128" type="cond" truecount="1" falsecount="0"/>
        <line num="444" count="207" type="stmt"/>
        <line num="448" count="207" type="cond" truecount="0" falsecount="1"/>
        <line num="462" count="165" type="stmt"/>
        <line num="474" count="11" type="stmt"/>
        <line num="487" count="70" type="stmt"/>
        <line num="515" count="0" type="stmt"/>
        <line num="516" count="0" type="cond" truecount="0" falsecount="2"/>
        <line num="526" count="0" type="stmt"/>
        <line num="535" count="0" type="stmt"/>
        <line num="584" count="0" type="stmt"/>
        <line num="585" count="0" type="cond" truecount="0" falsecount="2"/>
        <line num="595" count="0" type="stmt"/>
        <line num="604" count="0" type="stmt"/>
        <line num="630" count="1034" type="stmt"/>
        <line num="637" count="163" type="stmt"/>
        <line num="641" count="151" type="cond" truecount="0" falsecount="1"/>
        <line num="664" count="33" type="stmt"/>
        <line num="680" count="257" type="stmt"/>
        <line num="684" count="257" type="cond" truecount="0" falsecount="1"/>
        <line num="714" count="0" type="stmt"/>
        <line num="715" count="0" type="cond" truecount="0" falsecount="2"/>
        <line num="725" count="0" type="stmt"/>
        <line num="734" count="0" type="stmt"/>
        <line num="763" count="404" type="stmt"/>
        <line num="773" count="115" type="stmt"/>
        <line num="775" count="115" type="cond" truecount="0" falsecount="1"/>
        <line num="776" count="0" type="stmt"/>
        <line num="777" count="0" type="stmt"/>
        <line num="796" count="70" type="stmt"/>
        <line num="799" count="0" type="stmt"/>
        <line num="818" count="152" type="stmt"/>
        <line num="864" count="152" type="stmt"/>
        <line num="878" count="0" type="stmt"/>
        <line num="882" count="4562" type="stmt"/>
        <line num="896" count="22810" type="stmt"/>
        <line num="925" count="459" type="stmt"/>
        <line num="927" count="459" type="stmt"/>
      </file>
      <file name="AddVersionDialog.tsx" path="/Users/wishula/superappnewest/superapp-mobile/superapp-admin-portal/src/components/ui/AddVersionDialog.tsx">
        <metrics statements="78" coveredstatements="68" conditionals="48" coveredconditionals="34" methods="22" coveredmethods="16"/>
        <line num="31" count="459" type="stmt"/>
        <line num="36" count="430" type="stmt"/>
        <line num="39" count="430" type="cond" truecount="4" falsecount="0"/>
        <line num="43" count="430" type="stmt"/>
        <line num="44" count="430" type="stmt"/>
        <line num="45" count="430" type="stmt"/>
        <line num="46" count="459" type="stmt"/>
        <line num="49" count="430" type="stmt"/>
        <line num="50" count="436" type="cond" truecount="3" falsecount="0"/>
        <line num="51" count="98" type="stmt"/>
        <line num="52" count="98" type="stmt"/>
        <line num="55" count="430" type="stmt"/>
        <line num="62" count="430" type="stmt"/>
        <line num="64" count="430" type="stmt"/>
        <line num="65" count="6" type="stmt"/>
        <line num="71" count="6" type="stmt"/>
        <line num="72" count="6" type="stmt"/>
        <line num="73" count="6" type="stmt"/>
        <line num="74" count="6" type="stmt"/>
        <line num="77" count="430" type="stmt"/>
        <line num="78" count="14" type="cond" truecount="1" falsecount="1"/>
        <line num="80" count="14" type="cond" truecount="1" falsecount="0"/>
        <line num="81" count="8" type="stmt"/>
        <line num="82" count="8" type="cond" truecount="1" falsecount="0"/>
        <line num="83" count="8" type="cond" truecount="1" falsecount="1"/>
        <line num="84" count="8" type="stmt"/>
        <line num="85" count="8" type="stmt"/>
        <line num="89" count="6" type="stmt"/>
        <line num="90" count="6" type="stmt"/>
        <line num="92" count="0" type="stmt"/>
        <line num="93" count="0" type="stmt"/>
        <line num="97" count="430" type="stmt"/>
        <line num="98" count="11" type="stmt"/>
        <line num="100" count="11" type="cond" truecount="0" falsecount="1"/>
        <line num="101" count="11" type="cond" truecount="0" falsecount="1"/>
        <line num="102" count="0" type="stmt"/>
        <line num="103" count="11" type="cond" truecount="3" falsecount="0"/>
        <line num="104" count="5" type="stmt"/>
        <line num="107" count="11" type="stmt"/>
        <line num="108" count="2" type="stmt"/>
        <line num="110" count="11" type="cond" truecount="0" falsecount="1"/>
        <line num="111" count="0" type="stmt"/>
        <line num="114" count="11" type="stmt"/>
        <line num="115" count="11" type="stmt"/>
        <line num="118" count="430" type="stmt"/>
        <line num="119" count="11" type="cond" truecount="1" falsecount="0"/>
        <line num="121" count="6" type="stmt"/>
        <line num="122" count="6" type="stmt"/>
        <line num="124" count="6" type="stmt"/>
        <line num="127" count="6" type="cond" truecount="1" falsecount="0"/>
        <line num="128" count="6" type="stmt"/>
        <line num="130" count="6" type="stmt"/>
        <line num="131" count="6" type="stmt"/>
        <line num="132" count="6" type="stmt"/>
        <line num="133" count="6" type="stmt"/>
        <line num="134" count="6" type="stmt"/>
        <line num="135" count="6" type="stmt"/>
        <line num="136" count="6" type="stmt"/>
        <line num="138" count="6" type="stmt"/>
        <line num="142" count="6" type="stmt"/>
        <line num="150" count="6" type="stmt"/>
        <line num="151" count="6" type="stmt"/>
        <line num="152" count="6" type="stmt"/>
        <line num="153" count="6" type="stmt"/>
        <line num="155" count="0" type="stmt"/>
        <line num="156" count="0" type="stmt"/>
        <line num="161" count="6" type="stmt"/>
        <line num="165" count="430" type="stmt"/>
        <line num="192" count="77" type="stmt"/>
        <line num="207" count="0" type="stmt"/>
        <line num="222" count="115" type="stmt"/>
        <line num="258" count="14" type="stmt"/>
        <line num="259" count="14" type="cond" truecount="1" falsecount="1"/>
        <line num="269" count="0" type="stmt"/>
        <line num="278" count="0" type="stmt"/>
        <line num="279" count="0" type="stmt"/>
        <line num="324" count="459" type="stmt"/>
        <line num="326" count="459" type="stmt"/>
      </file>
      <file name="CreateUserDialog.tsx" path="/Users/wishula/superappnewest/superapp-mobile/superapp-admin-portal/src/components/ui/CreateUserDialog.tsx">
        <metrics statements="169" coveredstatements="134" conditionals="92" coveredconditionals="67" methods="44" coveredmethods="30"/>
        <line num="37" count="1040" type="stmt"/>
        <line num="39" count="1040" type="stmt"/>
        <line num="50" count="459" type="stmt"/>
        <line num="52" count="459" type="stmt"/>
        <line num="56" count="1184" type="stmt"/>
        <line num="57" count="1184" type="stmt"/>
        <line num="58" count="1184" type="stmt"/>
        <line num="59" count="1184" type="stmt"/>
        <line num="62" count="1184" type="stmt"/>
        <line num="71" count="1184" type="stmt"/>
        <line num="81" count="1184" type="stmt"/>
        <line num="83" count="1184" type="stmt"/>
        <line num="85" count="1184" type="stmt"/>
        <line num="86" count="20" type="stmt"/>
        <line num="89" count="1184" type="stmt"/>
        <line num="90" count="165" type="stmt"/>
        <line num="93" count="1184" type="stmt"/>
        <line num="98" count="0" type="stmt"/>
        <line num="99" count="0" type="stmt"/>
        <line num="100" count="0" type="stmt"/>
        <line num="101" count="0" type="stmt"/>
        <line num="105" count="1184" type="stmt"/>
        <line num="106" count="0" type="stmt"/>
        <line num="116" count="0" type="stmt"/>
        <line num="119" count="1184" type="stmt"/>
        <line num="120" count="0" type="cond" truecount="0" falsecount="1"/>
        <line num="121" count="0" type="stmt"/>
        <line num="123" count="0" type="stmt"/>
        <line num="126" count="1184" type="stmt"/>
        <line num="127" count="5" type="cond" truecount="0" falsecount="1"/>
        <line num="132" count="0" type="stmt"/>
        <line num="133" count="0" type="stmt"/>
        <line num="135" count="5" type="cond" truecount="0" falsecount="1"/>
        <line num="136" count="0" type="stmt"/>
        <line num="137" count="0" type="stmt"/>
        <line num="139" count="5" type="stmt"/>
        <line num="142" count="1184" type="stmt"/>
        <line num="143" count="15" type="stmt"/>
        <line num="144" count="40" type="stmt"/>
        <line num="145" count="40" type="cond" truecount="3" falsecount="1"/>
        <line num="146" count="0" type="stmt"/>
        <line num="150" count="0" type="stmt"/>
        <line num="152" count="40" type="cond" truecount="0" falsecount="1"/>
        <line num="153" count="0" type="stmt"/>
        <line num="157" count="0" type="stmt"/>
        <line num="161" count="40" type="stmt"/>
        <line num="162" count="15" type="stmt"/>
        <line num="163" count="15" type="cond" truecount="0" falsecount="1"/>
        <line num="164" count="0" type="stmt"/>
        <line num="165" count="0" type="stmt"/>
        <line num="167" count="15" type="stmt"/>
        <line num="172" count="1184" type="stmt"/>
        <line num="173" count="15" type="stmt"/>
        <line num="175" count="75" type="stmt"/>
        <line num="176" count="75" type="stmt"/>
        <line num="177" count="15" type="cond" truecount="0" falsecount="1"/>
        <line num="178" count="75" type="stmt"/>
        <line num="179" count="225" type="stmt"/>
        <line num="180" count="15" type="stmt"/>
        <line num="181" count="15" type="stmt"/>
        <line num="182" count="15" type="stmt"/>
        <line num="183" count="15" type="stmt"/>
        <line num="184" count="15" type="stmt"/>
        <line num="185" count="15" type="cond" truecount="3" falsecount="1"/>
        <line num="186" count="15" type="stmt"/>
        <line num="187" count="15" type="stmt"/>
        <line num="188" count="15" type="stmt"/>
        <line num="189" count="225" type="stmt"/>
        <line num="190" count="45" type="cond" truecount="2" falsecount="0"/>
        <line num="191" count="45" type="cond" truecount="1" falsecount="1"/>
        <line num="192" count="45" type="cond" truecount="2" falsecount="0"/>
        <line num="193" count="45" type="cond" truecount="3" falsecount="1"/>
        <line num="194" count="45" type="cond" truecount="3" falsecount="1"/>
        <line num="196" count="45" type="cond" truecount="4" falsecount="0"/>
        <line num="197" count="10" type="stmt"/>
        <line num="198" count="10" type="stmt"/>
        <line num="200" count="35" type="cond" truecount="1" falsecount="0"/>
        <line num="201" count="5" type="stmt"/>
        <line num="202" count="5" type="stmt"/>
        <line num="204" count="30" type="stmt"/>
        <line num="206" count="15" type="stmt"/>
        <line num="209" count="1184" type="stmt"/>
        <line num="210" count="20" type="stmt"/>
        <line num="211" count="20" type="stmt"/>
        <line num="212" count="20" type="stmt"/>
        <line num="213" count="20" type="stmt"/>
        <line num="214" count="20" type="cond" truecount="2" falsecount="0"/>
        <line num="215" count="5" type="stmt"/>
        <line num="216" count="5" type="cond" truecount="1" falsecount="0"/>
        <line num="217" count="5" type="stmt"/>
        <line num="219" count="15" type="cond" truecount="1" falsecount="1"/>
        <line num="220" count="15" type="stmt"/>
        <line num="221" count="15" type="stmt"/>
        <line num="222" count="15" type="stmt"/>
        <line num="224" count="0" type="stmt"/>
        <line num="225" count="0" type="stmt"/>
        <line num="229" count="20" type="cond" truecount="1" falsecount="1"/>
        <line num="230" count="40" type="cond" truecount="4" falsecount="0"/>
        <line num="234" count="20" type="stmt"/>
        <line num="235" count="20" type="stmt"/>
        <line num="236" count="40" type="stmt"/>
        <line num="237" count="40" type="cond" truecount="0" falsecount="1"/>
        <line num="238" count="40" type="stmt"/>
        <line num="239" count="40" type="stmt"/>
        <line num="243" count="20" type="stmt"/>
        <line num="246" count="20" type="cond" truecount="0" falsecount="1"/>
        <line num="247" count="0" type="stmt"/>
        <line num="250" count="20" type="cond" truecount="1" falsecount="1"/>
        <line num="252" count="20" type="cond" truecount="1" falsecount="0"/>
        <line num="253" count="5" type="stmt"/>
        <line num="254" count="5" type="stmt"/>
        <line num="257" count="40" type="stmt"/>
        <line num="264" count="15" type="stmt"/>
        <line num="265" count="15" type="stmt"/>
        <line num="267" count="0" type="stmt"/>
        <line num="268" count="0" type="stmt"/>
        <line num="272" count="1184" type="stmt"/>
        <line num="273" count="20" type="stmt"/>
        <line num="274" count="20" type="stmt"/>
        <line num="276" count="20" type="cond" truecount="2" falsecount="0"/>
        <line num="278" count="5" type="cond" truecount="0" falsecount="1"/>
        <line num="279" count="0" type="stmt"/>
        <line num="281" count="5" type="stmt"/>
        <line num="282" count="5" type="stmt"/>
        <line num="285" count="15" type="cond" truecount="0" falsecount="1"/>
        <line num="286" count="0" type="stmt"/>
        <line num="288" count="15" type="stmt"/>
        <line num="289" count="15" type="cond" truecount="5" falsecount="1"/>
        <line num="291" count="5" type="cond" truecount="1" falsecount="1"/>
        <line num="292" count="5" type="cond" truecount="1" falsecount="1"/>
        <line num="293" count="5" type="stmt"/>
        <line num="295" count="5" type="stmt"/>
        <line num="296" count="5" type="stmt"/>
        <line num="297" count="5" type="stmt"/>
        <line num="298" count="5" type="stmt"/>
        <line num="300" count="10" type="stmt"/>
        <line num="307" count="15" type="stmt"/>
        <line num="308" count="15" type="stmt"/>
        <line num="310" count="0" type="stmt"/>
        <line num="311" count="0" type="stmt"/>
        <line num="313" count="20" type="stmt"/>
        <line num="317" count="1184" type="stmt"/>
        <line num="318" count="15" type="cond" truecount="1" falsecount="0"/>
        <line num="320" count="15" type="stmt"/>
        <line num="327" count="15" type="stmt"/>
        <line num="336" count="15" type="stmt"/>
        <line num="337" count="15" type="stmt"/>
        <line num="338" count="15" type="stmt"/>
        <line num="339" count="15" type="stmt"/>
        <line num="343" count="1184" type="stmt"/>
        <line num="375" count="85" type="stmt"/>
        <line num="386" count="25" type="stmt"/>
        <line num="396" count="25" type="stmt"/>
        <line num="407" count="0" type="stmt"/>
        <line num="416" count="30" type="stmt"/>
        <line num="441" count="20" type="stmt"/>
        <line num="442" count="20" type="cond" truecount="1" falsecount="0"/>
        <line num="443" count="20" type="stmt"/>
        <line num="445" count="20" type="stmt"/>
        <line num="462" count="40" type="stmt"/>
        <line num="471" count="1304" type="stmt"/>
        <line num="495" count="0" type="stmt"/>
        <line num="509" count="0" type="stmt"/>
        <line num="520" count="0" type="stmt"/>
        <line num="530" count="0" type="stmt"/>
        <line num="541" count="0" type="stmt"/>
        <line num="554" count="0" type="stmt"/>
        <line num="588" count="459" type="stmt"/>
        <line num="590" count="918" type="stmt"/>
      </file>
      <file name="Dashboard.tsx" path="/Users/wishula/superappnewest/superapp-mobile/superapp-admin-portal/src/components/ui/Dashboard.tsx">
        <metrics statements="11" coveredstatements="3" conditionals="4" coveredconditionals="0" methods="4" coveredmethods="0"/>
        <line num="21" count="459" type="stmt"/>
        <line num="22" count="0" type="stmt"/>
        <line num="23" count="459" type="stmt"/>
        <line num="24" count="0" type="cond" truecount="0" falsecount="2"/>
        <line num="25" count="0" type="cond" truecount="0" falsecount="2"/>
        <line num="27" count="0" type="stmt"/>
        <line num="51" count="0" type="stmt"/>
        <line num="94" count="0" type="stmt"/>
        <line num="95" count="0" type="stmt"/>
        <line num="98" count="0" type="stmt"/>
        <line num="156" count="459" type="stmt"/>
      </file>
      <file name="EditMicroAppDialog.tsx" path="/Users/wishula/superappnewest/superapp-mobile/superapp-admin-portal/src/components/ui/EditMicroAppDialog.tsx">
        <metrics statements="36" coveredstatements="33" conditionals="13" coveredconditionals="5" methods="13" coveredmethods="13"/>
        <line num="27" count="459" type="stmt"/>
        <line num="32" count="376" type="stmt"/>
        <line num="33" count="376" type="stmt"/>
        <line num="34" count="459" type="stmt"/>
        <line num="36" count="376" type="stmt"/>
        <line num="43" count="376" type="stmt"/>
        <line num="45" count="376" type="stmt"/>
        <line num="46" count="5" type="stmt"/>
        <line num="52" count="5" type="stmt"/>
        <line num="53" count="5" type="stmt"/>
        <line num="56" count="376" type="stmt"/>
        <line num="57" count="5" type="stmt"/>
        <line num="59" count="5" type="cond" truecount="0" falsecount="1"/>
        <line num="60" count="5" type="cond" truecount="0" falsecount="1"/>
        <line num="61" count="0" type="stmt"/>
        <line num="63" count="5" type="stmt"/>
        <line num="64" count="5" type="stmt"/>
        <line num="67" count="376" type="stmt"/>
        <line num="68" count="5" type="cond" truecount="0" falsecount="1"/>
        <line num="70" count="5" type="stmt"/>
        <line num="71" count="5" type="stmt"/>
        <line num="73" count="5" type="stmt"/>
        <line num="81" count="5" type="stmt"/>
        <line num="82" count="5" type="stmt"/>
        <line num="83" count="5" type="stmt"/>
        <line num="84" count="5" type="stmt"/>
        <line num="86" count="0" type="stmt"/>
        <line num="87" count="0" type="stmt"/>
        <line num="92" count="5" type="stmt"/>
        <line num="96" count="376" type="stmt"/>
        <line num="120" count="31" type="stmt"/>
        <line num="133" count="88" type="stmt"/>
        <line num="148" count="88" type="stmt"/>
        <line num="160" count="5" type="stmt"/>
        <line num="183" count="459" type="stmt"/>
        <line num="185" count="459" type="stmt"/>
      </file>
    </package>
    <package name="src.context">
      <metrics statements="43" coveredstatements="41" conditionals="11" coveredconditionals="8" methods="13" coveredmethods="13"/>
      <file name="NotificationContext.tsx" path="/Users/wishula/superappnewest/superapp-mobile/superapp-admin-portal/src/context/NotificationContext.tsx">
        <metrics statements="19" coveredstatements="18" conditionals="2" coveredconditionals="0" methods="6" coveredmethods="6"/>
        <line num="17" count="459" type="stmt"/>
        <line num="21" count="19870" type="stmt"/>
        <line num="22" count="19870" type="stmt"/>
        <line num="23" count="19870" type="cond" truecount="0" falsecount="1"/>
        <line num="24" count="0" type="stmt"/>
        <line num="26" count="19870" type="stmt"/>
        <line num="27" count="459" type="stmt"/>
        <line num="39" count="459" type="stmt"/>
        <line num="41" count="3142" type="stmt"/>
        <line num="42" count="3142" type="stmt"/>
        <line num="48" count="3142" type="stmt"/>
        <line num="52" count="689" type="stmt"/>
        <line num="55" count="3142" type="stmt"/>
        <line num="56" count="524" type="stmt"/>
        <line num="59" count="3142" type="stmt"/>
        <line num="72" count="459" type="stmt"/>
        <line num="82" count="918" type="stmt"/>
        <line num="83" count="3142" type="stmt"/>
        <line num="100" count="459" type="stmt"/>
      </file>
      <file name="ThemeContext.tsx" path="/Users/wishula/superappnewest/superapp-mobile/superapp-admin-portal/src/context/ThemeContext.tsx">
        <metrics statements="24" coveredstatements="23" conditionals="9" coveredconditionals="8" methods="7" coveredmethods="7"/>
        <line num="19" count="459" type="stmt"/>
        <line num="21" count="4106" type="stmt"/>
        <line num="22" count="4106" type="stmt"/>
        <line num="23" count="4106" type="cond" truecount="0" falsecount="1"/>
        <line num="24" count="0" type="stmt"/>
        <line num="26" count="4106" type="stmt"/>
        <line num="27" count="459" type="stmt"/>
        <line num="33" count="459" type="stmt"/>
        <line num="35" count="938" type="stmt"/>
        <line num="37" count="938" type="stmt"/>
        <line num="38" count="918" type="stmt"/>
        <line num="39" count="918" type="cond" truecount="4" falsecount="0"/>
        <line num="43" count="938" type="stmt"/>
        <line num="44" count="928" type="stmt"/>
        <line num="46" count="928" type="stmt"/>
        <line num="47" count="928" type="stmt"/>
        <line num="48" count="928" type="stmt"/>
        <line num="49" count="928" type="stmt"/>
        <line num="50" count="928" type="cond" truecount="2" falsecount="0"/>
        <line num="56" count="938" type="stmt"/>
        <line num="57" count="10" type="cond" truecount="2" falsecount="0"/>
        <line num="60" count="938" type="stmt"/>
        <line num="62" count="938" type="stmt"/>
        <line num="67" count="459" type="stmt"/>
      </file>
    </package>
    <package name="src.lib">
      <metrics statements="63" coveredstatements="40" conditionals="41" coveredconditionals="20" methods="12" coveredmethods="10"/>
      <file name="auth-context.tsx" path="/Users/wishula/superappnewest/superapp-mobile/superapp-admin-portal/src/lib/auth-context.tsx">
        <metrics statements="63" coveredstatements="40" conditionals="41" coveredconditionals="20" methods="12" coveredmethods="10"/>
        <line num="21" count="918" type="cond" truecount="1" falsecount="1"/>
        <line num="22" count="918" type="stmt"/>
        <line num="23" count="918" type="stmt"/>
        <line num="24" count="918" type="cond" truecount="1" falsecount="1"/>
        <line num="25" count="918" type="cond" truecount="1" falsecount="1"/>
        <line num="26" count="918" type="cond" truecount="2" falsecount="1"/>
        <line num="28" count="0" type="cond" truecount="0" falsecount="4"/>
        <line num="30" count="0" type="cond" truecount="0" falsecount="2"/>
        <line num="31" count="0" type="cond" truecount="0" falsecount="2"/>
        <line num="33" count="0" type="stmt"/>
        <line num="41" count="918" type="stmt"/>
        <line num="42" count="918" type="stmt"/>
        <line num="43" count="918" type="stmt"/>
        <line num="44" count="918" type="stmt"/>
        <line num="45" count="918" type="stmt"/>
        <line num="46" count="918" type="stmt"/>
        <line num="50" count="918" type="stmt"/>
        <line num="53" count="918" type="stmt"/>
        <line num="61" count="918" type="stmt"/>
        <line num="62" count="0" type="stmt"/>
        <line num="63" count="0" type="stmt"/>
        <line num="64" count="0" type="stmt"/>
        <line num="65" count="0" type="stmt"/>
        <line num="66" count="0" type="stmt"/>
        <line num="69" count="918" type="stmt"/>
        <line num="85" count="459" type="stmt"/>
        <line num="87" count="11680" type="stmt"/>
        <line num="88" count="11680" type="cond" truecount="3" falsecount="0"/>
        <line num="90" count="11680" type="stmt"/>
        <line num="91" count="11674" type="cond" truecount="2" falsecount="1"/>
        <line num="95" count="0" type="stmt"/>
        <line num="97" count="11674" type="cond" truecount="2" falsecount="0"/>
        <line num="104" count="11010" type="stmt"/>
        <line num="105" count="11010" type="cond" truecount="2" falsecount="0"/>
        <line num="106" count="11010" type="stmt"/>
        <line num="108" count="11010" type="stmt"/>
        <line num="111" count="0" type="stmt"/>
        <line num="124" count="664" type="stmt"/>
        <line num="125" count="664" type="cond" truecount="1" falsecount="0"/>
        <line num="126" count="0" type="cond" truecount="0" falsecount="1"/>
        <line num="127" count="0" type="cond" truecount="0" falsecount="1"/>
        <line num="128" count="0" type="stmt"/>
        <line num="133" count="931" type="cond" truecount="1" falsecount="0"/>
        <line num="134" count="931" type="stmt"/>
        <line num="137" count="0" type="cond" truecount="0" falsecount="3"/>
        <line num="138" count="0" type="stmt"/>
        <line num="139" count="0" type="stmt"/>
        <line num="144" count="0" type="cond" truecount="0" falsecount="2"/>
        <line num="147" count="11674" type="stmt"/>
        <line num="148" count="0" type="cond" truecount="0" falsecount="1"/>
        <line num="149" count="0" type="stmt"/>
        <line num="150" count="0" type="stmt"/>
        <line num="153" count="0" type="stmt"/>
        <line num="156" count="11674" type="stmt"/>
        <line num="157" count="32" type="cond" truecount="1" falsecount="0"/>
        <line num="158" count="32" type="stmt"/>
        <line num="159" count="32" type="stmt"/>
        <line num="160" count="32" type="stmt"/>
        <line num="162" count="32" type="stmt"/>
        <line num="164" count="0" type="stmt"/>
        <line num="167" count="11674" type="stmt"/>
        <line num="168" count="2636" type="stmt"/>
        <line num="172" count="459" type="stmt"/>
      </file>
    </package>
    <package name="src.pages">
      <metrics statements="215" coveredstatements="193" conditionals="122" coveredconditionals="104" methods="75" coveredmethods="68"/>
      <file name="ComingSoon.tsx" path="/Users/wishula/superappnewest/superapp-mobile/superapp-admin-portal/src/pages/ComingSoon.tsx">
        <metrics statements="4" coveredstatements="3" conditionals="0" coveredconditionals="0" methods="1" coveredmethods="0"/>
        <line num="4" count="459" type="stmt"/>
        <line num="5" count="0" type="stmt"/>
        <line num="27" count="459" type="stmt"/>
        <line num="29" count="459" type="stmt"/>
      </file>
      <file name="Login.tsx" path="/Users/wishula/superappnewest/superapp-mobile/superapp-admin-portal/src/pages/Login.tsx">
        <metrics statements="6" coveredstatements="5" conditionals="0" coveredconditionals="0" methods="3" coveredmethods="2"/>
        <line num="21" count="459" type="stmt"/>
        <line num="22" count="459" type="stmt"/>
        <line num="25" count="232" type="stmt"/>
        <line num="27" count="232" type="stmt"/>
        <line num="76" count="0" type="stmt"/>
        <line num="91" count="459" type="stmt"/>
      </file>
      <file name="MicroApps.tsx" path="/Users/wishula/superappnewest/superapp-mobile/superapp-admin-portal/src/pages/MicroApps.tsx">
        <metrics statements="109" coveredstatements="93" conditionals="62" coveredconditionals="50" methods="39" coveredmethods="35"/>
        <line num="43" count="3276" type="cond" truecount="0" falsecount="1"/>
        <line num="44" count="3276" type="stmt"/>
        <line num="45" count="3276" type="stmt"/>
        <line num="46" count="591" type="stmt"/>
        <line num="47" count="591" type="stmt"/>
        <line num="49" count="3276" type="stmt"/>
        <line num="50" count="459" type="stmt"/>
        <line num="52" count="3278" type="stmt"/>
        <line num="53" count="3278" type="stmt"/>
        <line num="54" count="3276" type="cond" truecount="1" falsecount="1"/>
        <line num="55" count="3276" type="cond" truecount="2" falsecount="0"/>
        <line num="56" count="3276" type="stmt"/>
        <line num="57" count="3276" type="stmt"/>
        <line num="58" count="3276" type="stmt"/>
        <line num="59" count="3276" type="stmt"/>
        <line num="60" count="3276" type="stmt"/>
        <line num="61" count="3276" type="stmt"/>
        <line num="62" count="3276" type="stmt"/>
        <line num="63" count="3276" type="stmt"/>
        <line num="69" count="3276" type="stmt"/>
        <line num="75" count="3276" type="stmt"/>
        <line num="84" count="3276" type="stmt"/>
        <line num="91" count="3276" type="stmt"/>
        <line num="93" count="3276" type="stmt"/>
        <line num="94" count="547" type="stmt"/>
        <line num="98" count="3276" type="stmt"/>
        <line num="99" count="576" type="stmt"/>
        <line num="100" count="576" type="stmt"/>
        <line num="101" count="576" type="stmt"/>
        <line num="102" count="576" type="stmt"/>
        <line num="103" count="576" type="cond" truecount="2" falsecount="0"/>
        <line num="104" count="394" type="stmt"/>
        <line num="106" count="167" type="stmt"/>
        <line num="107" count="167" type="stmt"/>
        <line num="108" count="167" type="cond" truecount="2" falsecount="0"/>
        <line num="109" count="12" type="stmt"/>
        <line num="111" count="155" type="stmt"/>
        <line num="117" count="561" type="stmt"/>
        <line num="121" count="3276" type="stmt"/>
        <line num="122" count="23" type="stmt"/>
        <line num="125" count="3276" type="stmt"/>
        <line num="129" count="61" type="stmt"/>
        <line num="132" count="3276" type="stmt"/>
        <line num="133" count="25" type="stmt"/>
        <line num="136" count="3276" type="stmt"/>
        <line num="137" count="3" type="stmt"/>
        <line num="138" count="3" type="stmt"/>
        <line num="139" count="3" type="cond" truecount="1" falsecount="1"/>
        <line num="140" count="0" type="stmt"/>
        <line num="142" count="3" type="stmt"/>
        <line num="144" count="3" type="stmt"/>
        <line num="148" count="3276" type="stmt"/>
        <line num="149" count="5" type="cond" truecount="1" falsecount="0"/>
        <line num="150" count="5" type="stmt"/>
        <line num="152" count="5" type="stmt"/>
        <line num="155" count="3276" type="stmt"/>
        <line num="156" count="14" type="cond" truecount="1" falsecount="0"/>
        <line num="157" count="14" type="stmt"/>
        <line num="159" count="14" type="stmt"/>
        <line num="162" count="3276" type="stmt"/>
        <line num="163" count="0" type="stmt"/>
        <line num="166" count="3276" type="stmt"/>
        <line num="167" count="0" type="stmt"/>
        <line num="170" count="3276" type="stmt"/>
        <line num="171" count="0" type="stmt"/>
        <line num="172" count="0" type="stmt"/>
        <line num="174" count="0" type="stmt"/>
        <line num="175" count="0" type="stmt"/>
        <line num="176" count="0" type="stmt"/>
        <line num="178" count="0" type="stmt"/>
        <line num="180" count="0" type="stmt"/>
        <line num="181" count="0" type="stmt"/>
        <line num="188" count="3276" type="stmt"/>
        <line num="189" count="6" type="stmt"/>
        <line num="191" count="6" type="stmt"/>
        <line num="192" count="6" type="cond" truecount="2" falsecount="0"/>
        <line num="194" count="6" type="stmt"/>
        <line num="195" count="6" type="cond" truecount="1" falsecount="1"/>
        <line num="197" count="6" type="stmt"/>
        <line num="202" count="0" type="stmt"/>
        <line num="203" count="0" type="stmt"/>
        <line num="208" count="6" type="stmt"/>
        <line num="212" count="3276" type="cond" truecount="1" falsecount="0"/>
        <line num="213" count="1700" type="stmt"/>
        <line num="214" count="1700" type="stmt"/>
        <line num="222" count="10200" type="stmt"/>
        <line num="258" count="1576" type="cond" truecount="1" falsecount="0"/>
        <line num="259" count="12" type="stmt"/>
        <line num="274" count="1564" type="stmt"/>
        <line num="296" count="55" type="stmt"/>
        <line num="392" count="3634" type="stmt"/>
        <line num="481" count="614" type="stmt"/>
        <line num="486" count="614" type="stmt"/>
        <line num="509" count="3" type="stmt"/>
        <line num="547" count="416" type="stmt"/>
        <line num="630" count="61" type="stmt"/>
        <line num="651" count="6" type="stmt"/>
        <line num="685" count="0" type="cond" truecount="0" falsecount="1"/>
        <line num="686" count="0" type="stmt"/>
        <line num="691" count="0" type="stmt"/>
        <line num="717" count="23" type="stmt"/>
        <line num="719" count="23" type="stmt"/>
        <line num="720" count="23" type="stmt"/>
        <line num="727" count="5" type="stmt"/>
        <line num="730" count="5" type="stmt"/>
        <line num="731" count="10" type="cond" truecount="1" falsecount="1"/>
        <line num="741" count="6" type="stmt"/>
        <line num="748" count="459" type="stmt"/>
        <line num="750" count="459" type="stmt"/>
      </file>
      <file name="NotFound.tsx" path="/Users/wishula/superappnewest/superapp-mobile/superapp-admin-portal/src/pages/NotFound.tsx">
        <metrics statements="3" coveredstatements="3" conditionals="0" coveredconditionals="0" methods="1" coveredmethods="1"/>
        <line num="4" count="459" type="stmt"/>
        <line num="5" count="96" type="stmt"/>
        <line num="20" count="459" type="stmt"/>
      </file>
      <file name="Users.tsx" path="/Users/wishula/superappnewest/superapp-mobile/superapp-admin-portal/src/pages/Users.tsx">
        <metrics statements="93" coveredstatements="89" conditionals="60" coveredconditionals="54" methods="31" coveredmethods="30"/>
        <line num="38" count="1878" type="stmt"/>
        <line num="39" count="1878" type="stmt"/>
        <line num="40" count="1876" type="stmt"/>
        <line num="41" count="1876" type="stmt"/>
        <line num="42" count="1876" type="stmt"/>
        <line num="43" count="1876" type="stmt"/>
        <line num="44" count="1876" type="cond" truecount="2" falsecount="0"/>
        <line num="45" count="1876" type="cond" truecount="2" falsecount="0"/>
        <line num="46" count="1876" type="stmt"/>
        <line num="52" count="1876" type="stmt"/>
        <line num="57" count="1876" type="stmt"/>
        <line num="58" count="1876" type="stmt"/>
        <line num="60" count="1876" type="stmt"/>
        <line num="61" count="278" type="stmt"/>
        <line num="62" count="278" type="stmt"/>
        <line num="63" count="278" type="stmt"/>
        <line num="64" count="278" type="stmt"/>
        <line num="65" count="261" type="stmt"/>
        <line num="67" count="12" type="stmt"/>
        <line num="68" count="12" type="stmt"/>
        <line num="69" count="12" type="cond" truecount="1" falsecount="1"/>
        <line num="70" count="12" type="stmt"/>
        <line num="72" count="0" type="stmt"/>
        <line num="75" count="273" type="stmt"/>
        <line num="79" count="1876" type="stmt"/>
        <line num="80" count="258" type="stmt"/>
        <line num="84" count="1876" type="stmt"/>
        <line num="85" count="318" type="stmt"/>
        <line num="86" count="318" type="cond" truecount="1" falsecount="0"/>
        <line num="87" count="318" type="cond" truecount="3" falsecount="0"/>
        <line num="88" count="318" type="stmt"/>
        <line num="91" count="1876" type="stmt"/>
        <line num="92" count="15" type="stmt"/>
        <line num="93" count="15" type="stmt"/>
        <line num="96" count="1876" type="stmt"/>
        <line num="97" count="10" type="stmt"/>
        <line num="100" count="1876" type="stmt"/>
        <line num="101" count="5" type="cond" truecount="0" falsecount="1"/>
        <line num="103" count="5" type="stmt"/>
        <line num="104" count="5" type="stmt"/>
        <line num="105" count="5" type="stmt"/>
        <line num="106" count="5" type="stmt"/>
        <line num="107" count="5" type="stmt"/>
        <line num="109" count="0" type="stmt"/>
        <line num="110" count="0" type="stmt"/>
        <line num="115" count="1876" type="stmt"/>
        <line num="116" count="562" type="stmt"/>
        <line num="117" count="626" type="stmt"/>
        <line num="118" count="626" type="stmt"/>
        <line num="119" count="554" type="stmt"/>
        <line num="123" count="1868" type="stmt"/>
        <line num="124" count="614" type="stmt"/>
        <line num="126" count="746" type="cond" truecount="3" falsecount="0"/>
        <line num="127" count="30" type="stmt"/>
        <line num="131" count="716" type="cond" truecount="1" falsecount="0"/>
        <line num="132" count="100" type="stmt"/>
        <line num="133" count="100" type="stmt"/>
        <line num="134" count="100" type="stmt"/>
        <line num="135" count="100" type="cond" truecount="2" falsecount="0"/>
        <line num="138" count="616" type="stmt"/>
        <line num="143" count="1868" type="stmt"/>
        <line num="144" count="714" type="stmt"/>
        <line num="146" count="734" type="cond" truecount="2" falsecount="0"/>
        <line num="152" count="734" type="cond" truecount="2" falsecount="0"/>
        <line num="157" count="734" type="stmt"/>
        <line num="158" count="734" type="cond" truecount="2" falsecount="0"/>
        <line num="162" count="1868" type="stmt"/>
        <line num="163" count="714" type="stmt"/>
        <line num="164" count="714" type="stmt"/>
        <line num="165" count="714" type="stmt"/>
        <line num="168" count="2442" type="stmt"/>
        <line num="169" count="50" type="cond" truecount="2" falsecount="0"/>
        <line num="170" count="36" type="cond" truecount="1" falsecount="1"/>
        <line num="172" count="20" type="stmt"/>
        <line num="173" count="20" type="stmt"/>
        <line num="177" count="1868" type="cond" truecount="1" falsecount="0"/>
        <line num="178" count="1004" type="stmt"/>
        <line num="179" count="1004" type="stmt"/>
        <line num="203" count="5020" type="stmt"/>
        <line num="217" count="864" type="cond" truecount="1" falsecount="0"/>
        <line num="218" count="20" type="stmt"/>
        <line num="233" count="844" type="stmt"/>
        <line num="254" count="25" type="stmt"/>
        <line num="309" count="0" type="stmt"/>
        <line num="322" count="25" type="stmt"/>
        <line num="338" count="5" type="stmt"/>
        <line num="345" count="1826" type="stmt"/>
        <line num="411" count="1676" type="stmt"/>
        <line num="453" count="10" type="stmt"/>
        <line num="471" count="15" type="stmt"/>
        <line num="484" count="5" type="stmt"/>
        <line num="490" count="459" type="stmt"/>
        <line num="492" count="459" type="stmt"/>
      </file>
    </package>
    <package name="src.services">
      <metrics statements="133" coveredstatements="98" conditionals="88" coveredconditionals="47" methods="31" coveredmethods="27"/>
      <file name="api.service.ts" path="/Users/wishula/superappnewest/superapp-mobile/superapp-admin-portal/src/services/api.service.ts">
        <metrics statements="120" coveredstatements="86" conditionals="84" coveredconditionals="43" methods="22" coveredmethods="19"/>
        <line num="9" count="459" type="stmt"/>
        <line num="10" count="459" type="stmt"/>
        <line num="12" count="459" type="stmt"/>
        <line num="16" count="459" type="stmt"/>
        <line num="17" count="459" type="cond" truecount="1" falsecount="1"/>
        <line num="19" count="459" type="cond" truecount="0" falsecount="1"/>
        <line num="20" count="0" type="stmt"/>
        <line num="26" count="459" type="stmt"/>
        <line num="27" count="459" type="stmt"/>
        <line num="35" count="718" type="stmt"/>
        <line num="37" count="718" type="cond" truecount="1" falsecount="0"/>
        <line num="38" count="718" type="stmt"/>
        <line num="46" count="718" type="stmt"/>
        <line num="47" count="32" type="stmt"/>
        <line num="55" count="379" type="stmt"/>
        <line num="56" count="379" type="stmt"/>
        <line num="58" count="379" type="stmt"/>
        <line num="59" count="379" type="stmt"/>
        <line num="70" count="931" type="stmt"/>
        <line num="72" count="931" type="stmt"/>
        <line num="75" count="931" type="cond" truecount="1" falsecount="1"/>
        <line num="77" count="931" type="cond" truecount="0" falsecount="1"/>
        <line num="78" count="0" type="stmt"/>
        <line num="79" count="0" type="stmt"/>
        <line num="82" count="931" type="stmt"/>
        <line num="90" count="931" type="stmt"/>
        <line num="92" count="931" type="stmt"/>
        <line num="93" count="931" type="stmt"/>
        <line num="98" count="926" type="cond" truecount="1" falsecount="0"/>
        <line num="99" count="884" type="cond" truecount="2" falsecount="0"/>
        <line num="100" count="188" type="cond" truecount="1" falsecount="0"/>
        <line num="102" count="723" type="stmt"/>
        <line num="103" count="723" type="stmt"/>
        <line num="104" count="220" type="stmt"/>
        <line num="105" count="193" type="stmt"/>
        <line num="106" count="918" type="cond" truecount="1" falsecount="0"/>
        <line num="107" count="860" type="cond" truecount="1" falsecount="0"/>
        <line num="108" count="699" type="stmt"/>
        <line num="109" count="196" type="stmt"/>
        <line num="110" count="185" type="stmt"/>
        <line num="112" count="910" type="cond" truecount="1" falsecount="0"/>
        <line num="113" count="844" type="cond" truecount="1" falsecount="0"/>
        <line num="114" count="210" type="stmt"/>
        <line num="116" count="706" type="cond" truecount="2" falsecount="0"/>
        <line num="117" count="706" type="cond" truecount="6" falsecount="0"/>
        <line num="118" count="210" type="cond" truecount="4" falsecount="0"/>
        <line num="119" count="153" type="stmt"/>
        <line num="120" count="706" type="stmt"/>
        <line num="121" count="231" type="stmt"/>
        <line num="124" count="879" type="stmt"/>
        <line num="125" count="879" type="cond" truecount="1" falsecount="0"/>
        <line num="126" count="730" type="cond" truecount="3" falsecount="0"/>
        <line num="130" count="782" type="cond" truecount="4" falsecount="0"/>
        <line num="131" count="215" type="stmt"/>
        <line num="133" count="873" type="stmt"/>
        <line num="134" count="873" type="cond" truecount="2" falsecount="1"/>
        <line num="135" count="726" type="cond" truecount="2" falsecount="1"/>
        <line num="136" count="169" type="stmt"/>
        <line num="138" count="873" type="stmt"/>
        <line num="139" count="726" type="stmt"/>
        <line num="140" count="812" type="stmt"/>
        <line num="141" count="501" type="stmt"/>
        <line num="142" count="141" type="stmt"/>
        <line num="149" count="158" type="stmt"/>
        <line num="150" count="696" type="stmt"/>
        <line num="156" count="56" type="stmt"/>
        <line num="166" count="6" type="stmt"/>
        <line num="176" count="1" type="stmt"/>
        <line num="177" count="4" type="stmt"/>
        <line num="183" count="0" type="stmt"/>
        <line num="185" count="6" type="stmt"/>
        <line num="186" count="6" type="cond" truecount="0" falsecount="4"/>
        <line num="190" count="6" type="cond" truecount="4" falsecount="1"/>
        <line num="191" count="6" type="cond" truecount="1" falsecount="0"/>
        <line num="192" count="6" type="stmt"/>
        <line num="194" count="6" type="stmt"/>
        <line num="199" count="6" type="stmt"/>
        <line num="200" count="6" type="stmt"/>
        <line num="201" count="0" type="cond" truecount="0" falsecount="2"/>
        <line num="202" count="0" type="cond" truecount="0" falsecount="2"/>
        <line num="203" count="0" type="stmt"/>
        <line num="204" count="0" type="stmt"/>
        <line num="205" count="0" type="stmt"/>
        <line num="207" count="6" type="cond" truecount="0" falsecount="3"/>
        <line num="208" count="0" type="cond" truecount="0" falsecount="4"/>
        <line num="209" count="0" type="cond" truecount="0" falsecount="1"/>
        <line num="210" count="0" type="stmt"/>
        <line num="211" count="0" type="stmt"/>
        <line num="212" count="0" type="stmt"/>
        <line num="214" count="6" type="stmt"/>
        <line num="215" count="6" type="stmt"/>
        <line num="217" count="6" type="stmt"/>
        <line num="223" count="6" type="stmt"/>
        <line num="224" count="0" type="stmt"/>
        <line num="233" count="6" type="cond" truecount="0" falsecount="1"/>
        <line num="234" count="0" type="cond" truecount="0" falsecount="1"/>
        <line num="235" count="0" type="cond" truecount="0" falsecount="1"/>
        <line num="236" count="0" type="cond" truecount="0" falsecount="1"/>
        <line num="237" count="0" type="stmt"/>
        <line num="238" count="0" type="stmt"/>
        <line num="239" count="0" type="stmt"/>
        <line num="240" count="0" type="stmt"/>
        <line num="241" count="0" type="stmt"/>
        <line num="242" count="6" type="cond" truecount="0" falsecount="1"/>
        <line num="243" count="0" type="cond" truecount="0" falsecount="1"/>
        <line num="244" count="0" type="stmt"/>
        <line num="245" count="0" type="stmt"/>
        <line num="246" count="0" type="stmt"/>
        <line num="248" count="6" type="cond" truecount="0" falsecount="1"/>
        <line num="249" count="0" type="cond" truecount="0" falsecount="1"/>
        <line num="250" count="0" type="stmt"/>
        <line num="252" count="0" type="cond" truecount="0" falsecount="2"/>
        <line num="253" count="0" type="cond" truecount="0" falsecount="2"/>
        <line num="255" count="6" type="stmt"/>
        <line num="256" count="6" type="stmt"/>
        <line num="257" count="0" type="stmt"/>
        <line num="258" count="6" type="stmt"/>
        <line num="259" count="0" type="stmt"/>
        <line num="260" count="0" type="stmt"/>
        <line num="265" count="92" type="stmt"/>
      </file>
      <file name="microapps.service.ts" path="/Users/wishula/superappnewest/superapp-mobile/superapp-admin-portal/src/services/microapps.service.ts">
        <metrics statements="7" coveredstatements="6" conditionals="4" coveredconditionals="4" methods="5" coveredmethods="4"/>
        <line num="10" count="459" type="stmt"/>
        <line num="15" count="576" type="cond" truecount="4" falsecount="0"/>
        <line num="18" count="576" type="stmt"/>
        <line num="25" count="0" type="stmt"/>
        <line num="32" count="40" type="stmt"/>
        <line num="48" count="6" type="stmt"/>
        <line num="56" count="6" type="stmt"/>
      </file>
      <file name="users.service.ts" path="/Users/wishula/superappnewest/superapp-mobile/superapp-admin-portal/src/services/users.service.ts">
        <metrics statements="6" coveredstatements="6" conditionals="0" coveredconditionals="0" methods="4" coveredmethods="4"/>
        <line num="22" count="459" type="stmt"/>
        <line num="28" count="278" type="stmt"/>
        <line num="35" count="5" type="stmt"/>
        <line num="42" count="15" type="stmt"/>
        <line num="49" count="5" type="stmt"/>
        <line num="53" count="459" type="stmt"/>
      </file>
    </package>
    <package name="src.utils">
      <metrics statements="56" coveredstatements="19" conditionals="35" coveredconditionals="17" methods="9" coveredmethods="2"/>
      <file name="env.ts" path="/Users/wishula/superappnewest/superapp-mobile/superapp-admin-portal/src/utils/env.ts">
        <metrics statements="8" coveredstatements="6" conditionals="10" coveredconditionals="6" methods="1" coveredmethods="1"/>
        <line num="3" count="16672" type="stmt"/>
        <line num="5" count="16672" type="cond" truecount="1" falsecount="3"/>
        <line num="6" count="0" type="stmt"/>
        <line num="9" count="16672" type="stmt"/>
        <line num="11" count="16672" type="cond" truecount="3" falsecount="0"/>
        <line num="12" count="16672" type="stmt"/>
        <line num="13" count="16672" type="cond" truecount="2" falsecount="1"/>
        <line num="16" count="0" type="stmt"/>
      </file>
      <file name="zipValidator.ts" path="/Users/wishula/superappnewest/superapp-mobile/superapp-admin-portal/src/utils/zipValidator.ts">
        <metrics statements="48" coveredstatements="13" conditionals="25" coveredconditionals="11" methods="8" coveredmethods="1"/>
        <line num="9" count="459" type="stmt"/>
        <line num="11" count="459" type="cond" truecount="4" falsecount="1"/>
        <line num="14" count="459" type="cond" truecount="2" falsecount="0"/>
        <line num="15" count="459" type="stmt"/>
        <line num="16" count="459" type="stmt"/>
        <line num="24" count="459" type="stmt"/>
        <line num="34" count="0" type="cond" truecount="0" falsecount="3"/>
        <line num="35" count="0" type="stmt"/>
        <line num="38" count="0" type="stmt"/>
        <line num="39" count="0" type="stmt"/>
        <line num="40" count="0" type="stmt"/>
        <line num="48" count="0" type="stmt"/>
        <line num="50" count="0" type="stmt"/>
        <line num="51" count="0" type="stmt"/>
        <line num="54" count="0" type="stmt"/>
        <line num="56" count="0" type="cond" truecount="0" falsecount="4"/>
        <line num="61" count="0" type="stmt"/>
        <line num="63" count="0" type="stmt"/>
        <line num="64" count="0" type="stmt"/>
        <line num="99" count="8" type="cond" truecount="0" falsecount="1"/>
        <line num="100" count="0" type="stmt"/>
        <line num="107" count="8" type="stmt"/>
        <line num="108" count="8" type="cond" truecount="0" falsecount="1"/>
        <line num="113" count="0" type="stmt"/>
        <line num="125" count="8" type="cond" truecount="1" falsecount="0"/>
        <line num="126" count="3" type="stmt"/>
        <line num="138" count="5" type="cond" truecount="1" falsecount="0"/>
        <line num="139" count="5" type="stmt"/>
        <line num="152" count="0" type="cond" truecount="0" falsecount="1"/>
        <line num="153" count="0" type="stmt"/>
        <line num="154" count="0" type="stmt"/>
        <line num="166" count="0" type="stmt"/>
        <line num="167" count="0" type="stmt"/>
        <line num="169" count="0" type="cond" truecount="0" falsecount="1"/>
        <line num="170" count="0" type="stmt"/>
        <line num="182" count="0" type="stmt"/>
        <line num="183" count="0" type="stmt"/>
        <line num="196" count="0" type="stmt"/>
        <line num="197" count="0" type="cond" truecount="0" falsecount="1"/>
        <line num="198" count="0" type="stmt"/>
        <line num="211" count="0" type="stmt"/>
        <line num="225" count="0" type="stmt"/>
        <line num="232" count="0" type="cond" truecount="0" falsecount="1"/>
        <line num="234" count="0" type="stmt"/>
        <line num="235" count="0" type="stmt"/>
        <line num="236" count="0" type="stmt"/>
        <line num="238" count="0" type="stmt"/>
        <line num="245" count="0" type="stmt"/>
      </file>
    </package>
  </project>
</coverage>
