{"total": {"lines":{"total":1102,"covered":830,"skipped":0,"pct":75.31},"statements":{"total":1284,"covered":945,"skipped":0,"pct":73.59},"functions":{"total":325,"covered":240,"skipped":0,"pct":73.84},"branches":{"total":652,"covered":425,"skipped":0,"pct":65.18},"branchesTrue":{"total":0,"covered":0,"skipped":0,"pct":100}}
,"/Users/wishula/superappnewest/superapp-mobile/superapp-admin-portal/src/App.tsx": {"lines":{"total":35,"covered":33,"skipped":0,"pct":94.28},"functions":{"total":7,"covered":7,"skipped":0,"pct":100},"statements":{"total":37,"covered":35,"skipped":0,"pct":94.59},"branches":{"total":10,"covered":9,"skipped":0,"pct":90}}
,"/Users/wishula/superappnewest/superapp-mobile/superapp-admin-portal/src/main.tsx": {"lines":{"total":1,"covered":1,"skipped":0,"pct":100},"functions":{"total":0,"covered":0,"skipped":0,"pct":100},"statements":{"total":1,"covered":1,"skipped":0,"pct":100},"branches":{"total":0,"covered":0,"skipped":0,"pct":100}}
,"/Users/wishula/superappnewest/superapp-mobile/superapp-admin-portal/src/theme.ts": {"lines":{"total":3,"covered":3,"skipped":0,"pct":100},"functions":{"total":2,"covered":2,"skipped":0,"pct":100},"statements":{"total":4,"covered":4,"skipped":0,"pct":100},"branches":{"total":11,"covered":10,"skipped":0,"pct":90.9}}
,"/Users/wishula/superappnewest/superapp-mobile/superapp-admin-portal/src/components/common/ConfirmDialog.tsx": {"lines":{"total":11,"covered":11,"skipped":0,"pct":100},"functions":{"total":2,"covered":2,"skipped":0,"pct":100},"statements":{"total":12,"covered":12,"skipped":0,"pct":100},"branches":{"total":6,"covered":4,"skipped":0,"pct":66.66}}
,"/Users/wishula/superappnewest/superapp-mobile/superapp-admin-portal/src/components/common/Footer.tsx": {"lines":{"total":3,"covered":3,"skipped":0,"pct":100},"functions":{"total":1,"covered":1,"skipped":0,"pct":100},"statements":{"total":3,"covered":3,"skipped":0,"pct":100},"branches":{"total":0,"covered":0,"skipped":0,"pct":100}}
,"/Users/wishula/superappnewest/superapp-mobile/superapp-admin-portal/src/components/common/Header.tsx": {"lines":{"total":30,"covered":22,"skipped":0,"pct":73.33},"functions":{"total":9,"covered":3,"skipped":0,"pct":33.33},"statements":{"total":33,"covered":25,"skipped":0,"pct":75.75},"branches":{"total":14,"covered":10,"skipped":0,"pct":71.42}}
,"/Users/wishula/superappnewest/superapp-mobile/superapp-admin-portal/src/components/common/Loading.tsx": {"lines":{"total":3,"covered":3,"skipped":0,"pct":100},"functions":{"total":1,"covered":1,"skipped":0,"pct":100},"statements":{"total":3,"covered":3,"skipped":0,"pct":100},"branches":{"total":0,"covered":0,"skipped":0,"pct":100}}
,"/Users/wishula/superappnewest/superapp-mobile/superapp-admin-portal/src/components/layout/Layout.tsx": {"lines":{"total":7,"covered":6,"skipped":0,"pct":85.71},"functions":{"total":5,"covered":4,"skipped":0,"pct":80},"statements":{"total":11,"covered":10,"skipped":0,"pct":90.9},"branches":{"total":0,"covered":0,"skipped":0,"pct":100}}
,"/Users/wishula/superappnewest/superapp-mobile/superapp-admin-portal/src/components/ui/AddMicroAppDialog.tsx": {"lines":{"total":205,"covered":119,"skipped":0,"pct":58.04},"functions":{"total":75,"covered":41,"skipped":0,"pct":54.66},"statements":{"total":255,"covered":141,"skipped":0,"pct":55.29},"branches":{"total":157,"covered":90,"skipped":0,"pct":57.32}}
,"/Users/wishula/superappnewest/superapp-mobile/superapp-admin-portal/src/components/ui/AddVersionDialog.tsx": {"lines":{"total":78,"covered":68,"skipped":0,"pct":87.17},"functions":{"total":22,"covered":16,"skipped":0,"pct":72.72},"statements":{"total":91,"covered":77,"skipped":0,"pct":84.61},"branches":{"total":48,"covered":34,"skipped":0,"pct":70.83}}
,"/Users/wishula/superappnewest/superapp-mobile/superapp-admin-portal/src/components/ui/CreateUserDialog.tsx": {"lines":{"total":169,"covered":134,"skipped":0,"pct":79.28},"functions":{"total":44,"covered":30,"skipped":0,"pct":68.18},"statements":{"total":187,"covered":146,"skipped":0,"pct":78.07},"branches":{"total":92,"covered":67,"skipped":0,"pct":72.82}}
,"/Users/wishula/superappnewest/superapp-mobile/superapp-admin-portal/src/components/ui/Dashboard.tsx": {"lines":{"total":11,"covered":3,"skipped":0,"pct":27.27},"functions":{"total":4,"covered":0,"skipped":0,"pct":0},"statements":{"total":14,"covered":3,"skipped":0,"pct":21.42},"branches":{"total":4,"covered":0,"skipped":0,"pct":0}}
,"/Users/wishula/superappnewest/superapp-mobile/superapp-admin-portal/src/components/ui/EditMicroAppDialog.tsx": {"lines":{"total":36,"covered":33,"skipped":0,"pct":91.66},"functions":{"total":13,"covered":13,"skipped":0,"pct":100},"statements":{"total":44,"covered":39,"skipped":0,"pct":88.63},"branches":{"total":13,"covered":5,"skipped":0,"pct":38.46}}
,"/Users/wishula/superappnewest/superapp-mobile/superapp-admin-portal/src/context/NotificationContext.tsx": {"lines":{"total":19,"covered":18,"skipped":0,"pct":94.73},"functions":{"total":6,"covered":6,"skipped":0,"pct":100},"statements":{"total":22,"covered":21,"skipped":0,"pct":95.45},"branches":{"total":2,"covered":0,"skipped":0,"pct":0}}
,"/Users/wishula/superappnewest/superapp-mobile/superapp-admin-portal/src/context/ThemeContext.tsx": {"lines":{"total":24,"covered":23,"skipped":0,"pct":95.83},"functions":{"total":7,"covered":7,"skipped":0,"pct":100},"statements":{"total":30,"covered":29,"skipped":0,"pct":96.66},"branches":{"total":9,"covered":8,"skipped":0,"pct":88.88}}
,"/Users/wishula/superappnewest/superapp-mobile/superapp-admin-portal/src/lib/auth-context.tsx": {"lines":{"total":63,"covered":40,"skipped":0,"pct":63.49},"functions":{"total":12,"covered":10,"skipped":0,"pct":83.33},"statements":{"total":68,"covered":43,"skipped":0,"pct":63.23},"branches":{"total":41,"covered":20,"skipped":0,"pct":48.78}}
,"/Users/wishula/superappnewest/superapp-mobile/superapp-admin-portal/src/pages/ComingSoon.tsx": {"lines":{"total":4,"covered":3,"skipped":0,"pct":75},"functions":{"total":1,"covered":0,"skipped":0,"pct":0},"statements":{"total":4,"covered":3,"skipped":0,"pct":75},"branches":{"total":0,"covered":0,"skipped":0,"pct":100}}
,"/Users/wishula/superappnewest/superapp-mobile/superapp-admin-portal/src/pages/Login.tsx": {"lines":{"total":6,"covered":5,"skipped":0,"pct":83.33},"functions":{"total":3,"covered":2,"skipped":0,"pct":66.66},"statements":{"total":9,"covered":8,"skipped":0,"pct":88.88},"branches":{"total":0,"covered":0,"skipped":0,"pct":100}}
,"/Users/wishula/superappnewest/superapp-mobile/superapp-admin-portal/src/pages/MicroApps.tsx": {"lines":{"total":109,"covered":93,"skipped":0,"pct":85.32},"functions":{"total":39,"covered":35,"skipped":0,"pct":89.74},"statements":{"total":117,"covered":101,"skipped":0,"pct":86.32},"branches":{"total":62,"covered":50,"skipped":0,"pct":80.64}}
,"/Users/wishula/superappnewest/superapp-mobile/superapp-admin-portal/src/pages/NotFound.tsx": {"lines":{"total":3,"covered":3,"skipped":0,"pct":100},"functions":{"total":1,"covered":1,"skipped":0,"pct":100},"statements":{"total":3,"covered":3,"skipped":0,"pct":100},"branches":{"total":0,"covered":0,"skipped":0,"pct":100}}
,"/Users/wishula/superappnewest/superapp-mobile/superapp-admin-portal/src/pages/Users.tsx": {"lines":{"total":93,"covered":89,"skipped":0,"pct":95.69},"functions":{"total":31,"covered":30,"skipped":0,"pct":96.77},"statements":{"total":103,"covered":98,"skipped":0,"pct":95.14},"branches":{"total":60,"covered":54,"skipped":0,"pct":90}}
,"/Users/wishula/superappnewest/superapp-mobile/superapp-admin-portal/src/services/api.service.ts": {"lines":{"total":120,"covered":86,"skipped":0,"pct":71.66},"functions":{"total":22,"covered":19,"skipped":0,"pct":86.36},"statements":{"total":161,"covered":108,"skipped":0,"pct":67.08},"branches":{"total":84,"covered":43,"skipped":0,"pct":51.19}}
,"/Users/wishula/superappnewest/superapp-mobile/superapp-admin-portal/src/services/microapps.service.ts": {"lines":{"total":7,"covered":6,"skipped":0,"pct":85.71},"functions":{"total":5,"covered":4,"skipped":0,"pct":80},"statements":{"total":7,"covered":6,"skipped":0,"pct":85.71},"branches":{"total":4,"covered":4,"skipped":0,"pct":100}}
,"/Users/wishula/superappnewest/superapp-mobile/superapp-admin-portal/src/services/users.service.ts": {"lines":{"total":6,"covered":6,"skipped":0,"pct":100},"functions":{"total":4,"covered":4,"skipped":0,"pct":100},"statements":{"total":6,"covered":6,"skipped":0,"pct":100},"branches":{"total":0,"covered":0,"skipped":0,"pct":100}}
,"/Users/wishula/superappnewest/superapp-mobile/superapp-admin-portal/src/utils/env.ts": {"lines":{"total":8,"covered":6,"skipped":0,"pct":75},"functions":{"total":1,"covered":1,"skipped":0,"pct":100},"statements":{"total":9,"covered":7,"skipped":0,"pct":77.77},"branches":{"total":10,"covered":6,"skipped":0,"pct":60}}
,"/Users/wishula/superappnewest/superapp-mobile/superapp-admin-portal/src/utils/zipValidator.ts": {"lines":{"total":48,"covered":13,"skipped":0,"pct":27.08},"functions":{"total":8,"covered":1,"skipped":0,"pct":12.5},"statements":{"total":50,"covered":13,"skipped":0,"pct":26},"branches":{"total":25,"covered":11,"skipped":0,"pct":44}}
}
