{"/Users/wishula/superappnewest/superapp-mobile/superapp-admin-portal/src/App.tsx": {"path":"/Users/wishula/superappnewest/superapp-mobile/superapp-admin-portal/src/App.tsx","statementMap":{"0":{"start":{"line":19,"column":15},"end":{"line":19,"column":null}},"1":{"start":{"line":20,"column":45},"end":{"line":20,"column":null}},"2":{"start":{"line":21,"column":31},"end":{"line":21,"column":null}},"3":{"start":{"line":22,"column":36},"end":{"line":22,"column":null}},"4":{"start":{"line":25,"column":2},"end":{"line":53,"column":null}},"5":{"start":{"line":26,"column":4},"end":{"line":52,"column":null}},"6":{"start":{"line":27,"column":6},"end":{"line":27,"column":null}},"7":{"start":{"line":30,"column":26},"end":{"line":38,"column":null}},"8":{"start":{"line":31,"column":8},"end":{"line":37,"column":null}},"9":{"start":{"line":32,"column":24},"end":{"line":32,"column":null}},"10":{"start":{"line":33,"column":10},"end":{"line":33,"column":null}},"11":{"start":{"line":35,"column":10},"end":{"line":35,"column":null}},"12":{"start":{"line":36,"column":10},"end":{"line":36,"column":null}},"13":{"start":{"line":40,"column":29},"end":{"line":42,"column":null}},"14":{"start":{"line":41,"column":8},"end":{"line":41,"column":null}},"15":{"start":{"line":44,"column":6},"end":{"line":44,"column":null}},"16":{"start":{"line":45,"column":6},"end":{"line":45,"column":null}},"17":{"start":{"line":48,"column":6},"end":{"line":51,"column":null}},"18":{"start":{"line":49,"column":8},"end":{"line":49,"column":null}},"19":{"start":{"line":50,"column":8},"end":{"line":50,"column":null}},"20":{"start":{"line":56,"column":2},"end":{"line":64,"column":null}},"21":{"start":{"line":57,"column":4},"end":{"line":63,"column":null}},"22":{"start":{"line":58,"column":6},"end":{"line":58,"column":null}},"23":{"start":{"line":59,"column":6},"end":{"line":59,"column":null}},"24":{"start":{"line":60,"column":4},"end":{"line":63,"column":null}},"25":{"start":{"line":62,"column":6},"end":{"line":62,"column":null}},"26":{"start":{"line":67,"column":2},"end":{"line":70,"column":null}},"27":{"start":{"line":68,"column":4},"end":{"line":68,"column":null}},"28":{"start":{"line":69,"column":4},"end":{"line":69,"column":null}},"29":{"start":{"line":73,"column":2},"end":{"line":76,"column":null}},"30":{"start":{"line":74,"column":4},"end":{"line":74,"column":null}},"31":{"start":{"line":75,"column":4},"end":{"line":75,"column":null}},"32":{"start":{"line":78,"column":2},"end":{"line":88,"column":null}},"33":{"start":{"line":90,"column":1},"end":{"line":21,"column":47}},"34":{"start":{"line":19,"column":12},"end":{"line":21,"column":47}},"35":{"start":{"line":21,"column":46},"end":{"line":19,"column":12}},"36":{"start":{"line":92,"column":19},"end":{"line":92,"column":null}}},"fnMap":{"0":{"name":"App","decl":{"start":{"line":19,"column":9},"end":{"line":19,"column":12}},"loc":{"start":{"line":19,"column":15},"end":{"line":90,"column":1}}},"1":{"name":"(anonymous_1)","decl":{"start":{"line":25,"column":12},"end":{"line":25,"column":18}},"loc":{"start":{"line":25,"column":18},"end":{"line":53,"column":5}}},"2":{"name":"(anonymous_2)","decl":{"start":{"line":30,"column":26},"end":{"line":30,"column":38}},"loc":{"start":{"line":30,"column":38},"end":{"line":38,"column":null}}},"3":{"name":"(anonymous_3)","decl":{"start":{"line":40,"column":29},"end":{"line":40,"column":41}},"loc":{"start":{"line":40,"column":41},"end":{"line":42,"column":null}}},"4":{"name":"(anonymous_4)","decl":{"start":{"line":48,"column":13},"end":{"line":48,"column":19}},"loc":{"start":{"line":48,"column":19},"end":{"line":51,"column":null}}},"5":{"name":"(anonymous_5)","decl":{"start":{"line":56,"column":12},"end":{"line":56,"column":18}},"loc":{"start":{"line":56,"column":18},"end":{"line":64,"column":5}}},"6":{"name":"(anonymous_6)","decl":{"start":{"line":19,"column":12},"end":{"line":19,"column":15}},"loc":{"start":{"line":19,"column":12},"end":{"line":21,"column":47}}}},"branchMap":{"0":{"loc":{"start":{"line":26,"column":4},"end":{"line":52,"column":null}},"type":"if","locations":[{"start":{"line":26,"column":4},"end":{"line":52,"column":null}}]},"1":{"loc":{"start":{"line":33,"column":17},"end":{"line":33,"column":null}},"type":"binary-expr","locations":[{"start":{"line":33,"column":17},"end":{"line":33,"column":26}},{"start":{"line":33,"column":26},"end":{"line":33,"column":null}}]},"2":{"loc":{"start":{"line":57,"column":4},"end":{"line":63,"column":null}},"type":"if","locations":[{"start":{"line":57,"column":4},"end":{"line":63,"column":null}},{"start":{"line":60,"column":4},"end":{"line":63,"column":null}}]},"3":{"loc":{"start":{"line":57,"column":8},"end":{"line":57,"column":69}},"type":"binary-expr","locations":[{"start":{"line":57,"column":8},"end":{"line":57,"column":33}},{"start":{"line":57,"column":33},"end":{"line":57,"column":69}}]},"4":{"loc":{"start":{"line":60,"column":4},"end":{"line":63,"column":null}},"type":"if","locations":[{"start":{"line":60,"column":4},"end":{"line":63,"column":null}}]},"5":{"loc":{"start":{"line":67,"column":2},"end":{"line":70,"column":null}},"type":"if","locations":[{"start":{"line":67,"column":2},"end":{"line":70,"column":null}}]},"6":{"loc":{"start":{"line":73,"column":2},"end":{"line":76,"column":null}},"type":"if","locations":[{"start":{"line":73,"column":2},"end":{"line":76,"column":null}}]}},"s":{"0":4064,"1":4064,"2":4060,"3":4060,"4":4060,"5":1034,"6":718,"7":718,"8":931,"9":931,"10":931,"11":0,"12":0,"13":718,"14":32,"15":718,"16":718,"17":718,"18":379,"19":379,"20":4060,"21":2030,"22":359,"23":359,"24":1671,"25":216,"26":4060,"27":200,"28":200,"29":3860,"30":232,"31":232,"32":3628,"33":459,"34":459,"35":459,"36":459},"f":{"0":4064,"1":1034,"2":931,"3":32,"4":379,"5":2030,"6":459},"b":{"0":[718],"1":[931,0],"2":[359,1671],"3":[2030,1814],"4":[216],"5":[200],"6":[232]}}
,"/Users/wishula/superappnewest/superapp-mobile/superapp-admin-portal/src/main.tsx": {"path":"/Users/wishula/superappnewest/superapp-mobile/superapp-admin-portal/src/main.tsx","statementMap":{"0":{"start":{"line":9,"column":0},"end":{"line":20,"column":null}}},"fnMap":{},"branchMap":{},"s":{"0":459},"f":{},"b":{}}
,"/Users/wishula/superappnewest/superapp-mobile/superapp-admin-portal/src/theme.ts": {"path":"/Users/wishula/superappnewest/superapp-mobile/superapp-admin-portal/src/theme.ts","statementMap":{"0":{"start":{"line":13,"column":24},"end":{"line":191,"column":null}},"1":{"start":{"line":13,"column":62},"end":{"line":191,"column":null}},"2":{"start":{"line":193,"column":30},"end":{"line":195,"column":null}},"3":{"start":{"line":194,"column":2},"end":{"line":194,"column":null}}},"fnMap":{"0":{"name":"(anonymous_0)","decl":{"start":{"line":13,"column":24},"end":{"line":13,"column":25}},"loc":{"start":{"line":13,"column":62},"end":{"line":191,"column":null}}},"1":{"name":"(anonymous_1)","decl":{"start":{"line":193,"column":30},"end":{"line":193,"column":31}},"loc":{"start":{"line":193,"column":63},"end":{"line":195,"column":null}}}},"branchMap":{"0":{"loc":{"start":{"line":16,"column":8},"end":{"line":69,"column":null}},"type":"cond-expr","locations":[{"start":{"line":17,"column":8},"end":{"line":48,"column":null}},{"start":{"line":49,"column":8},"end":{"line":69,"column":null}}]},"1":{"loc":{"start":{"line":127,"column":29},"end":{"line":127,"column":null}},"type":"cond-expr","locations":[{"start":{"line":127,"column":48},"end":{"line":127,"column":60}},{"start":{"line":127,"column":60},"end":{"line":127,"column":null}}]},"2":{"loc":{"start":{"line":131,"column":29},"end":{"line":131,"column":null}},"type":"cond-expr","locations":[{"start":{"line":131,"column":48},"end":{"line":131,"column":60}},{"start":{"line":131,"column":60},"end":{"line":131,"column":null}}]},"3":{"loc":{"start":{"line":167,"column":18},"end":{"line":167,"column":null}},"type":"cond-expr","locations":[{"start":{"line":167,"column":37},"end":{"line":167,"column":59}},{"start":{"line":167,"column":59},"end":{"line":167,"column":null}}]},"4":{"loc":{"start":{"line":184,"column":12},"end":{"line":186,"column":null}},"type":"cond-expr","locations":[{"start":{"line":185,"column":16},"end":{"line":185,"column":null}},{"start":{"line":186,"column":16},"end":{"line":186,"column":null}}]},"5":{"loc":{"start":{"line":193,"column":31},"end":{"line":193,"column":63}},"type":"default-arg","locations":[{"start":{"line":193,"column":51},"end":{"line":193,"column":63}}]}},"s":{"0":459,"1":1170,"2":459,"3":1170},"f":{"0":1170,"1":1170},"b":{"0":[1150,20],"1":[1150,20],"2":[1150,20],"3":[1150,20],"4":[1150,20],"5":[0]}}
,"/Users/wishula/superappnewest/superapp-mobile/superapp-admin-portal/src/components/common/ConfirmDialog.tsx": {"path":"/Users/wishula/superappnewest/superapp-mobile/superapp-admin-portal/src/components/common/ConfirmDialog.tsx","statementMap":{"0":{"start":{"line":28,"column":22},"end":{"line":77,"column":2}},"1":{"start":{"line":37,"column":26},"end":{"line":37,"column":null}},"2":{"start":{"line":39,"column":46},"end":{"line":39,"column":null}},"3":{"start":{"line":40,"column":42},"end":{"line":40,"column":null}},"4":{"start":{"line":42,"column":2},"end":{"line":47,"column":null}},"5":{"start":{"line":43,"column":4},"end":{"line":46,"column":null}},"6":{"start":{"line":44,"column":6},"end":{"line":44,"column":null}},"7":{"start":{"line":45,"column":6},"end":{"line":45,"column":null}},"8":{"start":{"line":49,"column":2},"end":{"line":75,"column":null}},"9":{"start":{"line":77,"column":2},"end":{"line":28,"column":22}},"10":{"start":{"line":28,"column":19},"end":{"line":null,"column":-1}},"11":{"start":{"line":79,"column":29},"end":{"line":79,"column":null}}},"fnMap":{"0":{"name":"(anonymous_0)","decl":{"start":{"line":28,"column":22},"end":{"line":28,"column":23}},"loc":{"start":{"line":37,"column":26},"end":{"line":77,"column":2}}},"1":{"name":"(anonymous_1)","decl":{"start":{"line":42,"column":12},"end":{"line":42,"column":18}},"loc":{"start":{"line":42,"column":18},"end":{"line":47,"column":5}}}},"branchMap":{"0":{"loc":{"start":{"line":34,"column":2},"end":{"line":34,"column":null}},"type":"default-arg","locations":[{"start":{"line":34,"column":16},"end":{"line":34,"column":null}}]},"1":{"loc":{"start":{"line":35,"column":2},"end":{"line":35,"column":null}},"type":"default-arg","locations":[{"start":{"line":35,"column":15},"end":{"line":35,"column":null}}]},"2":{"loc":{"start":{"line":36,"column":2},"end":{"line":36,"column":null}},"type":"default-arg","locations":[{"start":{"line":36,"column":17},"end":{"line":36,"column":null}}]},"3":{"loc":{"start":{"line":43,"column":4},"end":{"line":46,"column":null}},"type":"if","locations":[{"start":{"line":43,"column":4},"end":{"line":46,"column":null}}]},"4":{"loc":{"start":{"line":43,"column":8},"end":{"line":43,"column":25}},"type":"binary-expr","locations":[{"start":{"line":43,"column":8},"end":{"line":43,"column":16}},{"start":{"line":43,"column":16},"end":{"line":43,"column":25}}]}},"s":{"0":459,"1":2356,"2":2356,"3":2356,"4":2356,"5":785,"6":10,"7":10,"8":2356,"9":459,"10":459,"11":459},"f":{"0":2356,"1":785},"b":{"0":[0],"1":[864],"2":[0],"3":[10],"4":[785,10]}}
,"/Users/wishula/superappnewest/superapp-mobile/superapp-admin-portal/src/components/common/Footer.tsx": {"path":"/Users/wishula/superappnewest/superapp-mobile/superapp-admin-portal/src/components/common/Footer.tsx","statementMap":{"0":{"start":{"line":3,"column":2},"end":{"line":26,"column":null}},"1":{"start":{"line":28,"column":1},"end":{"line":2,"column":30}},"2":{"start":{"line":2,"column":30},"end":{"line":2,"column":33}}},"fnMap":{"0":{"name":"Footer","decl":{"start":{"line":2,"column":24},"end":{"line":2,"column":30}},"loc":{"start":{"line":2,"column":33},"end":{"line":28,"column":1}}}},"branchMap":{},"s":{"0":4106,"1":459,"2":459},"f":{"0":4106},"b":{}}
,"/Users/wishula/superappnewest/superapp-mobile/superapp-admin-portal/src/components/common/Header.tsx": {"path":"/Users/wishula/superappnewest/superapp-mobile/superapp-admin-portal/src/components/common/Header.tsx","statementMap":{"0":{"start":{"line":23,"column":42},"end":{"line":28,"column":null}},"1":{"start":{"line":30,"column":33},"end":{"line":30,"column":null}},"2":{"start":{"line":31,"column":29},"end":{"line":31,"column":null}},"3":{"start":{"line":32,"column":31},"end":{"line":32,"column":null}},"4":{"start":{"line":33,"column":32},"end":{"line":33,"column":null}},"5":{"start":{"line":34,"column":19},"end":{"line":34,"column":null}},"6":{"start":{"line":35,"column":19},"end":{"line":35,"column":null}},"7":{"start":{"line":36,"column":34},"end":{"line":36,"column":null}},"8":{"start":{"line":38,"column":19},"end":{"line":38,"column":null}},"9":{"start":{"line":39,"column":22},"end":{"line":39,"column":null}},"10":{"start":{"line":40,"column":19},"end":{"line":40,"column":null}},"11":{"start":{"line":43,"column":23},"end":{"line":43,"column":null}},"12":{"start":{"line":44,"column":21},"end":{"line":44,"column":null}},"13":{"start":{"line":46,"column":25},"end":{"line":48,"column":null}},"14":{"start":{"line":47,"column":4},"end":{"line":47,"column":null}},"15":{"start":{"line":50,"column":26},"end":{"line":52,"column":null}},"16":{"start":{"line":51,"column":4},"end":{"line":51,"column":null}},"17":{"start":{"line":54,"column":23},"end":{"line":61,"column":null}},"18":{"start":{"line":55,"column":4},"end":{"line":55,"column":null}},"19":{"start":{"line":56,"column":4},"end":{"line":56,"column":null}},"20":{"start":{"line":58,"column":4},"end":{"line":60,"column":null}},"21":{"start":{"line":59,"column":6},"end":{"line":59,"column":null}},"22":{"start":{"line":63,"column":2},"end":{"line":207,"column":null}},"23":{"start":{"line":78,"column":27},"end":{"line":78,"column":null}},"24":{"start":{"line":98,"column":31},"end":{"line":98,"column":null}},"25":{"start":{"line":99,"column":33},"end":{"line":99,"column":null}},"26":{"start":{"line":100,"column":31},"end":{"line":100,"column":null}},"27":{"start":{"line":102,"column":18},"end":{"line":120,"column":null}},"28":{"start":{"line":114,"column":37},"end":{"line":114,"column":null}},"29":{"start":{"line":209,"column":1},"end":{"line":35,"column":31}},"30":{"start":{"line":30,"column":30},"end":{"line":35,"column":31}},"31":{"start":{"line":35,"column":30},"end":{"line":30,"column":30}},"32":{"start":{"line":30,"column":30},"end":{"line":30,"column":33}}},"fnMap":{"0":{"name":"Header","decl":{"start":{"line":30,"column":24},"end":{"line":30,"column":30}},"loc":{"start":{"line":30,"column":33},"end":{"line":209,"column":1}}},"1":{"name":"(anonymous_1)","decl":{"start":{"line":46,"column":25},"end":{"line":46,"column":26}},"loc":{"start":{"line":46,"column":67},"end":{"line":48,"column":null}}},"2":{"name":"(anonymous_2)","decl":{"start":{"line":50,"column":26},"end":{"line":50,"column":32}},"loc":{"start":{"line":50,"column":32},"end":{"line":52,"column":null}}},"3":{"name":"(anonymous_3)","decl":{"start":{"line":54,"column":23},"end":{"line":54,"column":35}},"loc":{"start":{"line":54,"column":35},"end":{"line":61,"column":null}}},"4":{"name":"(anonymous_4)","decl":{"start":{"line":58,"column":15},"end":{"line":58,"column":27}},"loc":{"start":{"line":58,"column":27},"end":{"line":60,"column":7}}},"5":{"name":"(anonymous_5)","decl":{"start":{"line":78,"column":21},"end":{"line":78,"column":27}},"loc":{"start":{"line":78,"column":27},"end":{"line":78,"column":null}}},"6":{"name":"(anonymous_6)","decl":{"start":{"line":97,"column":34},"end":{"line":97,"column":35}},"loc":{"start":{"line":97,"column":54},"end":{"line":122,"column":17}}},"7":{"name":"(anonymous_7)","decl":{"start":{"line":114,"column":31},"end":{"line":114,"column":37}},"loc":{"start":{"line":114,"column":37},"end":{"line":114,"column":null}}},"8":{"name":"(anonymous_8)","decl":{"start":{"line":30,"column":30},"end":{"line":30,"column":33}},"loc":{"start":{"line":30,"column":30},"end":{"line":35,"column":31}}}},"branchMap":{"0":{"loc":{"start":{"line":38,"column":19},"end":{"line":38,"column":null}},"type":"binary-expr","locations":[{"start":{"line":38,"column":19},"end":{"line":38,"column":34}},{"start":{"line":38,"column":34},"end":{"line":38,"column":null}}]},"1":{"loc":{"start":{"line":39,"column":22},"end":{"line":39,"column":null}},"type":"binary-expr","locations":[{"start":{"line":39,"column":22},"end":{"line":39,"column":48}},{"start":{"line":39,"column":48},"end":{"line":39,"column":null}}]},"2":{"loc":{"start":{"line":91,"column":11},"end":{"line":124,"column":null}},"type":"binary-expr","locations":[{"start":{"line":91,"column":11},"end":{"line":91,"column":null}},{"start":{"line":92,"column":12},"end":{"line":124,"column":null}}]},"3":{"loc":{"start":{"line":100,"column":31},"end":{"line":100,"column":null}},"type":"binary-expr","locations":[{"start":{"line":100,"column":31},"end":{"line":100,"column":53}},{"start":{"line":100,"column":53},"end":{"line":100,"column":null}}]},"4":{"loc":{"start":{"line":102,"column":25},"end":{"line":120,"column":null}},"type":"cond-expr","locations":[{"start":{"line":103,"column":20},"end":{"line":109,"column":null}},{"start":{"line":111,"column":20},"end":{"line":120,"column":null}}]},"5":{"loc":{"start":{"line":135,"column":13},"end":{"line":135,"column":null}},"type":"cond-expr","locations":[{"start":{"line":135,"column":31},"end":{"line":135,"column":53}},{"start":{"line":135,"column":53},"end":{"line":135,"column":null}}]},"6":{"loc":{"start":{"line":178,"column":29},"end":{"line":180,"column":null}},"type":"cond-expr","locations":[{"start":{"line":179,"column":22},"end":{"line":179,"column":null}},{"start":{"line":180,"column":22},"end":{"line":180,"column":null}}]}},"s":{"0":459,"1":4106,"2":4106,"3":4106,"4":4106,"5":4106,"6":4106,"7":4106,"8":4106,"9":4106,"10":4106,"11":4106,"12":4106,"13":4106,"14":0,"15":4106,"16":0,"17":4106,"18":0,"19":0,"20":0,"21":0,"22":4106,"23":0,"24":1540,"25":1540,"26":1540,"27":1540,"28":0,"29":459,"30":359,"31":459,"32":459},"f":{"0":4106,"1":0,"2":0,"3":0,"4":0,"5":0,"6":1540,"7":0,"8":359},"b":{"0":[4106,0],"1":[4106,0],"2":[4106,1540],"3":[1540,96],"4":[1540,0],"5":[54,4052],"6":[0,4106]}}
,"/Users/wishula/superappnewest/superapp-mobile/superapp-admin-portal/src/components/common/Loading.tsx": {"path":"/Users/wishula/superappnewest/superapp-mobile/superapp-admin-portal/src/components/common/Loading.tsx","statementMap":{"0":{"start":{"line":10,"column":2},"end":{"line":20,"column":null}},"1":{"start":{"line":22,"column":1},"end":{"line":9,"column":31}},"2":{"start":{"line":9,"column":31},"end":{"line":9,"column":34}}},"fnMap":{"0":{"name":"Loading","decl":{"start":{"line":9,"column":24},"end":{"line":9,"column":31}},"loc":{"start":{"line":9,"column":34},"end":{"line":22,"column":1}}}},"branchMap":{},"s":{"0":200,"1":459,"2":459},"f":{"0":200},"b":{}}
,"/Users/wishula/superappnewest/superapp-mobile/superapp-admin-portal/src/components/layout/Layout.tsx": {"path":"/Users/wishula/superappnewest/superapp-mobile/superapp-admin-portal/src/components/layout/Layout.tsx","statementMap":{"0":{"start":{"line":20,"column":58},"end":{"line":20,"column":null}},"1":{"start":{"line":21,"column":19},"end":{"line":21,"column":null}},"2":{"start":{"line":22,"column":20},"end":{"line":37,"column":null}},"3":{"start":{"line":40,"column":2},"end":{"line":97,"column":null}},"4":{"start":{"line":73,"column":25},"end":{"line":73,"column":null}},"5":{"start":{"line":83,"column":12},"end":{"line":86,"column":null}},"6":{"start":{"line":83,"column":59},"end":{"line":83,"column":null}},"7":{"start":{"line":99,"column":1},"end":{"line":21,"column":31}},"8":{"start":{"line":20,"column":30},"end":{"line":21,"column":31}},"9":{"start":{"line":21,"column":30},"end":{"line":20,"column":30}},"10":{"start":{"line":20,"column":30},"end":{"line":20,"column":31}}},"fnMap":{"0":{"name":"Layout","decl":{"start":{"line":20,"column":24},"end":{"line":20,"column":30}},"loc":{"start":{"line":20,"column":58},"end":{"line":99,"column":1}}},"1":{"name":"(anonymous_1)","decl":{"start":{"line":73,"column":19},"end":{"line":73,"column":25}},"loc":{"start":{"line":73,"column":25},"end":{"line":73,"column":null}}},"2":{"name":"(anonymous_2)","decl":{"start":{"line":82,"column":25},"end":{"line":82,"column":26}},"loc":{"start":{"line":83,"column":12},"end":{"line":86,"column":null}}},"3":{"name":"(anonymous_3)","decl":{"start":{"line":83,"column":53},"end":{"line":83,"column":59}},"loc":{"start":{"line":83,"column":59},"end":{"line":83,"column":null}}},"4":{"name":"(anonymous_4)","decl":{"start":{"line":20,"column":30},"end":{"line":20,"column":31}},"loc":{"start":{"line":20,"column":30},"end":{"line":21,"column":31}}}},"branchMap":{},"s":{"0":4106,"1":4106,"2":4106,"3":4106,"4":0,"5":12318,"6":40,"7":459,"8":359,"9":459,"10":459},"f":{"0":4106,"1":0,"2":12318,"3":40,"4":359},"b":{}}
,"/Users/wishula/superappnewest/superapp-mobile/superapp-admin-portal/src/components/ui/AddMicroAppDialog.tsx": {"path":"/Users/wishula/superappnewest/superapp-mobile/superapp-admin-portal/src/components/ui/AddMicroAppDialog.tsx","statementMap":{"0":{"start":{"line":38,"column":14},"end":{"line":43,"column":null}},"1":{"start":{"line":46,"column":26},"end":{"line":925,"column":2}},"2":{"start":{"line":50,"column":30},"end":{"line":50,"column":null}},"3":{"start":{"line":51,"column":17},"end":{"line":51,"column":null}},"4":{"start":{"line":52,"column":38},"end":{"line":52,"column":null}},"5":{"start":{"line":53,"column":32},"end":{"line":53,"column":null}},"6":{"start":{"line":54,"column":46},"end":{"line":58,"column":null}},"7":{"start":{"line":59,"column":42},"end":{"line":63,"column":null}},"8":{"start":{"line":64,"column":31},"end":{"line":64,"column":null}},"9":{"start":{"line":67,"column":34},"end":{"line":83,"column":null}},"10":{"start":{"line":85,"column":32},"end":{"line":85,"column":null}},"11":{"start":{"line":86,"column":30},"end":{"line":86,"column":null}},"12":{"start":{"line":88,"column":24},"end":{"line":103,"column":null}},"13":{"start":{"line":89,"column":4},"end":{"line":102,"column":null}},"14":{"start":{"line":91,"column":8},"end":{"line":91,"column":null}},"15":{"start":{"line":94,"column":2},"end":{"line":94,"column":null}},"16":{"start":{"line":97,"column":2},"end":{"line":97,"column":null}},"17":{"start":{"line":99,"column":8},"end":{"line":99,"column":null}},"18":{"start":{"line":101,"column":8},"end":{"line":101,"column":null}},"19":{"start":{"line":105,"column":21},"end":{"line":193,"column":null}},"20":{"start":{"line":106,"column":2},"end":{"line":108,"column":null}},"21":{"start":{"line":107,"column":6},"end":{"line":107,"column":null}},"22":{"start":{"line":111,"column":4},"end":{"line":190,"column":null}},"23":{"start":{"line":112,"column":6},"end":{"line":121,"column":null}},"24":{"start":{"line":113,"column":8},"end":{"line":117,"column":null}},"25":{"start":{"line":113,"column":31},"end":{"line":117,"column":10}},"26":{"start":{"line":118,"column":8},"end":{"line":118,"column":null}},"27":{"start":{"line":119,"column":8},"end":{"line":119,"column":null}},"28":{"start":{"line":119,"column":32},"end":{"line":119,"column":40}},"29":{"start":{"line":120,"column":8},"end":{"line":120,"column":null}},"30":{"start":{"line":123,"column":6},"end":{"line":152,"column":null}},"31":{"start":{"line":124,"column":8},"end":{"line":124,"column":null}},"32":{"start":{"line":126,"column":8},"end":{"line":129,"column":null}},"33":{"start":{"line":127,"column":10},"end":{"line":127,"column":null}},"34":{"start":{"line":128,"column":10},"end":{"line":128,"column":null}},"35":{"start":{"line":131,"column":8},"end":{"line":134,"column":null}},"36":{"start":{"line":132,"column":10},"end":{"line":132,"column":null}},"37":{"start":{"line":133,"column":10},"end":{"line":133,"column":null}},"38":{"start":{"line":136,"column":8},"end":{"line":140,"column":null}},"39":{"start":{"line":136,"column":35},"end":{"line":140,"column":10}},"40":{"start":{"line":141,"column":8},"end":{"line":141,"column":null}},"41":{"start":{"line":143,"column":8},"end":{"line":143,"column":null}},"42":{"start":{"line":144,"column":8},"end":{"line":147,"column":null}},"43":{"start":{"line":148,"column":8},"end":{"line":148,"column":null}},"44":{"start":{"line":149,"column":8},"end":{"line":149,"column":null}},"45":{"start":{"line":151,"column":8},"end":{"line":151,"column":null}},"46":{"start":{"line":153,"column":2},"end":{"line":190,"column":null}},"47":{"start":{"line":154,"column":6},"end":{"line":162,"column":null}},"48":{"start":{"line":155,"column":8},"end":{"line":158,"column":null}},"49":{"start":{"line":155,"column":31},"end":{"line":158,"column":10}},"50":{"start":{"line":159,"column":8},"end":{"line":159,"column":null}},"51":{"start":{"line":160,"column":8},"end":{"line":160,"column":null}},"52":{"start":{"line":160,"column":32},"end":{"line":160,"column":40}},"53":{"start":{"line":161,"column":8},"end":{"line":161,"column":null}},"54":{"start":{"line":164,"column":6},"end":{"line":186,"column":null}},"55":{"start":{"line":165,"column":8},"end":{"line":165,"column":null}},"56":{"start":{"line":167,"column":8},"end":{"line":170,"column":null}},"57":{"start":{"line":168,"column":10},"end":{"line":168,"column":null}},"58":{"start":{"line":169,"column":10},"end":{"line":169,"column":null}},"59":{"start":{"line":172,"column":8},"end":{"line":172,"column":null}},"60":{"start":{"line":172,"column":35},"end":{"line":172,"column":63}},"61":{"start":{"line":173,"column":8},"end":{"line":173,"column":null}},"62":{"start":{"line":175,"column":8},"end":{"line":175,"column":null}},"63":{"start":{"line":176,"column":8},"end":{"line":181,"column":null}},"64":{"start":{"line":182,"column":8},"end":{"line":182,"column":null}},"65":{"start":{"line":183,"column":8},"end":{"line":183,"column":null}},"66":{"start":{"line":185,"column":8},"end":{"line":185,"column":null}},"67":{"start":{"line":187,"column":4},"end":{"line":190,"column":null}},"68":{"start":{"line":189,"column":6},"end":{"line":189,"column":null}},"69":{"start":{"line":189,"column":28},"end":{"line":189,"column":null}},"70":{"start":{"line":192,"column":4},"end":{"line":192,"column":null}},"71":{"start":{"line":192,"column":28},"end":{"line":192,"column":36}},"72":{"start":{"line":195,"column":21},"end":{"line":197,"column":null}},"73":{"start":{"line":196,"column":4},"end":{"line":196,"column":null}},"74":{"start":{"line":196,"column":28},"end":{"line":196,"column":36}},"75":{"start":{"line":199,"column":22},"end":{"line":220,"column":null}},"76":{"start":{"line":200,"column":4},"end":{"line":200,"column":null}},"77":{"start":{"line":201,"column":4},"end":{"line":217,"column":null}},"78":{"start":{"line":218,"column":4},"end":{"line":218,"column":null}},"79":{"start":{"line":219,"column":4},"end":{"line":219,"column":null}},"80":{"start":{"line":222,"column":23},"end":{"line":257,"column":null}},"81":{"start":{"line":223,"column":46},"end":{"line":223,"column":null}},"82":{"start":{"line":225,"column":4},"end":{"line":253,"column":null}},"83":{"start":{"line":227,"column":8},"end":{"line":227,"column":null}},"84":{"start":{"line":227,"column":36},"end":{"line":227,"column":null}},"85":{"start":{"line":228,"column":8},"end":{"line":228,"column":null}},"86":{"start":{"line":228,"column":35},"end":{"line":228,"column":null}},"87":{"start":{"line":229,"column":8},"end":{"line":230,"column":null}},"88":{"start":{"line":230,"column":10},"end":{"line":230,"column":null}},"89":{"start":{"line":231,"column":8},"end":{"line":231,"column":null}},"90":{"start":{"line":233,"column":8},"end":{"line":236,"column":null}},"91":{"start":{"line":234,"column":10},"end":{"line":235,"column":null}},"92":{"start":{"line":235,"column":12},"end":{"line":235,"column":null}},"93":{"start":{"line":238,"column":8},"end":{"line":238,"column":null}},"94":{"start":{"line":240,"column":8},"end":{"line":241,"column":null}},"95":{"start":{"line":241,"column":10},"end":{"line":241,"column":null}},"96":{"start":{"line":242,"column":8},"end":{"line":243,"column":null}},"97":{"start":{"line":243,"column":10},"end":{"line":243,"column":null}},"98":{"start":{"line":244,"column":8},"end":{"line":247,"column":null}},"99":{"start":{"line":245,"column":10},"end":{"line":246,"column":null}},"100":{"start":{"line":246,"column":12},"end":{"line":246,"column":null}},"101":{"start":{"line":248,"column":8},"end":{"line":248,"column":null}},"102":{"start":{"line":250,"column":8},"end":{"line":251,"column":null}},"103":{"start":{"line":251,"column":10},"end":{"line":251,"column":null}},"104":{"start":{"line":252,"column":8},"end":{"line":252,"column":null}},"105":{"start":{"line":255,"column":4},"end":{"line":255,"column":null}},"106":{"start":{"line":256,"column":4},"end":{"line":256,"column":null}},"107":{"start":{"line":259,"column":21},"end":{"line":299,"column":null}},"108":{"start":{"line":260,"column":4},"end":{"line":298,"column":null}},"109":{"start":{"line":261,"column":6},"end":{"line":261,"column":null}},"110":{"start":{"line":261,"column":35},"end":{"line":261,"column":58}},"111":{"start":{"line":263,"column":17},"end":{"line":263,"column":null}},"112":{"start":{"line":265,"column":6},"end":{"line":265,"column":null}},"113":{"start":{"line":265,"column":35},"end":{"line":265,"column":60}},"114":{"start":{"line":268,"column":6},"end":{"line":281,"column":null}},"115":{"start":{"line":269,"column":8},"end":{"line":273,"column":null}},"116":{"start":{"line":269,"column":31},"end":{"line":273,"column":10}},"117":{"start":{"line":274,"column":6},"end":{"line":281,"column":null}},"118":{"start":{"line":275,"column":8},"end":{"line":275,"column":null}},"119":{"start":{"line":275,"column":31},"end":{"line":275,"column":71}},"120":{"start":{"line":276,"column":6},"end":{"line":281,"column":null}},"121":{"start":{"line":277,"column":8},"end":{"line":280,"column":null}},"122":{"start":{"line":277,"column":31},"end":{"line":280,"column":10}},"123":{"start":{"line":283,"column":6},"end":{"line":289,"column":null}},"124":{"start":{"line":284,"column":8},"end":{"line":288,"column":null}},"125":{"start":{"line":285,"column":30},"end":{"line":285,"column":null}},"126":{"start":{"line":286,"column":10},"end":{"line":286,"column":null}},"127":{"start":{"line":287,"column":10},"end":{"line":287,"column":null}},"128":{"start":{"line":291,"column":6},"end":{"line":291,"column":null}},"129":{"start":{"line":292,"column":6},"end":{"line":296,"column":null}},"130":{"start":{"line":293,"column":28},"end":{"line":293,"column":null}},"131":{"start":{"line":294,"column":8},"end":{"line":294,"column":null}},"132":{"start":{"line":295,"column":8},"end":{"line":295,"column":null}},"133":{"start":{"line":297,"column":6},"end":{"line":297,"column":null}},"134":{"start":{"line":301,"column":27},"end":{"line":328,"column":null}},"135":{"start":{"line":305,"column":4},"end":{"line":327,"column":null}},"136":{"start":{"line":307,"column":6},"end":{"line":314,"column":null}},"137":{"start":{"line":308,"column":27},"end":{"line":308,"column":null}},"138":{"start":{"line":310,"column":8},"end":{"line":313,"column":null}},"139":{"start":{"line":311,"column":10},"end":{"line":311,"column":null}},"140":{"start":{"line":312,"column":10},"end":{"line":312,"column":null}},"141":{"start":{"line":316,"column":6},"end":{"line":316,"column":null}},"142":{"start":{"line":316,"column":33},"end":{"line":316,"column":59}},"143":{"start":{"line":317,"column":6},"end":{"line":320,"column":null}},"144":{"start":{"line":322,"column":6},"end":{"line":326,"column":null}},"145":{"start":{"line":323,"column":25},"end":{"line":323,"column":null}},"146":{"start":{"line":324,"column":8},"end":{"line":324,"column":null}},"147":{"start":{"line":325,"column":8},"end":{"line":325,"column":null}},"148":{"start":{"line":330,"column":24},"end":{"line":344,"column":null}},"149":{"start":{"line":331,"column":4},"end":{"line":343,"column":null}},"150":{"start":{"line":332,"column":6},"end":{"line":335,"column":null}},"151":{"start":{"line":332,"column":29},"end":{"line":335,"column":8}},"152":{"start":{"line":336,"column":6},"end":{"line":341,"column":null}},"153":{"start":{"line":337,"column":8},"end":{"line":340,"column":null}},"154":{"start":{"line":338,"column":37},"end":{"line":338,"column":null}},"155":{"start":{"line":339,"column":10},"end":{"line":339,"column":null}},"156":{"start":{"line":342,"column":6},"end":{"line":342,"column":null}},"157":{"start":{"line":346,"column":27},"end":{"line":351,"column":null}},"158":{"start":{"line":347,"column":4},"end":{"line":350,"column":null}},"159":{"start":{"line":347,"column":27},"end":{"line":350,"column":6}},"160":{"start":{"line":349,"column":38},"end":{"line":349,"column":48}},"161":{"start":{"line":353,"column":23},"end":{"line":394,"column":null}},"162":{"start":{"line":354,"column":4},"end":{"line":354,"column":null}},"163":{"start":{"line":354,"column":35},"end":{"line":354,"column":null}},"164":{"start":{"line":356,"column":4},"end":{"line":393,"column":null}},"165":{"start":{"line":357,"column":6},"end":{"line":357,"column":null}},"166":{"start":{"line":359,"column":33},"end":{"line":369,"column":null}},"167":{"start":{"line":368,"column":45},"end":{"line":368,"column":54}},"168":{"start":{"line":371,"column":6},"end":{"line":371,"column":null}},"169":{"start":{"line":372,"column":6},"end":{"line":372,"column":null}},"170":{"start":{"line":373,"column":6},"end":{"line":373,"column":null}},"171":{"start":{"line":374,"column":6},"end":{"line":374,"column":null}},"172":{"start":{"line":376,"column":6},"end":{"line":376,"column":null}},"173":{"start":{"line":378,"column":6},"end":{"line":390,"column":null}},"174":{"start":{"line":379,"column":30},"end":{"line":379,"column":null}},"175":{"start":{"line":381,"column":47},"end":{"line":381,"column":null}},"176":{"start":{"line":382,"column":8},"end":{"line":382,"column":null}},"177":{"start":{"line":382,"column":34},"end":{"line":382,"column":null}},"178":{"start":{"line":383,"column":8},"end":{"line":383,"column":null}},"179":{"start":{"line":383,"column":31},"end":{"line":383,"column":null}},"180":{"start":{"line":384,"column":8},"end":{"line":384,"column":null}},"181":{"start":{"line":386,"column":8},"end":{"line":389,"column":null}},"182":{"start":{"line":392,"column":6},"end":{"line":392,"column":null}},"183":{"start":{"line":396,"column":28},"end":{"line":880,"column":null}},"184":{"start":{"line":397,"column":4},"end":{"line":879,"column":null}},"185":{"start":{"line":399,"column":8},"end":{"line":483,"column":null}},"186":{"start":{"line":406,"column":16},"end":{"line":406,"column":null}},"187":{"start":{"line":406,"column":39},"end":{"line":406,"column":74}},"188":{"start":{"line":407,"column":16},"end":{"line":407,"column":null}},"189":{"start":{"line":407,"column":34},"end":{"line":407,"column":null}},"190":{"start":{"line":407,"column":83},"end":{"line":407,"column":89}},"191":{"start":{"line":407,"column":89},"end":{"line":407,"column":102}},"192":{"start":{"line":421,"column":16},"end":{"line":421,"column":null}},"193":{"start":{"line":421,"column":39},"end":{"line":421,"column":73}},"194":{"start":{"line":422,"column":16},"end":{"line":422,"column":null}},"195":{"start":{"line":422,"column":33},"end":{"line":422,"column":null}},"196":{"start":{"line":422,"column":81},"end":{"line":422,"column":87}},"197":{"start":{"line":422,"column":87},"end":{"line":422,"column":100}},"198":{"start":{"line":444,"column":16},"end":{"line":447,"column":null}},"199":{"start":{"line":444,"column":39},"end":{"line":447,"column":18}},"200":{"start":{"line":448,"column":16},"end":{"line":448,"column":null}},"201":{"start":{"line":448,"column":40},"end":{"line":448,"column":null}},"202":{"start":{"line":448,"column":95},"end":{"line":448,"column":101}},"203":{"start":{"line":448,"column":101},"end":{"line":448,"column":114}},"204":{"start":{"line":462,"column":16},"end":{"line":462,"column":null}},"205":{"start":{"line":462,"column":39},"end":{"line":462,"column":78}},"206":{"start":{"line":474,"column":20},"end":{"line":477,"column":null}},"207":{"start":{"line":474,"column":43},"end":{"line":477,"column":22}},"208":{"start":{"line":487,"column":8},"end":{"line":626,"column":null}},"209":{"start":{"line":515,"column":35},"end":{"line":515,"column":null}},"210":{"start":{"line":516,"column":22},"end":{"line":516,"column":null}},"211":{"start":{"line":526,"column":36},"end":{"line":526,"column":67}},"212":{"start":{"line":535,"column":22},"end":{"line":535,"column":null}},"213":{"start":{"line":535,"column":45},"end":{"line":535,"column":70}},"214":{"start":{"line":584,"column":35},"end":{"line":584,"column":null}},"215":{"start":{"line":585,"column":22},"end":{"line":585,"column":null}},"216":{"start":{"line":595,"column":36},"end":{"line":595,"column":69}},"217":{"start":{"line":604,"column":22},"end":{"line":604,"column":null}},"218":{"start":{"line":604,"column":45},"end":{"line":604,"column":77}},"219":{"start":{"line":630,"column":8},"end":{"line":759,"column":null}},"220":{"start":{"line":637,"column":16},"end":{"line":640,"column":null}},"221":{"start":{"line":637,"column":39},"end":{"line":640,"column":18}},"222":{"start":{"line":641,"column":16},"end":{"line":641,"column":null}},"223":{"start":{"line":641,"column":36},"end":{"line":641,"column":null}},"224":{"start":{"line":641,"column":87},"end":{"line":641,"column":93}},"225":{"start":{"line":641,"column":93},"end":{"line":641,"column":106}},"226":{"start":{"line":664,"column":16},"end":{"line":670,"column":null}},"227":{"start":{"line":664,"column":39},"end":{"line":670,"column":18}},"228":{"start":{"line":680,"column":16},"end":{"line":683,"column":null}},"229":{"start":{"line":680,"column":39},"end":{"line":683,"column":18}},"230":{"start":{"line":684,"column":16},"end":{"line":684,"column":null}},"231":{"start":{"line":684,"column":41},"end":{"line":684,"column":null}},"232":{"start":{"line":684,"column":97},"end":{"line":684,"column":103}},"233":{"start":{"line":684,"column":103},"end":{"line":684,"column":116}},"234":{"start":{"line":714,"column":35},"end":{"line":714,"column":null}},"235":{"start":{"line":715,"column":22},"end":{"line":715,"column":null}},"236":{"start":{"line":725,"column":36},"end":{"line":725,"column":66}},"237":{"start":{"line":734,"column":22},"end":{"line":737,"column":null}},"238":{"start":{"line":734,"column":45},"end":{"line":737,"column":24}},"239":{"start":{"line":763,"column":8},"end":{"line":814,"column":null}},"240":{"start":{"line":773,"column":33},"end":{"line":773,"column":null}},"241":{"start":{"line":775,"column":18},"end":{"line":778,"column":null}},"242":{"start":{"line":776,"column":20},"end":{"line":776,"column":null}},"243":{"start":{"line":777,"column":20},"end":{"line":777,"column":null}},"244":{"start":{"line":796,"column":16},"end":{"line":801,"column":null}},"245":{"start":{"line":799,"column":34},"end":{"line":799,"column":null}},"246":{"start":{"line":818,"column":8},"end":{"line":874,"column":null}},"247":{"start":{"line":864,"column":18},"end":{"line":869,"column":null}},"248":{"start":{"line":878,"column":8},"end":{"line":878,"column":null}},"249":{"start":{"line":882,"column":2},"end":{"line":923,"column":null}},"250":{"start":{"line":896,"column":12},"end":{"line":898,"column":null}},"251":{"start":{"line":925,"column":2},"end":{"line":64,"column":47}},"252":{"start":{"line":46,"column":23},"end":{"line":64,"column":47}},"253":{"start":{"line":64,"column":46},"end":{"line":46,"column":23}},"254":{"start":{"line":927,"column":33},"end":{"line":927,"column":null}}},"fnMap":{"0":{"name":"(anonymous_0)","decl":{"start":{"line":46,"column":26},"end":{"line":46,"column":27}},"loc":{"start":{"line":50,"column":30},"end":{"line":925,"column":2}}},"1":{"name":"(anonymous_1)","decl":{"start":{"line":88,"column":24},"end":{"line":88,"column":25}},"loc":{"start":{"line":88,"column":51},"end":{"line":103,"column":null}}},"2":{"name":"(anonymous_2)","decl":{"start":{"line":105,"column":21},"end":{"line":105,"column":33}},"loc":{"start":{"line":105,"column":33},"end":{"line":193,"column":null}}},"3":{"name":"(anonymous_3)","decl":{"start":{"line":113,"column":20},"end":{"line":113,"column":21}},"loc":{"start":{"line":113,"column":31},"end":{"line":117,"column":10}}},"4":{"name":"(anonymous_4)","decl":{"start":{"line":119,"column":22},"end":{"line":119,"column":23}},"loc":{"start":{"line":119,"column":32},"end":{"line":119,"column":40}}},"5":{"name":"(anonymous_5)","decl":{"start":{"line":136,"column":24},"end":{"line":136,"column":25}},"loc":{"start":{"line":136,"column":35},"end":{"line":140,"column":10}}},"6":{"name":"(anonymous_6)","decl":{"start":{"line":155,"column":20},"end":{"line":155,"column":21}},"loc":{"start":{"line":155,"column":31},"end":{"line":158,"column":10}}},"7":{"name":"(anonymous_7)","decl":{"start":{"line":160,"column":22},"end":{"line":160,"column":23}},"loc":{"start":{"line":160,"column":32},"end":{"line":160,"column":40}}},"8":{"name":"(anonymous_8)","decl":{"start":{"line":172,"column":24},"end":{"line":172,"column":25}},"loc":{"start":{"line":172,"column":35},"end":{"line":172,"column":63}}},"9":{"name":"(anonymous_9)","decl":{"start":{"line":192,"column":18},"end":{"line":192,"column":19}},"loc":{"start":{"line":192,"column":28},"end":{"line":192,"column":36}}},"10":{"name":"(anonymous_10)","decl":{"start":{"line":195,"column":21},"end":{"line":195,"column":27}},"loc":{"start":{"line":195,"column":27},"end":{"line":197,"column":null}}},"11":{"name":"(anonymous_11)","decl":{"start":{"line":196,"column":18},"end":{"line":196,"column":19}},"loc":{"start":{"line":196,"column":28},"end":{"line":196,"column":36}}},"12":{"name":"(anonymous_12)","decl":{"start":{"line":199,"column":22},"end":{"line":199,"column":28}},"loc":{"start":{"line":199,"column":28},"end":{"line":220,"column":null}}},"13":{"name":"(anonymous_13)","decl":{"start":{"line":222,"column":23},"end":{"line":222,"column":24}},"loc":{"start":{"line":222,"column":50},"end":{"line":257,"column":null}}},"14":{"name":"(anonymous_14)","decl":{"start":{"line":259,"column":21},"end":{"line":259,"column":28}},"loc":{"start":{"line":259,"column":76},"end":{"line":299,"column":null}}},"15":{"name":"(anonymous_15)","decl":{"start":{"line":261,"column":24},"end":{"line":261,"column":25}},"loc":{"start":{"line":261,"column":35},"end":{"line":261,"column":58}}},"16":{"name":"(anonymous_16)","decl":{"start":{"line":265,"column":24},"end":{"line":265,"column":25}},"loc":{"start":{"line":265,"column":35},"end":{"line":265,"column":60}}},"17":{"name":"(anonymous_17)","decl":{"start":{"line":269,"column":20},"end":{"line":269,"column":21}},"loc":{"start":{"line":269,"column":31},"end":{"line":273,"column":10}}},"18":{"name":"(anonymous_18)","decl":{"start":{"line":275,"column":20},"end":{"line":275,"column":21}},"loc":{"start":{"line":275,"column":31},"end":{"line":275,"column":71}}},"19":{"name":"(anonymous_19)","decl":{"start":{"line":277,"column":20},"end":{"line":277,"column":21}},"loc":{"start":{"line":277,"column":31},"end":{"line":280,"column":10}}},"20":{"name":"(anonymous_20)","decl":{"start":{"line":283,"column":17},"end":{"line":283,"column":23}},"loc":{"start":{"line":283,"column":23},"end":{"line":289,"column":9}}},"21":{"name":"(anonymous_21)","decl":{"start":{"line":284,"column":26},"end":{"line":284,"column":27}},"loc":{"start":{"line":284,"column":36},"end":{"line":288,"column":9}}},"22":{"name":"(anonymous_22)","decl":{"start":{"line":292,"column":24},"end":{"line":292,"column":25}},"loc":{"start":{"line":292,"column":34},"end":{"line":296,"column":7}}},"23":{"name":"(anonymous_23)","decl":{"start":{"line":301,"column":27},"end":{"line":301,"column":null}},"loc":{"start":{"line":304,"column":7},"end":{"line":328,"column":null}}},"24":{"name":"(anonymous_24)","decl":{"start":{"line":316,"column":22},"end":{"line":316,"column":23}},"loc":{"start":{"line":316,"column":33},"end":{"line":316,"column":59}}},"25":{"name":"(anonymous_25)","decl":{"start":{"line":322,"column":22},"end":{"line":322,"column":23}},"loc":{"start":{"line":322,"column":32},"end":{"line":326,"column":7}}},"26":{"name":"(anonymous_26)","decl":{"start":{"line":330,"column":24},"end":{"line":330,"column":30}},"loc":{"start":{"line":330,"column":30},"end":{"line":344,"column":null}}},"27":{"name":"(anonymous_27)","decl":{"start":{"line":332,"column":18},"end":{"line":332,"column":19}},"loc":{"start":{"line":332,"column":29},"end":{"line":335,"column":8}}},"28":{"name":"(anonymous_28)","decl":{"start":{"line":337,"column":18},"end":{"line":337,"column":19}},"loc":{"start":{"line":337,"column":28},"end":{"line":340,"column":9}}},"29":{"name":"(anonymous_29)","decl":{"start":{"line":346,"column":27},"end":{"line":346,"column":28}},"loc":{"start":{"line":346,"column":45},"end":{"line":351,"column":null}}},"30":{"name":"(anonymous_30)","decl":{"start":{"line":347,"column":16},"end":{"line":347,"column":17}},"loc":{"start":{"line":347,"column":27},"end":{"line":350,"column":6}}},"31":{"name":"(anonymous_31)","decl":{"start":{"line":349,"column":31},"end":{"line":349,"column":32}},"loc":{"start":{"line":349,"column":38},"end":{"line":349,"column":48}}},"32":{"name":"(anonymous_32)","decl":{"start":{"line":353,"column":23},"end":{"line":353,"column":35}},"loc":{"start":{"line":353,"column":35},"end":{"line":394,"column":null}}},"33":{"name":"(anonymous_33)","decl":{"start":{"line":368,"column":34},"end":{"line":368,"column":35}},"loc":{"start":{"line":368,"column":45},"end":{"line":368,"column":54}}},"34":{"name":"(anonymous_34)","decl":{"start":{"line":396,"column":28},"end":{"line":396,"column":34}},"loc":{"start":{"line":396,"column":34},"end":{"line":880,"column":null}}},"35":{"name":"(anonymous_35)","decl":{"start":{"line":405,"column":24},"end":{"line":405,"column":25}},"loc":{"start":{"line":405,"column":31},"end":{"line":408,"column":null}}},"36":{"name":"(anonymous_36)","decl":{"start":{"line":406,"column":28},"end":{"line":406,"column":29}},"loc":{"start":{"line":406,"column":39},"end":{"line":406,"column":74}}},"37":{"name":"(anonymous_37)","decl":{"start":{"line":407,"column":44},"end":{"line":407,"column":45}},"loc":{"start":{"line":407,"column":54},"end":{"line":407,"column":103}}},"38":{"name":"(anonymous_38)","decl":{"start":{"line":420,"column":24},"end":{"line":420,"column":25}},"loc":{"start":{"line":420,"column":31},"end":{"line":423,"column":null}}},"39":{"name":"(anonymous_39)","decl":{"start":{"line":421,"column":28},"end":{"line":421,"column":29}},"loc":{"start":{"line":421,"column":39},"end":{"line":421,"column":73}}},"40":{"name":"(anonymous_40)","decl":{"start":{"line":422,"column":43},"end":{"line":422,"column":44}},"loc":{"start":{"line":422,"column":53},"end":{"line":422,"column":101}}},"41":{"name":"(anonymous_41)","decl":{"start":{"line":443,"column":24},"end":{"line":443,"column":25}},"loc":{"start":{"line":443,"column":31},"end":{"line":449,"column":null}}},"42":{"name":"(anonymous_42)","decl":{"start":{"line":444,"column":28},"end":{"line":444,"column":29}},"loc":{"start":{"line":444,"column":39},"end":{"line":447,"column":18}}},"43":{"name":"(anonymous_43)","decl":{"start":{"line":448,"column":50},"end":{"line":448,"column":51}},"loc":{"start":{"line":448,"column":60},"end":{"line":448,"column":115}}},"44":{"name":"(anonymous_44)","decl":{"start":{"line":461,"column":24},"end":{"line":461,"column":25}},"loc":{"start":{"line":462,"column":16},"end":{"line":462,"column":null}}},"45":{"name":"(anonymous_45)","decl":{"start":{"line":462,"column":28},"end":{"line":462,"column":29}},"loc":{"start":{"line":462,"column":39},"end":{"line":462,"column":78}}},"46":{"name":"(anonymous_46)","decl":{"start":{"line":473,"column":28},"end":{"line":473,"column":29}},"loc":{"start":{"line":474,"column":20},"end":{"line":477,"column":null}}},"47":{"name":"(anonymous_47)","decl":{"start":{"line":474,"column":32},"end":{"line":474,"column":33}},"loc":{"start":{"line":474,"column":43},"end":{"line":477,"column":22}}},"48":{"name":"(anonymous_48)","decl":{"start":{"line":514,"column":30},"end":{"line":514,"column":31}},"loc":{"start":{"line":514,"column":37},"end":{"line":517,"column":null}}},"49":{"name":"(anonymous_49)","decl":{"start":{"line":526,"column":30},"end":{"line":526,"column":36}},"loc":{"start":{"line":526,"column":36},"end":{"line":526,"column":67}}},"50":{"name":"(anonymous_50)","decl":{"start":{"line":534,"column":30},"end":{"line":534,"column":null}},"loc":{"start":{"line":535,"column":22},"end":{"line":535,"column":null}}},"51":{"name":"(anonymous_51)","decl":{"start":{"line":535,"column":34},"end":{"line":535,"column":35}},"loc":{"start":{"line":535,"column":45},"end":{"line":535,"column":70}}},"52":{"name":"(anonymous_52)","decl":{"start":{"line":583,"column":30},"end":{"line":583,"column":31}},"loc":{"start":{"line":583,"column":37},"end":{"line":586,"column":null}}},"53":{"name":"(anonymous_53)","decl":{"start":{"line":595,"column":30},"end":{"line":595,"column":36}},"loc":{"start":{"line":595,"column":36},"end":{"line":595,"column":69}}},"54":{"name":"(anonymous_54)","decl":{"start":{"line":603,"column":30},"end":{"line":603,"column":null}},"loc":{"start":{"line":604,"column":22},"end":{"line":604,"column":null}}},"55":{"name":"(anonymous_55)","decl":{"start":{"line":604,"column":34},"end":{"line":604,"column":35}},"loc":{"start":{"line":604,"column":45},"end":{"line":604,"column":77}}},"56":{"name":"(anonymous_56)","decl":{"start":{"line":636,"column":24},"end":{"line":636,"column":25}},"loc":{"start":{"line":636,"column":31},"end":{"line":642,"column":null}}},"57":{"name":"(anonymous_57)","decl":{"start":{"line":637,"column":28},"end":{"line":637,"column":29}},"loc":{"start":{"line":637,"column":39},"end":{"line":640,"column":18}}},"58":{"name":"(anonymous_58)","decl":{"start":{"line":641,"column":46},"end":{"line":641,"column":47}},"loc":{"start":{"line":641,"column":56},"end":{"line":641,"column":107}}},"59":{"name":"(anonymous_59)","decl":{"start":{"line":663,"column":24},"end":{"line":663,"column":25}},"loc":{"start":{"line":664,"column":16},"end":{"line":670,"column":null}}},"60":{"name":"(anonymous_60)","decl":{"start":{"line":664,"column":28},"end":{"line":664,"column":29}},"loc":{"start":{"line":664,"column":39},"end":{"line":670,"column":18}}},"61":{"name":"(anonymous_61)","decl":{"start":{"line":679,"column":24},"end":{"line":679,"column":25}},"loc":{"start":{"line":679,"column":31},"end":{"line":685,"column":null}}},"62":{"name":"(anonymous_62)","decl":{"start":{"line":680,"column":28},"end":{"line":680,"column":29}},"loc":{"start":{"line":680,"column":39},"end":{"line":683,"column":18}}},"63":{"name":"(anonymous_63)","decl":{"start":{"line":684,"column":51},"end":{"line":684,"column":52}},"loc":{"start":{"line":684,"column":61},"end":{"line":684,"column":117}}},"64":{"name":"(anonymous_64)","decl":{"start":{"line":713,"column":30},"end":{"line":713,"column":31}},"loc":{"start":{"line":713,"column":37},"end":{"line":716,"column":null}}},"65":{"name":"(anonymous_65)","decl":{"start":{"line":725,"column":30},"end":{"line":725,"column":36}},"loc":{"start":{"line":725,"column":36},"end":{"line":725,"column":66}}},"66":{"name":"(anonymous_66)","decl":{"start":{"line":733,"column":30},"end":{"line":733,"column":null}},"loc":{"start":{"line":734,"column":22},"end":{"line":737,"column":null}}},"67":{"name":"(anonymous_67)","decl":{"start":{"line":734,"column":34},"end":{"line":734,"column":35}},"loc":{"start":{"line":734,"column":45},"end":{"line":737,"column":24}}},"68":{"name":"(anonymous_68)","decl":{"start":{"line":773,"column":26},"end":{"line":773,"column":27}},"loc":{"start":{"line":773,"column":33},"end":{"line":773,"column":null}}},"69":{"name":"(anonymous_69)","decl":{"start":{"line":774,"column":28},"end":{"line":774,"column":29}},"loc":{"start":{"line":774,"column":35},"end":{"line":779,"column":null}}},"70":{"name":"(anonymous_70)","decl":{"start":{"line":795,"column":34},"end":{"line":795,"column":35}},"loc":{"start":{"line":796,"column":16},"end":{"line":801,"column":null}}},"71":{"name":"(anonymous_71)","decl":{"start":{"line":799,"column":28},"end":{"line":799,"column":34}},"loc":{"start":{"line":799,"column":34},"end":{"line":799,"column":null}}},"72":{"name":"(anonymous_72)","decl":{"start":{"line":863,"column":36},"end":{"line":863,"column":37}},"loc":{"start":{"line":864,"column":18},"end":{"line":869,"column":null}}},"73":{"name":"(anonymous_73)","decl":{"start":{"line":895,"column":21},"end":{"line":895,"column":22}},"loc":{"start":{"line":896,"column":12},"end":{"line":898,"column":null}}},"74":{"name":"(anonymous_74)","decl":{"start":{"line":46,"column":23},"end":{"line":46,"column":26}},"loc":{"start":{"line":46,"column":23},"end":{"line":64,"column":47}}}},"branchMap":{"0":{"loc":{"start":{"line":51,"column":17},"end":{"line":51,"column":null}},"type":"binary-expr","locations":[{"start":{"line":51,"column":17},"end":{"line":51,"column":50}},{"start":{"line":51,"column":50},"end":{"line":51,"column":61}},{"start":{"line":51,"column":61},"end":{"line":51,"column":null}}]},"1":{"loc":{"start":{"line":89,"column":4},"end":{"line":102,"column":null}},"type":"switch","locations":[{"start":{"line":90,"column":6},"end":{"line":91,"column":null}},{"start":{"line":92,"column":6},"end":{"line":94,"column":null}},{"start":{"line":95,"column":6},"end":{"line":97,"column":null}},{"start":{"line":98,"column":6},"end":{"line":99,"column":null}},{"start":{"line":100,"column":6},"end":{"line":101,"column":null}}]},"2":{"loc":{"start":{"line":91,"column":18},"end":{"line":91,"column":null}},"type":"binary-expr","locations":[{"start":{"line":91,"column":18},"end":{"line":91,"column":34}},{"start":{"line":91,"column":34},"end":{"line":91,"column":49}},{"start":{"line":91,"column":49},"end":{"line":91,"column":null}}]},"3":{"loc":{"start":{"line":94,"column":12},"end":{"line":94,"column":null}},"type":"binary-expr","locations":[{"start":{"line":94,"column":12},"end":{"line":94,"column":23}},{"start":{"line":94,"column":23},"end":{"line":94,"column":null}}]},"4":{"loc":{"start":{"line":97,"column":12},"end":{"line":97,"column":null}},"type":"binary-expr","locations":[{"start":{"line":97,"column":12},"end":{"line":97,"column":30}},{"start":{"line":97,"column":30},"end":{"line":97,"column":54}},{"start":{"line":97,"column":54},"end":{"line":97,"column":65}},{"start":{"line":97,"column":65},"end":{"line":97,"column":null}}]},"5":{"loc":{"start":{"line":106,"column":2},"end":{"line":108,"column":null}},"type":"if","locations":[{"start":{"line":106,"column":2},"end":{"line":108,"column":null}}]},"6":{"loc":{"start":{"line":111,"column":4},"end":{"line":190,"column":null}},"type":"if","locations":[{"start":{"line":111,"column":4},"end":{"line":190,"column":null}},{"start":{"line":153,"column":2},"end":{"line":190,"column":null}}]},"7":{"loc":{"start":{"line":112,"column":6},"end":{"line":121,"column":null}},"type":"if","locations":[{"start":{"line":112,"column":6},"end":{"line":121,"column":null}}]},"8":{"loc":{"start":{"line":115,"column":19},"end":{"line":115,"column":null}},"type":"binary-expr","locations":[{"start":{"line":115,"column":19},"end":{"line":115,"column":35}},{"start":{"line":115,"column":35},"end":{"line":115,"column":null}}]},"9":{"loc":{"start":{"line":116,"column":47},"end":{"line":116,"column":96}},"type":"binary-expr","locations":[{"start":{"line":116,"column":47},"end":{"line":116,"column":71}},{"start":{"line":116,"column":71},"end":{"line":116,"column":96}}]},"10":{"loc":{"start":{"line":126,"column":8},"end":{"line":129,"column":null}},"type":"if","locations":[{"start":{"line":126,"column":8},"end":{"line":129,"column":null}}]},"11":{"loc":{"start":{"line":131,"column":8},"end":{"line":134,"column":null}},"type":"if","locations":[{"start":{"line":131,"column":8},"end":{"line":134,"column":null}}]},"12":{"loc":{"start":{"line":145,"column":10},"end":{"line":145,"column":null}},"type":"cond-expr","locations":[{"start":{"line":145,"column":35},"end":{"line":145,"column":51}},{"start":{"line":145,"column":51},"end":{"line":145,"column":null}}]},"13":{"loc":{"start":{"line":153,"column":2},"end":{"line":190,"column":null}},"type":"if","locations":[{"start":{"line":153,"column":2},"end":{"line":190,"column":null}},{"start":{"line":187,"column":4},"end":{"line":190,"column":null}}]},"14":{"loc":{"start":{"line":154,"column":6},"end":{"line":162,"column":null}},"type":"if","locations":[{"start":{"line":154,"column":6},"end":{"line":162,"column":null}}]},"15":{"loc":{"start":{"line":157,"column":51},"end":{"line":157,"column":99}},"type":"binary-expr","locations":[{"start":{"line":157,"column":51},"end":{"line":157,"column":79}},{"start":{"line":157,"column":79},"end":{"line":157,"column":99}}]},"16":{"loc":{"start":{"line":167,"column":8},"end":{"line":170,"column":null}},"type":"if","locations":[{"start":{"line":167,"column":8},"end":{"line":170,"column":null}}]},"17":{"loc":{"start":{"line":177,"column":10},"end":{"line":179,"column":null}},"type":"cond-expr","locations":[{"start":{"line":178,"column":14},"end":{"line":178,"column":null}},{"start":{"line":179,"column":14},"end":{"line":179,"column":null}}]},"18":{"loc":{"start":{"line":187,"column":4},"end":{"line":190,"column":null}},"type":"if","locations":[{"start":{"line":187,"column":4},"end":{"line":190,"column":null}}]},"19":{"loc":{"start":{"line":189,"column":6},"end":{"line":189,"column":null}},"type":"if","locations":[{"start":{"line":189,"column":6},"end":{"line":189,"column":null}}]},"20":{"loc":{"start":{"line":225,"column":4},"end":{"line":253,"column":null}},"type":"switch","locations":[{"start":{"line":226,"column":6},"end":{"line":231,"column":null}},{"start":{"line":232,"column":6},"end":{"line":238,"column":null}},{"start":{"line":239,"column":6},"end":{"line":248,"column":null}},{"start":{"line":249,"column":6},"end":{"line":252,"column":null}}]},"21":{"loc":{"start":{"line":227,"column":8},"end":{"line":227,"column":null}},"type":"if","locations":[{"start":{"line":227,"column":8},"end":{"line":227,"column":null}}]},"22":{"loc":{"start":{"line":228,"column":8},"end":{"line":228,"column":null}},"type":"if","locations":[{"start":{"line":228,"column":8},"end":{"line":228,"column":null}}]},"23":{"loc":{"start":{"line":229,"column":8},"end":{"line":230,"column":null}},"type":"if","locations":[{"start":{"line":229,"column":8},"end":{"line":230,"column":null}}]},"24":{"loc":{"start":{"line":233,"column":8},"end":{"line":236,"column":null}},"type":"if","locations":[{"start":{"line":233,"column":8},"end":{"line":236,"column":null}}]},"25":{"loc":{"start":{"line":234,"column":10},"end":{"line":235,"column":null}},"type":"if","locations":[{"start":{"line":234,"column":10},"end":{"line":235,"column":null}}]},"26":{"loc":{"start":{"line":234,"column":14},"end":{"line":234,"column":null}},"type":"binary-expr","locations":[{"start":{"line":234,"column":14},"end":{"line":234,"column":35}},{"start":{"line":234,"column":35},"end":{"line":234,"column":null}}]},"27":{"loc":{"start":{"line":240,"column":8},"end":{"line":241,"column":null}},"type":"if","locations":[{"start":{"line":240,"column":8},"end":{"line":241,"column":null}}]},"28":{"loc":{"start":{"line":242,"column":8},"end":{"line":243,"column":null}},"type":"if","locations":[{"start":{"line":242,"column":8},"end":{"line":243,"column":null}}]},"29":{"loc":{"start":{"line":244,"column":8},"end":{"line":247,"column":null}},"type":"if","locations":[{"start":{"line":244,"column":8},"end":{"line":247,"column":null}}]},"30":{"loc":{"start":{"line":245,"column":10},"end":{"line":246,"column":null}},"type":"if","locations":[{"start":{"line":245,"column":10},"end":{"line":246,"column":null}}]},"31":{"loc":{"start":{"line":245,"column":14},"end":{"line":245,"column":null}},"type":"binary-expr","locations":[{"start":{"line":245,"column":14},"end":{"line":245,"column":47}},{"start":{"line":245,"column":47},"end":{"line":245,"column":null}}]},"32":{"loc":{"start":{"line":250,"column":8},"end":{"line":251,"column":null}},"type":"if","locations":[{"start":{"line":250,"column":8},"end":{"line":251,"column":null}}]},"33":{"loc":{"start":{"line":268,"column":6},"end":{"line":281,"column":null}},"type":"if","locations":[{"start":{"line":268,"column":6},"end":{"line":281,"column":null}},{"start":{"line":274,"column":6},"end":{"line":281,"column":null}}]},"34":{"loc":{"start":{"line":274,"column":6},"end":{"line":281,"column":null}},"type":"if","locations":[{"start":{"line":274,"column":6},"end":{"line":281,"column":null}},{"start":{"line":276,"column":6},"end":{"line":281,"column":null}}]},"35":{"loc":{"start":{"line":276,"column":6},"end":{"line":281,"column":null}},"type":"if","locations":[{"start":{"line":276,"column":6},"end":{"line":281,"column":null}}]},"36":{"loc":{"start":{"line":305,"column":4},"end":{"line":327,"column":null}},"type":"if","locations":[{"start":{"line":305,"column":4},"end":{"line":327,"column":null}},{"start":{"line":321,"column":11},"end":{"line":327,"column":null}}]},"37":{"loc":{"start":{"line":307,"column":6},"end":{"line":314,"column":null}},"type":"if","locations":[{"start":{"line":307,"column":6},"end":{"line":314,"column":null}}]},"38":{"loc":{"start":{"line":310,"column":8},"end":{"line":313,"column":null}},"type":"if","locations":[{"start":{"line":310,"column":8},"end":{"line":313,"column":null}}]},"39":{"loc":{"start":{"line":311,"column":27},"end":{"line":311,"column":67}},"type":"binary-expr","locations":[{"start":{"line":311,"column":27},"end":{"line":311,"column":47}},{"start":{"line":311,"column":47},"end":{"line":311,"column":67}}]},"40":{"loc":{"start":{"line":318,"column":11},"end":{"line":318,"column":82}},"type":"cond-expr","locations":[{"start":{"line":318,"column":29},"end":{"line":318,"column":38}},{"start":{"line":318,"column":38},"end":{"line":318,"column":82}}]},"41":{"loc":{"start":{"line":318,"column":38},"end":{"line":318,"column":82}},"type":"cond-expr","locations":[{"start":{"line":318,"column":58},"end":{"line":318,"column":69}},{"start":{"line":318,"column":69},"end":{"line":318,"column":82}}]},"42":{"loc":{"start":{"line":331,"column":4},"end":{"line":343,"column":null}},"type":"if","locations":[{"start":{"line":331,"column":4},"end":{"line":343,"column":null}}]},"43":{"loc":{"start":{"line":331,"column":8},"end":{"line":331,"column":68}},"type":"binary-expr","locations":[{"start":{"line":331,"column":8},"end":{"line":331,"column":26}},{"start":{"line":331,"column":26},"end":{"line":331,"column":68}}]},"44":{"loc":{"start":{"line":336,"column":6},"end":{"line":341,"column":null}},"type":"if","locations":[{"start":{"line":336,"column":6},"end":{"line":341,"column":null}}]},"45":{"loc":{"start":{"line":354,"column":4},"end":{"line":354,"column":null}},"type":"if","locations":[{"start":{"line":354,"column":4},"end":{"line":354,"column":null}}]},"46":{"loc":{"start":{"line":378,"column":6},"end":{"line":390,"column":null}},"type":"if","locations":[{"start":{"line":378,"column":6},"end":{"line":390,"column":null}},{"start":{"line":385,"column":13},"end":{"line":390,"column":null}}]},"47":{"loc":{"start":{"line":378,"column":10},"end":{"line":378,"column":71}},"type":"binary-expr","locations":[{"start":{"line":378,"column":10},"end":{"line":378,"column":19}},{"start":{"line":378,"column":19},"end":{"line":378,"column":49}},{"start":{"line":378,"column":49},"end":{"line":378,"column":71}}]},"48":{"loc":{"start":{"line":382,"column":8},"end":{"line":382,"column":null}},"type":"if","locations":[{"start":{"line":382,"column":8},"end":{"line":382,"column":null}}]},"49":{"loc":{"start":{"line":383,"column":8},"end":{"line":383,"column":null}},"type":"if","locations":[{"start":{"line":383,"column":8},"end":{"line":383,"column":null}}]},"50":{"loc":{"start":{"line":387,"column":10},"end":{"line":387,"column":null}},"type":"cond-expr","locations":[{"start":{"line":387,"column":35},"end":{"line":387,"column":51}},{"start":{"line":387,"column":51},"end":{"line":387,"column":null}}]},"51":{"loc":{"start":{"line":397,"column":4},"end":{"line":879,"column":null}},"type":"switch","locations":[{"start":{"line":398,"column":6},"end":{"line":483,"column":null}},{"start":{"line":486,"column":6},"end":{"line":626,"column":null}},{"start":{"line":629,"column":6},"end":{"line":759,"column":null}},{"start":{"line":762,"column":6},"end":{"line":814,"column":null}},{"start":{"line":817,"column":6},"end":{"line":874,"column":null}},{"start":{"line":877,"column":6},"end":{"line":878,"column":null}}]},"52":{"loc":{"start":{"line":407,"column":16},"end":{"line":407,"column":null}},"type":"if","locations":[{"start":{"line":407,"column":16},"end":{"line":407,"column":null}}]},"53":{"loc":{"start":{"line":411,"column":16},"end":{"line":411,"column":null}},"type":"binary-expr","locations":[{"start":{"line":411,"column":16},"end":{"line":411,"column":32}},{"start":{"line":411,"column":32},"end":{"line":411,"column":null}}]},"54":{"loc":{"start":{"line":422,"column":16},"end":{"line":422,"column":null}},"type":"if","locations":[{"start":{"line":422,"column":16},"end":{"line":422,"column":null}}]},"55":{"loc":{"start":{"line":428,"column":30},"end":{"line":434,"column":null}},"type":"cond-expr","locations":[{"start":{"line":429,"column":18},"end":{"line":433,"column":null}},{"start":{"line":434,"column":20},"end":{"line":434,"column":null}}]},"56":{"loc":{"start":{"line":448,"column":16},"end":{"line":448,"column":null}},"type":"if","locations":[{"start":{"line":448,"column":16},"end":{"line":448,"column":null}}]},"57":{"loc":{"start":{"line":476,"column":35},"end":{"line":476,"column":null}},"type":"cond-expr","locations":[{"start":{"line":476,"column":54},"end":{"line":476,"column":58}},{"start":{"line":476,"column":58},"end":{"line":476,"column":null}}]},"58":{"loc":{"start":{"line":516,"column":39},"end":{"line":516,"column":53}},"type":"binary-expr","locations":[{"start":{"line":516,"column":39},"end":{"line":516,"column":47}},{"start":{"line":516,"column":47},"end":{"line":516,"column":53}}]},"59":{"loc":{"start":{"line":521,"column":17},"end":{"line":526,"column":null}},"type":"binary-expr","locations":[{"start":{"line":521,"column":17},"end":{"line":521,"column":38}},{"start":{"line":521,"column":38},"end":{"line":521,"column":null}},{"start":{"line":522,"column":18},"end":{"line":526,"column":null}}]},"60":{"loc":{"start":{"line":529,"column":17},"end":{"line":536,"column":null}},"type":"binary-expr","locations":[{"start":{"line":529,"column":17},"end":{"line":529,"column":null}},{"start":{"line":530,"column":18},"end":{"line":536,"column":null}}]},"61":{"loc":{"start":{"line":540,"column":15},"end":{"line":544,"column":null}},"type":"binary-expr","locations":[{"start":{"line":540,"column":15},"end":{"line":540,"column":null}},{"start":{"line":541,"column":16},"end":{"line":544,"column":null}}]},"62":{"loc":{"start":{"line":547,"column":15},"end":{"line":554,"column":null}},"type":"binary-expr","locations":[{"start":{"line":547,"column":15},"end":{"line":547,"column":null}},{"start":{"line":548,"column":16},"end":{"line":554,"column":null}}]},"63":{"loc":{"start":{"line":585,"column":39},"end":{"line":585,"column":53}},"type":"binary-expr","locations":[{"start":{"line":585,"column":39},"end":{"line":585,"column":47}},{"start":{"line":585,"column":47},"end":{"line":585,"column":53}}]},"64":{"loc":{"start":{"line":590,"column":17},"end":{"line":595,"column":null}},"type":"binary-expr","locations":[{"start":{"line":590,"column":17},"end":{"line":590,"column":40}},{"start":{"line":590,"column":40},"end":{"line":590,"column":null}},{"start":{"line":591,"column":18},"end":{"line":595,"column":null}}]},"65":{"loc":{"start":{"line":598,"column":17},"end":{"line":605,"column":null}},"type":"binary-expr","locations":[{"start":{"line":598,"column":17},"end":{"line":598,"column":null}},{"start":{"line":599,"column":18},"end":{"line":605,"column":null}}]},"66":{"loc":{"start":{"line":609,"column":15},"end":{"line":613,"column":null}},"type":"binary-expr","locations":[{"start":{"line":609,"column":15},"end":{"line":609,"column":null}},{"start":{"line":610,"column":16},"end":{"line":613,"column":null}}]},"67":{"loc":{"start":{"line":616,"column":15},"end":{"line":623,"column":null}},"type":"binary-expr","locations":[{"start":{"line":616,"column":15},"end":{"line":616,"column":null}},{"start":{"line":617,"column":16},"end":{"line":623,"column":null}}]},"68":{"loc":{"start":{"line":641,"column":16},"end":{"line":641,"column":null}},"type":"if","locations":[{"start":{"line":641,"column":16},"end":{"line":641,"column":null}}]},"69":{"loc":{"start":{"line":647,"column":30},"end":{"line":653,"column":null}},"type":"cond-expr","locations":[{"start":{"line":648,"column":18},"end":{"line":652,"column":null}},{"start":{"line":653,"column":20},"end":{"line":653,"column":null}}]},"70":{"loc":{"start":{"line":668,"column":27},"end":{"line":668,"column":null}},"type":"binary-expr","locations":[{"start":{"line":668,"column":27},"end":{"line":668,"column":55}},{"start":{"line":668,"column":55},"end":{"line":668,"column":null}}]},"71":{"loc":{"start":{"line":684,"column":16},"end":{"line":684,"column":null}},"type":"if","locations":[{"start":{"line":684,"column":16},"end":{"line":684,"column":null}}]},"72":{"loc":{"start":{"line":715,"column":39},"end":{"line":715,"column":53}},"type":"binary-expr","locations":[{"start":{"line":715,"column":39},"end":{"line":715,"column":47}},{"start":{"line":715,"column":47},"end":{"line":715,"column":53}}]},"73":{"loc":{"start":{"line":720,"column":17},"end":{"line":725,"column":null}},"type":"binary-expr","locations":[{"start":{"line":720,"column":17},"end":{"line":720,"column":37}},{"start":{"line":720,"column":37},"end":{"line":720,"column":null}},{"start":{"line":721,"column":18},"end":{"line":725,"column":null}}]},"74":{"loc":{"start":{"line":728,"column":17},"end":{"line":738,"column":null}},"type":"binary-expr","locations":[{"start":{"line":728,"column":17},"end":{"line":728,"column":null}},{"start":{"line":729,"column":18},"end":{"line":738,"column":null}}]},"75":{"loc":{"start":{"line":742,"column":15},"end":{"line":746,"column":null}},"type":"binary-expr","locations":[{"start":{"line":742,"column":15},"end":{"line":742,"column":null}},{"start":{"line":743,"column":16},"end":{"line":746,"column":null}}]},"76":{"loc":{"start":{"line":749,"column":15},"end":{"line":756,"column":null}},"type":"binary-expr","locations":[{"start":{"line":749,"column":15},"end":{"line":749,"column":null}},{"start":{"line":750,"column":16},"end":{"line":756,"column":null}}]},"77":{"loc":{"start":{"line":775,"column":18},"end":{"line":778,"column":null}},"type":"if","locations":[{"start":{"line":775,"column":18},"end":{"line":778,"column":null}}]},"78":{"loc":{"start":{"line":793,"column":13},"end":{"line":793,"column":null}},"type":"binary-expr","locations":[{"start":{"line":793,"column":13},"end":{"line":793,"column":29}},{"start":{"line":793,"column":29},"end":{"line":793,"column":null}}]},"79":{"loc":{"start":{"line":805,"column":13},"end":{"line":812,"column":null}},"type":"binary-expr","locations":[{"start":{"line":805,"column":13},"end":{"line":805,"column":null}},{"start":{"line":806,"column":14},"end":{"line":812,"column":null}}]},"80":{"loc":{"start":{"line":839,"column":19},"end":{"line":839,"column":null}},"type":"cond-expr","locations":[{"start":{"line":839,"column":48},"end":{"line":839,"column":56}},{"start":{"line":839,"column":56},"end":{"line":839,"column":null}}]},"81":{"loc":{"start":{"line":910,"column":47},"end":{"line":910,"column":75}},"type":"binary-expr","locations":[{"start":{"line":910,"column":47},"end":{"line":910,"column":67}},{"start":{"line":910,"column":67},"end":{"line":910,"column":75}}]},"82":{"loc":{"start":{"line":913,"column":9},"end":{"line":920,"column":null}},"type":"cond-expr","locations":[{"start":{"line":914,"column":10},"end":{"line":916,"column":null}},{"start":{"line":918,"column":10},"end":{"line":920,"column":null}}]},"83":{"loc":{"start":{"line":914,"column":71},"end":{"line":914,"column":114}},"type":"binary-expr","locations":[{"start":{"line":914,"column":71},"end":{"line":914,"column":82}},{"start":{"line":914,"column":82},"end":{"line":914,"column":114}}]},"84":{"loc":{"start":{"line":915,"column":13},"end":{"line":915,"column":null}},"type":"cond-expr","locations":[{"start":{"line":915,"column":23},"end":{"line":915,"column":39}},{"start":{"line":915,"column":39},"end":{"line":915,"column":null}}]},"85":{"loc":{"start":{"line":918,"column":69},"end":{"line":918,"column":107}},"type":"binary-expr","locations":[{"start":{"line":918,"column":69},"end":{"line":918,"column":80}},{"start":{"line":918,"column":80},"end":{"line":918,"column":107}}]}},"s":{"0":459,"1":459,"2":4562,"3":4562,"4":4562,"5":4562,"6":4562,"7":4562,"8":4562,"9":4562,"10":4562,"11":4562,"12":4562,"13":4410,"14":2902,"15":70,"16":1034,"17":404,"18":0,"19":4562,"20":122,"21":6,"22":116,"23":29,"24":29,"25":58,"26":29,"27":29,"28":58,"29":29,"30":0,"31":0,"32":0,"33":0,"34":0,"35":0,"36":0,"37":0,"38":0,"39":0,"40":0,"41":0,"42":0,"43":0,"44":0,"45":0,"46":87,"47":29,"48":29,"49":58,"50":29,"51":29,"52":58,"53":29,"54":0,"55":0,"56":0,"57":0,"58":0,"59":0,"60":0,"61":0,"62":0,"63":0,"64":0,"65":0,"66":0,"67":58,"68":29,"69":0,"70":58,"71":116,"72":4562,"73":24,"74":30,"75":4562,"76":23,"77":23,"78":23,"79":23,"80":4562,"81":186,"82":186,"83":29,"84":0,"85":29,"86":0,"87":29,"88":0,"89":29,"90":29,"91":0,"92":0,"93":29,"94":29,"95":0,"96":29,"97":0,"98":29,"99":0,"100":0,"101":29,"102":64,"103":6,"104":64,"105":186,"106":186,"107":4562,"108":0,"109":0,"110":0,"111":0,"112":0,"113":0,"114":0,"115":0,"116":0,"117":0,"118":0,"119":0,"120":0,"121":0,"122":0,"123":0,"124":0,"125":0,"126":0,"127":0,"128":0,"129":0,"130":0,"131":0,"132":0,"133":0,"134":4562,"135":0,"136":0,"137":0,"138":0,"139":0,"140":0,"141":0,"142":0,"143":0,"144":0,"145":0,"146":0,"147":0,"148":4562,"149":23,"150":23,"151":23,"152":23,"153":6,"154":12,"155":12,"156":23,"157":4562,"158":0,"159":0,"160":0,"161":4562,"162":35,"163":0,"164":35,"165":35,"166":35,"167":35,"168":35,"169":23,"170":23,"171":23,"172":12,"173":12,"174":6,"175":6,"176":6,"177":6,"178":6,"179":6,"180":6,"181":6,"182":35,"183":4562,"184":4562,"185":2902,"186":368,"187":368,"188":368,"189":0,"190":0,"191":0,"192":128,"193":128,"194":128,"195":6,"196":12,"197":12,"198":207,"199":207,"200":207,"201":0,"202":0,"203":0,"204":165,"205":165,"206":11,"207":11,"208":70,"209":0,"210":0,"211":0,"212":0,"213":0,"214":0,"215":0,"216":0,"217":0,"218":0,"219":1034,"220":151,"221":163,"222":151,"223":0,"224":0,"225":0,"226":22,"227":33,"228":257,"229":257,"230":257,"231":0,"232":0,"233":0,"234":0,"235":0,"236":0,"237":0,"238":0,"239":404,"240":115,"241":115,"242":0,"243":0,"244":70,"245":0,"246":152,"247":152,"248":0,"249":4562,"250":22810,"251":459,"252":204,"253":459,"254":459},"f":{"0":4562,"1":4410,"2":122,"3":58,"4":58,"5":0,"6":58,"7":58,"8":0,"9":116,"10":24,"11":30,"12":23,"13":186,"14":0,"15":0,"16":0,"17":0,"18":0,"19":0,"20":0,"21":0,"22":0,"23":0,"24":0,"25":0,"26":23,"27":23,"28":12,"29":0,"30":0,"31":0,"32":35,"33":35,"34":4562,"35":368,"36":368,"37":0,"38":128,"39":128,"40":12,"41":207,"42":207,"43":0,"44":165,"45":165,"46":11,"47":11,"48":0,"49":0,"50":0,"51":0,"52":0,"53":0,"54":0,"55":0,"56":151,"57":163,"58":0,"59":22,"60":33,"61":257,"62":257,"63":0,"64":0,"65":0,"66":0,"67":0,"68":115,"69":115,"70":70,"71":0,"72":152,"73":22810,"74":204},"b":{"0":[4562,4562,4562],"1":[2902,70,1034,404,0],"2":[2902,2902,2890],"3":[70,0],"4":[1034,1022,1022,0],"5":[6],"6":[29,87],"7":[29],"8":[58,46],"9":[58,46],"10":[0],"11":[0],"12":[0,0],"13":[29,58],"14":[29],"15":[58,46],"16":[0],"17":[0,0],"18":[29],"19":[0],"20":[29,29,29,64],"21":[0],"22":[0],"23":[0],"24":[0],"25":[0],"26":[0,0],"27":[0],"28":[0],"29":[0],"30":[0],"31":[0,0],"32":[6],"33":[0,0],"34":[0,0],"35":[0],"36":[0,0],"37":[0],"38":[0],"39":[0,0],"40":[0,0],"41":[0,0],"42":[23],"43":[23,23],"44":[6],"45":[0],"46":[6,6],"47":[12,12,12],"48":[6],"49":[6],"50":[6,0],"51":[2902,70,1034,404,152,0],"52":[0],"53":[2902,2902],"54":[6],"55":[12,2890],"56":[0],"57":[11,0],"58":[0,0],"59":[70,0,0],"60":[70,24],"61":[70,0],"62":[70,0],"63":[0,0],"64":[70,0,0],"65":[70,0],"66":[70,0],"67":[70,0],"68":[0],"69":[12,1022],"70":[33,11],"71":[0],"72":[0,0],"73":[1034,0,0],"74":[1034,108],"75":[1034,0],"76":[1034,0],"77":[0],"78":[404,84],"79":[404,334],"80":[44,108],"81":[4562,1660],"82":[152,4410],"83":[152,82],"84":[70,82],"85":[4410,4410]}}
,"/Users/wishula/superappnewest/superapp-mobile/superapp-admin-portal/src/components/ui/AddVersionDialog.tsx": {"path":"/Users/wishula/superappnewest/superapp-mobile/superapp-admin-portal/src/components/ui/AddVersionDialog.tsx","statementMap":{"0":{"start":{"line":31,"column":25},"end":{"line":324,"column":2}},"1":{"start":{"line":36,"column":29},"end":{"line":36,"column":null}},"2":{"start":{"line":39,"column":4},"end":{"line":42,"column":null}},"3":{"start":{"line":43,"column":32},"end":{"line":43,"column":null}},"4":{"start":{"line":44,"column":46},"end":{"line":44,"column":null}},"5":{"start":{"line":45,"column":40},"end":{"line":45,"column":null}},"6":{"start":{"line":46,"column":31},"end":{"line":46,"column":null}},"7":{"start":{"line":49,"column":29},"end":{"line":53,"column":null}},"8":{"start":{"line":50,"column":4},"end":{"line":50,"column":null}},"9":{"start":{"line":50,"column":62},"end":{"line":50,"column":null}},"10":{"start":{"line":51,"column":21},"end":{"line":51,"column":null}},"11":{"start":{"line":51,"column":62},"end":{"line":51,"column":69}},"12":{"start":{"line":52,"column":4},"end":{"line":52,"column":null}},"13":{"start":{"line":55,"column":34},"end":{"line":60,"column":null}},"14":{"start":{"line":62,"column":30},"end":{"line":62,"column":null}},"15":{"start":{"line":64,"column":22},"end":{"line":75,"column":null}},"16":{"start":{"line":65,"column":4},"end":{"line":70,"column":null}},"17":{"start":{"line":71,"column":4},"end":{"line":71,"column":null}},"18":{"start":{"line":72,"column":4},"end":{"line":72,"column":null}},"19":{"start":{"line":73,"column":4},"end":{"line":73,"column":null}},"20":{"start":{"line":74,"column":4},"end":{"line":74,"column":null}},"21":{"start":{"line":77,"column":27},"end":{"line":95,"column":null}},"22":{"start":{"line":78,"column":4},"end":{"line":94,"column":null}},"23":{"start":{"line":80,"column":6},"end":{"line":87,"column":null}},"24":{"start":{"line":81,"column":27},"end":{"line":81,"column":null}},"25":{"start":{"line":82,"column":8},"end":{"line":86,"column":null}},"26":{"start":{"line":83,"column":10},"end":{"line":83,"column":null}},"27":{"start":{"line":84,"column":10},"end":{"line":84,"column":null}},"28":{"start":{"line":85,"column":10},"end":{"line":85,"column":null}},"29":{"start":{"line":89,"column":6},"end":{"line":89,"column":null}},"30":{"start":{"line":90,"column":6},"end":{"line":90,"column":null}},"31":{"start":{"line":92,"column":6},"end":{"line":92,"column":null}},"32":{"start":{"line":93,"column":6},"end":{"line":93,"column":null}},"33":{"start":{"line":93,"column":29},"end":{"line":93,"column":58}},"34":{"start":{"line":97,"column":19},"end":{"line":116,"column":null}},"35":{"start":{"line":98,"column":46},"end":{"line":98,"column":null}},"36":{"start":{"line":100,"column":4},"end":{"line":100,"column":null}},"37":{"start":{"line":100,"column":34},"end":{"line":100,"column":null}},"38":{"start":{"line":101,"column":4},"end":{"line":102,"column":null}},"39":{"start":{"line":102,"column":6},"end":{"line":102,"column":null}},"40":{"start":{"line":103,"column":4},"end":{"line":104,"column":null}},"41":{"start":{"line":104,"column":6},"end":{"line":104,"column":null}},"42":{"start":{"line":107,"column":24},"end":{"line":109,"column":null}},"43":{"start":{"line":108,"column":13},"end":{"lin
[...]
ype":"cond-expr","locations":[{"start":{"line":159,"column":5},"end":{"line":159,"column":null}},{"start":{"line":159,"column":5},"end":{"line":159,"column":null}}]},"42":{"loc":{"start":{"line":169,"column":5},"end":{"line":169,"column":null}},"type":"cond-expr","locations":[{"start":{"line":169,"column":5},"end":{"line":169,"column":null}},{"start":{"line":169,"column":5},"end":{"line":169,"column":null}}]},"43":{"loc":{"start":{"line":190,"column":14},"end":{"line":190,"column":null}},"type":"binary-expr","locations":[{"start":{"line":190,"column":14},"end":{"line":190,"column":null}},{"start":{"line":190,"column":14},"end":{"line":190,"column":null}},{"start":{"line":190,"column":14},"end":{"line":190,"column":null}},{"start":{"line":190,"column":14},"end":{"line":190,"column":null}}]},"44":{"loc":{"start":{"line":191,"column":8},"end":{"line":194,"column":14}},"type":"if","locations":[{"start":{"line":191,"column":8},"end":{"line":194,"column":14}}]},"45":{"loc":{"start":{"line":202,"column":15},"end":{"line":202,"column":null}},"type":"cond-expr","locations":[{"start":{"line":202,"column":22},"end":{"line":202,"column":null}},{"start":{"line":202,"column":22},"end":{"line":202,"column":null}}]},"46":{"loc":{"start":{"line":208,"column":8},"end":{"line":214,"column":12}},"type":"if","locations":[{"start":{"line":208,"column":8},"end":{"line":214,"column":12}}]},"47":{"loc":{"start":{"line":208,"column":8},"end":{"line":208,"column":null}},"type":"binary-expr","locations":[{"start":{"line":208,"column":8},"end":{"line":208,"column":17}},{"start":{"line":208,"column":17},"end":{"line":208,"column":null}}]},"48":{"loc":{"start":{"line":209,"column":10},"end":{"line":211,"column":14}},"type":"if","locations":[{"start":{"line":209,"column":10},"end":{"line":211,"column":14}}]},"49":{"loc":{"start":{"line":234,"column":8},"end":{"line":242,"column":10}},"type":"if","locations":[{"start":{"line":234,"column":8},"end":{"line":242,"column":10}}]},"50":{"loc":{"start":{"line":236,"column":10},"end":{"line":238,"column":14}},"type":"if","locations":[{"start":{"line":236,"column":10},"end":{"line":238,"column":14}}]},"51":{"loc":{"start":{"line":243,"column":8},"end":{"line":248,"column":10}},"type":"if","locations":[{"start":{"line":243,"column":8},"end":{"line":248,"column":10}}]},"52":{"loc":{"start":{"line":249,"column":8},"end":{"line":255,"column":12}},"type":"if","locations":[{"start":{"line":249,"column":8},"end":{"line":255,"column":12}}]},"53":{"loc":{"start":{"line":253,"column":6},"end":{"line":253,"column":null}},"type":"binary-expr","locations":[{"start":{"line":253,"column":6},"end":{"line":253,"column":null}},{"start":{"line":253,"column":6},"end":{"line":253,"column":null}}]}},"s":{"0":459,"1":459,"2":459,"3":459,"4":459,"5":459,"6":0,"7":459,"8":459,"9":718,"10":718,"11":718,"12":718,"13":32,"14":379,"15":379,"16":379,"17":379,"18":931,"19":931,"20":931,"21":931,"22":0,"23":0,"24":931,"25":931,"26":931,"27":926,"28":723,"29":32,"30":32,"31":723,"32":723,"33":220,"34":918,"35":699,"36":699,"37":196,"38":910,"39":706,"40":704,"41":706,"42":706,"43":63,"44":706,"45":879,"46":879,"47":619,"48":873,"49":873,"50":557,"51":873,"52":812,"53":501,"54":158,"55":10,"56":0,"57":1,"58":0,"59":6,"60":6,"61":6,"62":6,"63":6,"64":6,"65":0,"66":0,"67":0,"68":6,"69":0,"70":0,"71":0,"72":6,"73":6,"74":6,"75":6,"76":6,"77":0,"78":0,"79":0,"80":0,"81":0,"82":0,"83":6,"84":0,"85":0,"86":0,"87":6,"88":0,"89":0,"90":0,"91":6,"92":6,"93":6,"94":0,"95":92,"96":762,"97":931,"98":931,"99":931,"100":884,"101":188,"102":188,"103":32,"104":188,"105":193,"106":860,"107":172,"108":185,"109":844,"110":210,"111":149,"112":93,"113":210,"114":153,"115":231,"116":730,"117":782,"118":215,"119":678,"120":726,"121":169,"122":726,"123":141,"124":696,"125":56,"126":6,"127":4,"128":6,"129":6,"130":6,"131":6,"132":0,"133":0,"134":0,"135":0,"136":0,"137":0,"138":0,"139":0,"140":0,"141":0,"142":0,"143":0,"144":0,"145":0,"146":0,"147":0,"148":0,"149":0,"150":0,"151":0,"152":0,"153":0,"154":0,"155":0,"156":0,"157":0,"158":0,"159":0,"160":0},"f":{"0":459,"1":459,"2":718,"3":718,"4":32,"5":379,"6":379,"7":1693,"8":791,"9":158,"10":10,"11":0,"12":1,"13":0,"14":6,"15":170,"16":696,"17":56,"18":6,"19":4,"20":6,"21":0},"b":{"0":[459,0],"1":[0],"2":[718],"3":[0],"4":[931,0],"5":[0],"6":[8],"7":[32],"8":[8],"9":[31],"10":[93,613],"11":[63],"12":[93,644,31],"13":[6],"14":[117,117,113],"15":[0],"16":[111,111],"17":[10,0],"18":[0,0],"19":[0,0,0,0],"20":[0],"21":[0,0],"22":[0],"23":[0,0],"24":[0],"25":[0],"26":[0],"27":[0],"28":[0],"29":[0,0],"30":[24],"31":[32],"32":[16],"33":[62],"34":[93,31],"35":[36],"36":[63,92,62],"37":[46],"38":[619,724,596],"39":[0],"40":[557,668],"41":[56,0],"42":[0,6],"43":[6,6,6,6],"44":[6],"45":[0,0],"46":[0],"47":[0,0],"48":[0],"49":[0],"50":[0],"51":[0],"52":[0],"53":[0,0]}}
,"/Users/wishula/superappnewest/superapp-mobile/superapp-admin-portal/src/services/microapps.service.ts": {"path":"/Users/wishula/superappnewest/superapp-mobile/superapp-admin-portal/src/services/microapps.service.ts","statementMap":{"0":{"start":{"line":10,"column":32},"end":{"line":58,"column":null}},"1":{"start":{"line":15,"column":17},"end":{"line":17,"column":null}},"2":{"start":{"line":18,"column":4},"end":{"line":18,"column":null}},"3":{"start":{"line":25,"column":4},"end":{"line":25,"column":null}},"4":{"start":{"line":32,"column":4},"end":{"line":32,"column":null}},"5":{"start":{"line":48,"column":4},"end":{"line":48,"column":null}},"6":{"start":{"line":56,"column":6},"end":{"line":56,"column":null}}},"fnMap":{"0":{"name":"(anonymous_0)","decl":{"start":{"line":14,"column":2},"end":{"line":14,"column":8}},"loc":{"start":{"line":14,"column":52},"end":{"line":19,"column":null}}},"1":{"name":"(anonymous_1)","decl":{"start":{"line":24,"column":2},"end":{"line":24,"column":8}},"loc":{"start":{"line":24,"column":50},"end":{"line":26,"column":null}}},"2":{"name":"(anonymous_2)","decl":{"start":{"line":31,"column":2},"end":{"line":31,"column":8}},"loc":{"start":{"line":31,"column":50},"end":{"line":33,"column":null}}},"3":{"name":"(anonymous_3)","decl":{"start":{"line":38,"column":2},"end":{"line":38,"column":8}},"loc":{"start":{"line":47,"column":19},"end":{"line":49,"column":null}}},"4":{"name":"(anonymous_4)","decl":{"start":{"line":54,"column":4},"end":{"line":54,"column":10}},"loc":{"start":{"line":54,"column":47},"end":{"line":57,"column":null}}}},"branchMap":{"0":{"loc":{"start":{"line":15,"column":17},"end":{"line":17,"column":null}},"type":"cond-expr","locations":[{"start":{"line":16,"column":8},"end":{"line":16,"column":null}},{"start":{"line":17,"column":8},"end":{"line":17,"column":null}}]},"1":{"loc":{"start":{"line":15,"column":17},"end":{"line":15,"column":null}},"type":"binary-expr","locations":[{"start":{"line":15,"column":17},"end":{"line":15,"column":26}},{"start":{"line":15,"column":26},"end":{"line":15,"column":null}}]}},"s":{"0":459,"1":576,"2":576,"3":0,"4":40,"5":6,"6":6},"f":{"0":576,"1":0,"2":40,"3":6,"4":6},"b":{"0":[11,565],"1":[576,11]}}
,"/Users/wishula/superappnewest/superapp-mobile/superapp-admin-portal/src/services/users.service.ts": {"path":"/Users/wishula/superappnewest/superapp-mobile/superapp-admin-portal/src/services/users.service.ts","statementMap":{"0":{"start":{"line":22,"column":31},"end":{"line":22,"column":null}},"1":{"start":{"line":28,"column":4},"end":{"line":28,"column":null}},"2":{"start":{"line":35,"column":4},"end":{"line":35,"column":null}},"3":{"start":{"line":42,"column":4},"end":{"line":42,"column":null}},"4":{"start":{"line":49,"column":4},"end":{"line":49,"column":null}},"5":{"start":{"line":53,"column":28},"end":{"line":53,"column":null}}},"fnMap":{"0":{"name":"(anonymous_0)","decl":{"start":{"line":27,"column":2},"end":{"line":27,"column":8}},"loc":{"start":{"line":27,"column":34},"end":{"line":29,"column":null}}},"1":{"name":"(anonymous_1)","decl":{"start":{"line":34,"column":2},"end":{"line":34,"column":8}},"loc":{"start":{"line":34,"column":46},"end":{"line":36,"column":null}}},"2":{"name":"(anonymous_2)","decl":{"start":{"line":41,"column":2},"end":{"line":41,"column":8}},"loc":{"start":{"line":41,"column":78},"end":{"line":43,"column":null}}},"3":{"name":"(anonymous_3)","decl":{"start":{"line":48,"column":2},"end":{"line":48,"column":8}},"loc":{"start":{"line":48,"column":49},"end":{"line":50,"column":null}}}},"branchMap":{},"s":{"0":459,"1":278,"2":5,"3":15,"4":5,"5":459},"f":{"0":278,"1":5,"2":15,"3":5},"b":{}}
,"/Users/wishula/superappnewest/superapp-mobile/superapp-admin-portal/src/utils/env.ts": {"path":"/Users/wishula/superappnewest/superapp-mobile/superapp-admin-portal/src/utils/env.ts","statementMap":{"0":{"start":{"line":3,"column":2},"end":{"line":8,"column":null}},"1":{"start":{"line":5,"column":4},"end":{"line":7,"column":null}},"2":{"start":{"line":6,"column":6},"end":{"line":6,"column":null}},"3":{"start":{"line":9,"column":2},"end":{"line":15,"column":null}},"4":{"start":{"line":11,"column":4},"end":{"line":14,"column":null}},"5":{"start":{"line":12,"column":19},"end":{"line":12,"column":null}},"6":{"start":{"line":13,"column":6},"end":{"line":13,"column":null}},"7":{"start":{"line":13,"column":56},"end":{"line":13,"column":null}},"8":{"start":{"line":16,"column":2},"end":{"line":16,"column":null}}},"fnMap":{"0":{"name":"isDev","decl":{"start":{"line":2,"column":16},"end":{"line":2,"column":33}},"loc":{"start":{"line":2,"column":33},"end":{"line":17,"column":null}}}},"branchMap":{"0":{"loc":{"start":{"line":5,"column":4},"end":{"line":7,"column":null}},"type":"if","locations":[{"start":{"line":5,"column":4},"end":{"line":7,"column":null}}]},"1":{"loc":{"start":{"line":5,"column":8},"end":{"line":5,"column":97}},"type":"binary-expr","locations":[{"start":{"line":5,"column":8},"end":{"line":5,"column":42}},{"start":{"line":5,"column":42},"end":{"line":5,"column":57}},{"start":{"line":5,"column":57},"end":{"line":5,"column":97}}]},"2":{"loc":{"start":{"line":11,"column":4},"end":{"line":14,"column":null}},"type":"if","locations":[{"start":{"line":11,"column":4},"end":{"line":14,"column":null}}]},"3":{"loc":{"start":{"line":11,"column":8},"end":{"line":11,"column":74}},"type":"binary-expr","locations":[{"start":{"line":11,"column":8},"end":{"line":11,"column":41}},{"start":{"line":11,"column":41},"end":{"line":11,"column":74}}]},"4":{"loc":{"start":{"line":13,"column":6},"end":{"line":13,"column":null}},"type":"if","locations":[{"start":{"line":13,"column":6},"end":{"line":13,"column":null}}]},"5":{"loc":{"start":{"line":13,"column":10},"end":{"line":13,"column":56}},"type":"binary-expr","locations":[{"start":{"line":13,"column":10},"end":{"line":13,"column":34}},{"start":{"line":13,"column":34},"end":{"line":13,"column":56}}]}},"s":{"0":16672,"1":16672,"2":0,"3":16672,"4":16672,"5":16672,"6":16672,"7":16672,"8":0},"f":{"0":16672},"b":{"0":[0],"1":[16672,0,0],"2":[16672],"3":[16672,16672],"4":[16672],"5":[16672,0]}}
,"/Users/wishula/superappnewest/superapp-mobile/superapp-admin-portal/src/utils/zipValidator.ts": {"path":"/Users/wishula/superappnewest/superapp-mobile/superapp-admin-portal/src/utils/zipValidator.ts","statementMap":{"0":{"start":{"line":9,"column":28},"end":{"line":9,"column":null}},"1":{"start":{"line":11,"column":20},"end":{"line":13,"column":null}},"2":{"start":{"line":14,"column":20},"end":{"line":14,"column":null}},"3":{"start":{"line":15,"column":23},"end":{"line":15,"column":null}},"4":{"start":{"line":16,"column":23},"end":{"line":16,"column":null}},"5":{"start":{"line":24,"column":35},"end":{"line":28,"column":null}},"6":{"start":{"line":34,"column":2},"end":{"line":36,"column":null}},"7":{"start":{"line":35,"column":4},"end":{"line":35,"column":null}},"8":{"start":{"line":38,"column":15},"end":{"line":38,"column":null}},"9":{"start":{"line":39,"column":2},"end":{"line":41,"column":null}},"10":{"start":{"line":40,"column":4},"end":{"line":40,"column":null}},"11":{"start":{"line":40,"column":37},"end":{"line":40,"column":57}},"12":{"start":{"line":48,"column":2},"end":{"line":65,"column":null}},"13":{"start":{"line":50,"column":21},"end":{"line":50,"column":null}},"14":{"start":{"line":51,"column":17},"end":{"line":51,"column":null}},"15":{"start":{"line":54,"column":21},"end":{"line":54,"column":null}},"16":{"start":{"line":56,"column":6},"end":{"line":59,"column":null}},"17":{"start":{"line":61,"column":4},"end":{"line":61,"column":null}},"18":{"start":{"line":63,"column":4},"end":{"line":63,"column":null}},"19":{"start":{"line":64,"column":4},"end":{"line":64,"column":null}},"20":{"start":{"line":99,"column":2},"end":{"line":104,"column":null}},"21":{"start":{"line":100,"column":4},"end":{"line":103,"column":null}},"22":{"start":{"line":107,"column":29},"end":{"line":107,"column":null}},"23":{"start":{"line":108,"column":2},"end":{"line":122,"column":null}},"24":{"start":{"line":113,"column":4},"end":{"line":121,"column":null}},"25":{"start":{"line":125,"column":2},"end":{"line":135,"column":null}},"26":{"start":{"line":126,"column":4},"end":{"line":134,"column":null}},"27":{"start":{"line":138,"column":2},"end":{"line":149,"column":null}},"28":{"start":{"line":139,"column":4},"end":{"line":148,"column":null}},"29":{"start":{"line":152,"column":2},"end":{"line":163,"column":null}},"30":{"start":{"line":153,"column":10},"end":{"line":153,"column":null}},"31":{"start":{"line":154,"column":4},"end":{"line":162,"column":null}},"32":{"start":{"line":166,"column":2},"end":{"line":193,"column":null}},"33":{"start":{"line":167,"column":19},"end":{"line":167,"column":null}},"34":{"start":{"line":169,"column":4},"end":{"line":180,"column":null}},"35":{"start":{"line":170,"column":6},"end":{"line":179,"column":null}},"36":{"start":{"line":182,"column":4},"end":{"line":182,"column":null}},"37":{"start":{"line":183,"column":4},"end":{"line":192,"column":null}},"38":{"start":{"line":196,"column":28},"end":{"line":196,"column":null}},"39":{"start":{"line":197,"column":2},"end":{"line":208,"column":null}},"40":{"start":{"line":198,"column":4},"end":{"line":207,"column":null}},"41":{"start":{"line":211,"column":2},"end":{"line":218,"column":null}},"42":{"start":{"line":225,"column":2},"end":{"line":225,"column":null}},"43":{"start":{"line":232,"column":2},"end":{"line":232,"column":null}},"44":{"start":{"line":232,"column":19},"end":{"line":232,"column":null}},"45":{"start":{"line":234,"column":12},"end":{"line":234,"column":null}},"46":{"start":{"line":235,"column":16},"end":{"line":235,"column":null}},"47":{"start":{"line":236,"column":12},"end":{"line":236,"column":null}},"48":{"start":{"line":238,"column":2},"end":{"line":238,"column":null}},"49":{"start":{"line":245,"column":2},"end":{"line":248,"column":null}}},"fnMap":{"0":{"name":"hasValidZipSignature","decl":{"start":{"line":33,"column":9},"end":{"line":33,"column":30}},"loc":{"start":{"line":33,"column":60},"end":{"line":42,"column":null}}},"1":{"name":"(anonymous_1)","decl":{"start":{"line":39,"column":29},"end":{"line":39,"column":30}},"loc":{"start":{"line":40,"column":4},"end":{"line":40,"column":null}}},"2":{"name":"(anonymous_2)","decl":{"start":{"line":40,"column":20},"end":{"line":40,"column":21}},"loc":{"start":{"line":40,"column":37},"end":{"line":40,"column":57}}},"3":{"name":"verifyZipStructure","decl":{"start":{"line":47,"column":15},"end":{"line":47,"column":34}},"loc":{"start":{"line":47,"column":64},"end":{"line":66,"column":null}}},"4":{"name":"validateZipFile","decl":{"start":{"line":95,"column":22},"end":{"line":95,"column":null}},"loc":{"start":{"line":97,"column":32},"end":{"line":219,"column":null}}},"5":{"name":"isZipExtension","decl":{"start":{"line":224,"column":16},"end":{"line":224,"column":31}},"loc":{"start":{"line":224,"column":58},"end":{"line":226,"column":null}}},"6":{"name":"formatFileSize","decl":{"start":{"line":231,"column":16},"end":{"line":231,"column":31}},"loc":{"start":{"line":231,"column":54},"end":{"line":239,"column":null}}},"7":{"name":"getMaxFileSize","decl":{"start":{"line":244,"column":16},"end":{"line":244,"column":64}},"loc":{"start":{"line":244,"column":64},"end":{"line":249,"column":null}}}},"branchMap":{"0":{"loc":{"start":{"line":11,"column":20},"end":{"line":13,"column":null}},"type":"cond-expr","locations":[{"start":{"line":12,"column":5},"end":{"line":12,"column":null}},{"start":{"line":13,"column":4},"end":{"line":13,"column":null}}]},"1":{"loc":{"start":{"line":11,"column":20},"end":{"line":11,"column":null}},"type":"binary-expr","locations":[{"start":{"line":11,"column":20},"end":{"line":11,"column":59}},{"start":{"line":11,"column":59},"end":{"line":11,"column":83}},{"start":{"line":11,"column":83},"end":{"line":11,"column":null}}]},"2":{"loc":{"start":{"line":14,"column":28},"end":{"line":14,"column":83}},"type":"binary-expr","locations":[{"start":{"line":14,"column":28},"end":{"line":14,"column":64}},{"start":{"line":14,"column":64},"end":{"line":14,"column":83}}]},"3":{"loc":{"start":{"line":34,"column":2},"end":{"line":36,"column":null}},"type":"if","locations":[{"start":{"line":34,"column":2},"end":{"line":36,"column":null}}]},"4":{"loc":{"start":{"line":34,"column":6},"end":{"line":34,"column":40}},"type":"binary-expr","locations":[{"start":{"line":34,"column":6},"end":{"line":34,"column":17}},{"start":{"line":34,"column":17},"end":{"line":34,"column":40}}]},"5":{"loc":{"start":{"line":56,"column":6},"end":{"line":59,"column":null}},"type":"binary-expr","locations":[{"start":{"line":56,"column":6},"end":{"line":56,"column":null}},{"start":{"line":57,"column":6},"end":{"line":57,"column":null}},{"start":{"line":58,"column":6},"end":{"line":58,"column":null}},{"start":{"line":59,"column":6},"end":{"line":59,"column":null}}]},"6":{"loc":{"start":{"line":99,"column":2},"end":{"line":104,"column":null}},"type":"if","locations":[{"start":{"line":99,"column":2},"end":{"line":104,"column":null}}]},"7":{"loc":{"start":{"line":108,"column":2},"end":{"line":122,"column":null}},"type":"if","locations":[{"start":{"line":108,"column":2},"end":{"line":122,"column":null}}]},"8":{"loc":{"start":{"line":109,"column":4},"end":{"line":111,"column":null}},"type":"binary-expr","locations":[{"start":{"line":109,"column":4},"end":{"line":109,"column":null}},{"start":{"line":110,"column":4},"end":{"line":110,"column":null}},{"start":{"line":111,"column":4},"end":{"line":111,"column":null}}]},"9":{"loc":{"start":{"line":125,"column":2},"end":{"line":135,"column":null}},"type":"if","locations":[{"start":{"line":125,"column":2},"end":{"line":135,"column":null}}]},"10":{"loc":{"start":{"line":138,"column":2},"end":{"line":149,"column":null}},"type":"if","locations":[{"start":{"line":138,"column":2},"end":{"line":149,"column":null}}]},"11":{"loc":{"start":{"line":152,"column":2},"end":{"line":163,"column":null}},"type":"if","locations":[{"start":{"line":152,"column":2},"end":{"line":163,"column":null}}]},"12":{"loc":{"start":{"line":169,"column":4},"end":{"line":180,"column":null}},"type":"if","locations":[{"start":{"line":169,"column":4},"end":{"line":180,"column":null}}]},"13":{"loc":{"start":{"line":197,"column":2},"end":{"line":208,"column":null}},"type":"if","locations":[{"start":{"line":197,"column":2},"end":{"line":208,"column":null}}]},"14":{"loc":{"start":{"line":232,"column":2},"end":{"line":232,"column":null}},"type":"if","locations":[{"start":{"line":232,"column":2},"end":{"line":232,"column":null}}]}},"s":{"0":459,"1":459,"2":459,"3":459,"4":459,"5":459,"6":0,"7":0,"8":0,"9":0,"10":0,"11":0,"12":0,"13":0,"14":0,"15":0,"16":0,"17":0,"18":0,"19":0,"20":8,"21":0,"22":8,"23":8,"24":0,"25":8,"26":3,"27":5,"28":5,"29":0,"30":0,"31":0,"32":0,"33":0,"34":0,"35":0,"36":0,"37":0,"38":0,"39":0,"40":0,"41":0,"42":0,"43":0,"44":0,"45":0,"46":0,"47":0,"48":0,"49":0},"f":{"0":0,"1":0,"2":0,"3":0,"4":8,"5":0,"6":0,"7":0},"b":{"0":[459,0],"1":[459,459,459],"2":[459,459],"3":[0],"4":[0,0],"5":[0,0,0,0],"6":[0],"7":[0],"8":[8,8,8],"9":[3],"10":[5],"11":[0],"12":[0],"13":[0],"14":[0]}}
}
