TN:
SF:src/App.tsx
FN:19,App
FN:25,(anonymous_1)
FN:30,(anonymous_2)
FN:40,(anonymous_3)
FN:48,(anonymous_4)
FN:56,(anonymous_5)
FN:19,(anonymous_6)
FNF:7
FNH:7
FNDA:4064,App
FNDA:1034,(anonymous_1)
FNDA:931,(anonymous_2)
FNDA:32,(anonymous_3)
FNDA:379,(anonymous_4)
FNDA:2030,(anonymous_5)
FNDA:459,(anonymous_6)
DA:19,4064
DA:20,4064
DA:21,4060
DA:22,4060
DA:25,4060
DA:26,1034
DA:27,718
DA:30,718
DA:31,931
DA:32,931
DA:33,931
DA:35,0
DA:36,0
DA:40,718
DA:41,32
DA:44,718
DA:45,718
DA:48,718
DA:49,379
DA:50,379
DA:56,4060
DA:57,2030
DA:58,359
DA:59,359
DA:60,1671
DA:62,216
DA:67,4060
DA:68,200
DA:69,200
DA:73,3860
DA:74,232
DA:75,232
DA:78,3628
DA:90,459
DA:92,459
LF:35
LH:33
BRDA:26,0,0,718
BRDA:33,1,0,931
BRDA:33,1,1,0
BRDA:57,2,0,359
BRDA:57,2,1,1671
BRDA:57,3,0,2030
BRDA:57,3,1,1814
BRDA:60,4,0,216
BRDA:67,5,0,200
BRDA:73,6,0,232
BRF:10
BRH:9
end_of_record
TN:
SF:src/main.tsx
FNF:0
FNH:0
DA:9,459
LF:1
LH:1
BRF:0
BRH:0
end_of_record
TN:
SF:src/theme.ts
FN:13,(anonymous_0)
FN:193,(anonymous_1)
FNF:2
FNH:2
FNDA:1170,(anonymous_0)
FNDA:1170,(anonymous_1)
DA:13,1170
DA:193,459
DA:194,1170
LF:3
LH:3
BRDA:16,0,0,1150
BRDA:16,0,1,20
BRDA:127,1,0,1150
BRDA:127,1,1,20
BRDA:131,2,0,1150
BRDA:131,2,1,20
BRDA:167,3,0,1150
BRDA:167,3,1,20
BRDA:184,4,0,1150
BRDA:184,4,1,20
BRDA:193,5,0,0
BRF:11
BRH:10
end_of_record
TN:
SF:src/components/common/ConfirmDialog.tsx
FN:28,(anonymous_0)
FN:42,(anonymous_1)
FNF:2
FNH:2
FNDA:2356,(anonymous_0)
FNDA:785,(anonymous_1)
DA:28,459
DA:37,2356
DA:39,2356
DA:40,2356
DA:42,2356
DA:43,785
DA:44,10
DA:45,10
DA:49,2356
DA:77,459
DA:79,459
LF:11
LH:11
BRDA:34,0,0,0
BRDA:35,1,0,864
BRDA:36,2,0,0
BRDA:43,3,0,10
BRDA:43,4,0,785
BRDA:43,4,1,10
BRF:6
BRH:4
end_of_record
TN:
SF:src/components/common/Footer.tsx
FN:2,Footer
FNF:1
FNH:1
FNDA:4106,Footer
DA:2,459
DA:3,4106
DA:28,459
LF:3
LH:3
BRF:0
BRH:0
end_of_record
TN:
SF:src/components/common/Header.tsx
FN:30,Header
FN:46,(anonymous_1)
FN:50,(anonymous_2)
FN:54,(anonymous_3)
FN:58,(anonymous_4)
FN:78,(anonymous_5)
FN:97,(anonymous_6)
FN:114,(anonymous_7)
FN:30,(anonymous_8)
FNF:9
FNH:3
FNDA:4106,Header
FNDA:0,(anonymous_1)
FNDA:0,(anonymous_2)
FNDA:0,(anonymous_3)
FNDA:0,(anonymous_4)
FNDA:0,(anonymous_5)
FNDA:1540,(anonymous_6)
FNDA:0,(anonymous_7)
FNDA:359,(anonymous_8)
DA:23,459
DA:30,4106
DA:31,4106
DA:32,4106
DA:33,4106
DA:34,4106
DA:35,4106
DA:36,4106
DA:38,4106
DA:39,4106
DA:40,4106
DA:43,4106
DA:44,4106
DA:46,4106
DA:47,0
DA:50,4106
DA:51,0
DA:54,4106
DA:55,0
DA:56,0
DA:58,0
DA:59,0
DA:63,4106
DA:78,0
DA:98,1540
DA:99,1540
DA:100,1540
DA:102,1540
DA:114,0
DA:209,459
LF:30
LH:22
BRDA:38,0,0,4106
BRDA:38,0,1,0
BRDA:39,1,0,4106
BRDA:39,1,1,0
BRDA:91,2,0,4106
BRDA:91,2,1,1540
BRDA:100,3,0,1540
BRDA:100,3,1,96
BRDA:102,4,0,1540
BRDA:102,4,1,0
BRDA:135,5,0,54
BRDA:135,5,1,4052
BRDA:178,6,0,0
BRDA:178,6,1,4106
BRF:14
BRH:10
end_of_record
TN:
SF:src/components/common/Loading.tsx
FN:9,Loading
FNF:1
FNH:1
FNDA:200,Loading
DA:9,459
DA:10,200
DA:22,459
LF:3
LH:3
BRF:0
BRH:0
end_of_record
TN:
SF:src/components/layout/Layout.tsx
FN:20,Layout
FN:73,(anonymous_1)
FN:82,(anonymous_2)
FN:83,(anonymous_3)
FN:20,(anonymous_4)
FNF:5
FNH:4
FNDA:4106,Layout
FNDA:0,(anonymous_1)
FNDA:12318,(anonymous_2)
FNDA:40,(anonymous_3)
FNDA:359,(anonymous_4)
DA:20,4106
DA:21,4106
DA:22,4106
DA:40,4106
DA:73,0
DA:83,12318
DA:99,459
LF:7
LH:6
BRF:0
BRH:0
end_of_record
TN:
SF:src/components/ui/AddMicroAppDialog.tsx
FN:46,(anonymous_0)
FN:88,(anonymous_1)
FN:105,(anonymous_2)
FN:113,(anonymous_3)
FN:119,(anonymous_4)
FN:136,(anonymous_5)
FN:155,(anonymous_6)
FN:160,(anonymous_7)
FN:172,(anonymous_8)
FN:192,(anonymous_9)
FN:195,(anonymous_10)
FN:196,(anonymous_11)
FN:199,(anonymous_12)
FN:222,(anonymous_13)
FN:259,(anonymous_14)
FN:261,(anonymous_15)
FN:265,(anonymous_16)
FN:269,(anonymous_17)
FN:275,(anonymous_18)
FN:277,(anonymous_19)
FN:283,(anonymous_20)
FN:284,(anonymous_21)
FN:292,(anonymous_22)
FN:301,(anonymous_23)
FN:316,(anonymous_24)
FN:322,(anonymous_25)
FN:330,(anonymous_26)
FN:332,(anonymous_27)
FN:337,(anonymous_28)
FN:346,(anonymous_29)
FN:347,(anonymous_30)
FN:349,(anonymous_31)
FN:353,(anonymous_32)
FN:368,(anonymous_33)
FN:396,(anonymous_34)
FN:405,(anonymous_35)
FN:406,(anonymous_36)
FN:407,(anonymous_37)
FN:420,(anonymous_38)
FN:421,(anonymous_39)
FN:422,(anonymous_40)
FN:443,(anonymous_41)
FN:444,(anonymous_42)
FN:448,(anonymous_43)
FN:461,(anonymous_44)
FN:462,(anonymous_45)
FN:473,(anonymous_46)
FN:474,(anonymous_47)
FN:514,(anonymous_48)
FN:526,(anonymous_49)
FN:534,(anonymous_50)
FN:535,(anonymous_51)
FN:583,(anonymous_52)
FN:595,(anonymous_53)
FN:603,(anonymous_54)
FN:604,(anonymous_55)
FN:636,(anonymous_56)
FN:637,(anonymous_57)
FN:641,(anonymous_58)
FN:663,(anonymous_59)
FN:664,(anonymous_60)
FN:679,(anonymous_61)
FN:680,(anonymous_62)
FN:684,(anonymous_63)
FN:713,(anonymous_64)
FN:725,(anonymous_65)
FN:733,(anonymous_66)
FN:734,(anonymous_67)
FN:773,(anonymous_68)
FN:774,(anonymous_69)
FN:795,(anonymous_70)
FN:799,(anonymous_71)
FN:863,(anonymous_72)
FN:895,(anonymous_73)
FN:46,(anonymous_74)
FNF:75
FNH:41
FNDA:4562,(anonymous_0)
FNDA:4410,(anonymous_1)
FNDA:122,(anonymous_2)
FNDA:58,(anonymous_3)
FNDA:58,(anonymous_4)
FNDA:0,(anonymous_5)
FNDA:58,(anonymous_6)
FNDA:58,(anonymous_7)
FNDA:0,(anonymous_8)
FNDA:116,(anonymous_9)
FNDA:24,(anonymous_10)
FNDA:30,(anonymous_11)
FNDA:23,(anonymous_12)
FNDA:186,(anonymous_13)
FNDA:0,(anonymous_14)
FNDA:0,(anonymous_15)
FNDA:0,(anonymous_16)
FNDA:0,(anonymous_17)
FNDA:0,(anonymous_18)
FNDA:0,(anonymous_19)
FNDA:0,(anonymous_20)
FNDA:0,(anonymous_21)
FNDA:0,(anonymous_22)
FNDA:0,(anonymous_23)
FNDA:0,(anonymous_24)
FNDA:0,(anonymous_25)
FNDA:23,(anonymous_26)
FNDA:23,(anonymous_27)
FNDA:12,(anonymous_28)
FNDA:0,(anonymous_29)
FNDA:0,(anonymous_30)
FNDA:0,(anonymous_31)
FNDA:35,(anonymous_32)
FNDA:35,(anonymous_33)
FNDA:4562,(anonymous_34)
FNDA:368,(anonymous_35)
FNDA:368,(anonymous_36)
FNDA:0,(anonymous_37)
FNDA:128,(anonymous_38)
FNDA:128,(anonymous_39)
FNDA:12,(anonymous_40)
FNDA:207,(anonymous_41)
FNDA:207,(anonymous_42)
FNDA:0,(anonymous_43)
FNDA:165,(anonymous_44)
FNDA:165,(anonymous_45)
FNDA:11,(anonymous_46)
FNDA:11,(anonymous_47)
FNDA:0,(anonymous_48)
FNDA:0,(anonymous_49)
FNDA:0,(anonymous_50)
FNDA:0,(anonymous_51)
FNDA:0,(anonymous_52)
FNDA:0,(anonymous_53)
FNDA:0,(anonymous_54)
FNDA:0,(anonymous_55)
FNDA:151,(anonymous_56)
FNDA:163,(anonymous_57)
FNDA:0,(anonymous_58)
FNDA:22,(anonymous_59)
FNDA:33,(anonymous_60)
FNDA:257,(anonymous_61)
FNDA:257,(anonymous_62)
FNDA:0,(anonymous_63)
FNDA:0,(anonymous_64)
FNDA:0,(anonymous_65)
FNDA:0,(anonymous_66)
FNDA:0,(anonymous_67)
FNDA:115,(anonymous_68)
FNDA:115,(anonymous_69)
FNDA:70,(anonymous_70)
FNDA:0,(anonymous_71)
FNDA:152,(anonymous_72)
FNDA:22810,(anonymous_73)
FNDA:204,(anonymous_74)
DA:38,459
DA:46,459
DA:50,4562
DA:51,4562
DA:52,4562
DA:53,4562
DA:54,4562
DA:59,4562
DA:64,4562
DA:67,4562
DA:85,4562
DA:86,4562
DA:88,4562
DA:89,4410
DA:91,2902
DA:94,70
DA:97,1034
DA:99,404
DA:101,0
DA:105,4562
DA:106,122
DA:107,6
DA:111,116
DA:112,29
DA:113,58
DA:118,29
DA:119,58
DA:120,29
DA:123,0
DA:124,0
DA:126,0
DA:127,0
DA:128,0
DA:131,0
DA:132,0
DA:133,0
DA:136,0
DA:141,0
DA:143,0
DA:144,0
DA:148,0
DA:149,0
DA:151,0
DA:153,87
DA:154,29
DA:155,58
DA:159,29
DA:160,58
DA:161,29
DA:164,0
DA:165,0
DA:167,0
DA:168,0
DA:169,0
DA:172,0
DA:173,0
DA:175,0
DA:176,0
DA:182,0
DA:183,0
DA:185,0
DA:187,58
DA:189,29
DA:192,116
DA:195,4562
DA:196,30
DA:199,4562
DA:200,23
DA:201,23
DA:218,23
DA:219,23
DA:222,4562
DA:223,186
DA:225,186
DA:227,29
DA:228,29
DA:229,29
DA:230,0
DA:231,29
DA:233,29
DA:234,0
DA:235,0
DA:238,29
DA:240,29
DA:241,0
DA:242,29
DA:243,0
DA:244,29
DA:245,0
DA:246,0
DA:248,29
DA:250,64
DA:251,6
DA:252,64
DA:255,186
DA:256,186
DA:259,4562
DA:260,0
DA:261,0
DA:263,0
DA:265,0
DA:268,0
DA:269,0
DA:274,0
DA:275,0
DA:276,0
DA:277,0
DA:283,0
DA:284,0
DA:285,0
DA:286,0
DA:287,0
DA:291,0
DA:292,0
DA:293,0
DA:294,0
DA:295,0
DA:297,0
DA:301,4562
DA:305,0
DA:307,0
DA:308,0
DA:310,0
DA:311,0
DA:312,0
DA:316,0
DA:317,0
DA:322,0
DA:323,0
DA:324,0
DA:325,0
DA:330,4562
DA:331,23
DA:332,23
DA:336,23
DA:337,6
DA:338,12
DA:339,12
DA:342,23
DA:346,4562
DA:347,0
DA:349,0
DA:353,4562
DA:354,35
DA:356,35
DA:357,35
DA:359,35
DA:368,35
DA:371,35
DA:372,23
DA:373,23
DA:374,23
DA:376,12
DA:378,12
DA:379,6
DA:381,6
DA:382,6
DA:383,6
DA:384,6
DA:386,6
DA:392,35
DA:396,4562
DA:397,4562
DA:399,2902
DA:406,368
DA:407,368
DA:421,128
DA:422,128
DA:444,207
DA:448,207
DA:462,165
DA:474,11
DA:487,70
DA:515,0
DA:516,0
DA:526,0
DA:535,0
DA:584,0
DA:585,0
DA:595,0
DA:604,0
DA:630,1034
DA:637,163
DA:641,151
DA:664,33
DA:680,257
DA:684,257
DA:714,0
DA:715,0
DA:725,0
DA:734,0
DA:763,404
DA:773,115
DA:775,115
DA:776,0
DA:777,0
DA:796,70
DA:799,0
DA:818,152
DA:864,152
DA:878,0
DA:882,4562
DA:896,22810
DA:925,459
DA:927,459
LF:205
LH:119
BRDA:51,0,0,4562
BRDA:51,0,1,4562
BRDA:51,0,2,4562
BRDA:89,1,0,2902
BRDA:89,1,1,70
BRDA:89,1,2,1034
BRDA:89,1,3,404
BRDA:89,1,4,0
BRDA:91,2,0,2902
BRDA:91,2,1,2902
BRDA:91,2,2,2890
BRDA:94,3,0,70
BRDA:94,3,1,0
BRDA:97,4,0,1034
BRDA:97,4,1,1022
BRDA:97,4,2,1022
BRDA:97,4,3,0
BRDA:106,5,0,6
BRDA:111,6,0,29
BRDA:111,6,1,87
BRDA:112,7,0,29
BRDA:115,8,0,58
BRDA:115,8,1,46
BRDA:116,9,0,58
BRDA:116,9,1,46
BRDA:126,10,0,0
BRDA:131,11,0,0
BRDA:145,12,0,0
BRDA:145,12,1,0
BRDA:153,13,0,29
BRDA:153,13,1,58
BRDA:154,14,0,29
BRDA:157,15,0,58
BRDA:157,15,1,46
BRDA:167,16,0,0
BRDA:177,17,0,0
BRDA:177,17,1,0
BRDA:187,18,0,29
BRDA:189,19,0,0
BRDA:225,20,0,29
BRDA:225,20,1,29
BRDA:225,20,2,29
BRDA:225,20,3,64
BRDA:227,21,0,0
BRDA:228,22,0,0
BRDA:229,23,0,0
BRDA:233,24,0,0
BRDA:234,25,0,0
BRDA:234,26,0,0
BRDA:234,26,1,0
BRDA:240,27,0,0
BRDA:242,28,0,0
BRDA:244,29,0,0
BRDA:245,30,0,0
BRDA:245,31,0,0
BRDA:245,31,1,0
BRDA:250,32,0,6
BRDA:268,33,0,0
BRDA:268,33,1,0
BRDA:274,34,0,0
BRDA:274,34,1,0
BRDA:276,35,0,0
BRDA:305,36,0,0
BRDA:305,36,1,0
BRDA:307,37,0,0
BRDA:310,38,0,0
BRDA:311,39,0,0
BRDA:311,39,1,0
BRDA:318,40,0,0
BRDA:318,40,1,0
BRDA:318,41,0,0
BRDA:318,41,1,0
BRDA:331,42,0,23
BRDA:331,43,0,23
BRDA:331,43,1,23
BRDA:336,44,0,6
BRDA:354,45,0,0
BRDA:378,46,0,6
BRDA:378,46,1,6
BRDA:378,47,0,12
BRDA:378,47,1,12
BRDA:378,47,2,12
BRDA:382,48,0,6
BRDA:383,49,0,6
BRDA:387,50,0,6
BRDA:387,50,1,0
BRDA:397,51,0,2902
BRDA:397,51,1,70
BRDA:397,51,2,1034
BRDA:397,51,3,404
BRDA:397,51,4,152
BRDA:397,51,5,0
BRDA:407,52,0,0
BRDA:411,53,0,2902
BRDA:411,53,1,2902
BRDA:422,54,0,6
BRDA:428,55,0,12
BRDA:428,55,1,2890
BRDA:448,56,0,0
BRDA:476,57,0,11
BRDA:476,57,1,0
BRDA:516,58,0,0
BRDA:516,58,1,0
BRDA:521,59,0,70
BRDA:521,59,1,0
BRDA:521,59,2,0
BRDA:529,60,0,70
BRDA:529,60,1,24
BRDA:540,61,0,70
BRDA:540,61,1,0
BRDA:547,62,0,70
BRDA:547,62,1,0
BRDA:585,63,0,0
BRDA:585,63,1,0
BRDA:590,64,0,70
BRDA:590,64,1,0
BRDA:590,64,2,0
BRDA:598,65,0,70
BRDA:598,65,1,0
BRDA:609,66,0,70
BRDA:609,66,1,0
BRDA:616,67,0,70
BRDA:616,67,1,0
BRDA:641,68,0,0
BRDA:647,69,0,12
BRDA:647,69,1,1022
BRDA:668,70,0,33
BRDA:668,70,1,11
BRDA:684,71,0,0
BRDA:715,72,0,0
BRDA:715,72,1,0
BRDA:720,73,0,1034
BRDA:720,73,1,0
BRDA:720,73,2,0
BRDA:728,74,0,1034
BRDA:728,74,1,108
BRDA:742,75,0,1034
BRDA:742,75,1,0
BRDA:749,76,0,1034
BRDA:749,76,1,0
BRDA:775,77,0,0
BRDA:793,78,0,404
BRDA:793,78,1,84
BRDA:805,79,0,404
BRDA:805,79,1,334
BRDA:839,80,0,44
BRDA:839,80,1,108
BRDA:910,81,0,4562
BRDA:910,81,1,1660
BRDA:913,82,0,152
BRDA:913,82,1,4410
BRDA:914,83,0,152
BRDA:914,83,1,82
BRDA:915,84,0,70
BRDA:915,84,1,82
BRDA:918,85,0,4410
BRDA:918,85,1,4410
BRF:157
BRH:90
end_of_record
TN:
SF:src/components/ui/AddVersionDialog.tsx
FN:31,(anonymous_0)
FN:49,(anonymous_1)
FN:51,(anonymous_2)
FN:64,(anonymous_3)
FN:77,(anonymous_4)
FN:93,(anonymous_5)
FN:97,(anonymous_6)
FN:108,(anonymous_7)
FN:118,(anonymous_8)
FN:131,(anonymous_9)
FN:138,(anonymous_10)
FN:191,(anonymous_11)
FN:192,(anonymous_12)
FN:206,(anonymous_13)
FN:207,(anonymous_14)
FN:221,(anonymous_15)
FN:222,(anonymous_16)
FN:257,(anonymous_17)
FN:269,(anonymous_18)
FN:277,(anonymous_19)
FN:278,(anonymous_20)
FN:31,(anonymous_21)
FNF:22
FNH:16
FNDA:430,(anonymous_0)
FNDA:436,(anonymous_1)
FNDA:98,(anonymous_2)
FNDA:6,(anonymous_3)
FNDA:14,(anonymous_4)
FNDA:0,(anonymous_5)
FNDA:11,(anonymous_6)
FNDA:2,(anonymous_7)
FNDA:11,(anonymous_8)
FNDA:6,(anonymous_9)
FNDA:3,(anonymous_10)
FNDA:55,(anonymous_11)
FNDA:77,(anonymous_12)
FNDA:0,(anonymous_13)
FNDA:0,(anonymous_14)
FNDA:115,(anonymous_15)
FNDA:115,(anonymous_16)
FNDA:14,(anonymous_17)
FNDA:0,(anonymous_18)
FNDA:0,(anonymous_19)
FNDA:0,(anonymous_20)
FNDA:14,(anonymous_21)
DA:31,459
DA:36,430
DA:39,430
DA:43,430
DA:44,430
DA:45,430
DA:46,459
DA:49,430
DA:50,436
DA:51,98
DA:52,98
DA:55,430
DA:62,430
DA:64,430
DA:65,6
DA:71,6
DA:72,6
DA:73,6
DA:74,6
DA:77,430
DA:78,14
DA:80,14
DA:81,8
DA:82,8
DA:83,8
DA:84,8
DA:85,8
DA:89,6
DA:90,6
DA:92,0
DA:93,0
DA:97,430
DA:98,11
DA:100,11
DA:101,11
DA:102,0
DA:103,11
DA:104,5
DA:107,11
DA:108,2
DA:110,11
DA:111,0
DA:114,11
DA:115,11
DA:118,430
DA:119,11
DA:121,6
DA:122,6
DA:124,6
DA:127,6
DA:128,6
DA:130,6
DA:131,6
DA:132,6
DA:133,6
DA:134,6
DA:135,6
DA:136,6
DA:138,6
DA:142,6
DA:150,6
DA:151,6
DA:152,6
DA:153,6
DA:155,0
DA:156,0
DA:161,6
DA:165,430
DA:192,77
DA:207,0
DA:222,115
DA:258,14
DA:259,14
DA:269,0
DA:278,0
DA:279,0
DA:324,459
DA:326,459
LF:78
LH:68
BRDA:39,0,0,430
BRDA:39,0,1,430
BRDA:39,0,2,430
BRDA:39,0,3,430
BRDA:50,1,0,338
BRDA:50,2,0,436
BRDA:50,2,1,436
BRDA:78,3,0,14
BRDA:78,3,1,0
BRDA:80,4,0,8
BRDA:82,5,0,8
BRDA:83,6,0,8
BRDA:83,6,1,0
BRDA:100,7,0,0
BRDA:101,8,0,0
BRDA:103,9,0,5
BRDA:103,10,0,11
BRDA:103,10,1,11
BRDA:110,11,0,0
BRDA:119,12,0,5
BRDA:127,13,0,6
BRDA:157,14,0,0
BRDA:157,14,1,0
BRDA:195,15,0,430
BRDA:195,15,1,430
BRDA:209,16,0,0
BRDA:209,16,1,0
BRDA:250,17,0,430
BRDA:250,17,1,406
BRDA:259,18,0,14
BRDA:259,18,1,0
BRDA:264,19,0,430
BRDA:264,19,1,24
BRDA:264,19,2,24
BRDA:272,20,0,430
BRDA:272,20,1,0
BRDA:283,21,0,430
BRDA:283,21,1,406
BRDA:283,21,2,0
BRDA:283,21,3,24
BRDA:288,22,0,24
BRDA:288,22,1,0
BRDA:289,23,0,24
BRDA:289,23,1,0
BRDA:301,24,0,430
BRDA:301,24,1,10
BRDA:319,25,0,24
BRDA:319,25,1,406
BRF:48
BRH:34
end_of_record
TN:
SF:src/components/ui/CreateUserDialog.tsx
FN:36,TabPanel
FN:52,(anonymous_1)
FN:85,(anonymous_2)
FN:89,(anonymous_3)
FN:90,(anonymous_4)
FN:93,(anonymous_5)
FN:98,(anonymous_6)
FN:105,(anonymous_7)
FN:106,(anonymous_8)
FN:119,(anonymous_9)
FN:121,(anonymous_10)
FN:121,(anonymous_11)
FN:126,(anonymous_12)
FN:142,(anonymous_13)
FN:161,(anonymous_14)
FN:172,(anonymous_15)
FN:175,(anonymous_16)
FN:176,(anonymous_17)
FN:178,(anonymous_18)
FN:179,(anonymous_19)
FN:179,(anonymous_20)
FN:189,(anonymous_21)
FN:209,(anonymous_22)
FN:230,(anonymous_23)
FN:235,(anonymous_24)
FN:257,(anonymous_25)
FN:272,(anonymous_26)
FN:295,(anonymous_27)
FN:317,(anonymous_28)
FN:374,(anonymous_29)
FN:385,(anonymous_30)
FN:395,(anonymous_31)
FN:406,(anonymous_32)
FN:415,(anonymous_33)
FN:440,(anonymous_34)
FN:461,(anonymous_35)
FN:470,(anonymous_36)
FN:495,(anonymous_37)
FN:508,(anonymous_38)
FN:519,(anonymous_39)
FN:529,(anonymous_40)
FN:540,(anonymous_41)
FN:553,(anonymous_42)
FN:52,(anonymous_43)
FNF:44
FNH:30
FNDA:1040,TabPanel
FNDA:1184,(anonymous_1)
FNDA:20,(anonymous_2)
FNDA:165,(anonymous_3)
FNDA:165,(anonymous_4)
FNDA:0,(anonymous_5)
FNDA:0,(anonymous_6)
FNDA:0,(anonymous_7)
FNDA:0,(anonymous_8)
FNDA:0,(anonymous_9)
FNDA:0,(anonymous_10)
FNDA:0,(anonymous_11)
FNDA:5,(anonymous_12)
FNDA:15,(anonymous_13)
FNDA:40,(anonymous_14)
FNDA:15,(anonymous_15)
FNDA:75,(anonymous_16)
FNDA:75,(anonymous_17)
FNDA:75,(anonymous_18)
FNDA:75,(anonymous_19)
FNDA:225,(anonymous_20)
FNDA:225,(anonymous_21)
FNDA:20,(anonymous_22)
FNDA:40,(anonymous_23)
FNDA:40,(anonymous_24)
FNDA:40,(anonymous_25)
FNDA:20,(anonymous_26)
FNDA:5,(anonymous_27)
FNDA:15,(anonymous_28)
FNDA:85,(anonymous_29)
FNDA:25,(anonymous_30)
FNDA:25,(anonymous_31)
FNDA:0,(anonymous_32)
FNDA:30,(anonymous_33)
FNDA:20,(anonymous_34)
FNDA:40,(anonymous_35)
FNDA:1304,(anonymous_36)
FNDA:0,(anonymous_37)
FNDA:0,(anonymous_38)
FNDA:0,(anonymous_39)
FNDA:0,(anonymous_40)
FNDA:0,(anonymous_41)
FNDA:0,(anonymous_42)
FNDA:121,(anonymous_43)
DA:37,1040
DA:39,1040
DA:50,459
DA:52,459
DA:56,1184
DA:57,1184
DA:58,1184
DA:59,1184
DA:62,1184
DA:71,1184
DA:81,1184
DA:83,1184
DA:85,1184
DA:86,20
DA:89,1184
DA:90,165
DA:93,1184
DA:98,0
DA:99,0
DA:100,0
DA:101,0
DA:105,1184
DA:106,0
DA:116,0
DA:119,1184
DA:120,0
DA:121,0
DA:123,0
DA:126,1184
DA:127,5
DA:132,0
DA:133,0
DA:135,5
DA:136,0
DA:137,0
DA:139,5
DA:142,1184
DA:143,15
DA:144,40
DA:145,40
DA:146,0
DA:150,0
DA:152,40
DA:153,0
DA:157,0
DA:161,40
DA:162,15
DA:163,15
DA:164,0
DA:165,0
DA:167,15
DA:172,1184
DA:173,15
DA:175,75
DA:176,75
DA:177,15
DA:178,75
DA:179,225
DA:180,15
DA:181,15
DA:182,15
DA:183,15
DA:184,15
DA:185,15
DA:186,15
DA:187,15
DA:188,15
DA:189,225
DA:190,45
DA:191,45
DA:192,45
DA:193,45
DA:194,45
DA:196,45
DA:197,10
DA:198,10
DA:200,35
DA:201,5
DA:202,5
DA:204,30
DA:206,15
DA:209,1184
DA:210,20
DA:211,20
DA:212,20
DA:213,20
DA:214,20
DA:215,5
DA:216,5
DA:217,5
DA:219,15
DA:220,15
DA:221,15
DA:222,15
DA:224,0
DA:225,0
DA:229,20
DA:230,40
DA:234,20
DA:235,20
DA:236,40
DA:237,40
DA:238,40
DA:239,40
DA:243,20
DA:246,20
DA:247,0
DA:250,20
DA:252,20
DA:253,5
DA:254,5
DA:257,40
DA:264,15
DA:265,15
DA:267,0
DA:268,0
DA:272,1184
DA:273,20
DA:274,20
DA:276,20
DA:278,5
DA:279,0
DA:281,5
DA:282,5
DA:285,15
DA:286,0
DA:288,15
DA:289,15
DA:291,5
DA:292,5
DA:293,5
DA:295,5
DA:296,5
DA:297,5
DA:298,5
DA:300,10
DA:307,15
DA:308,15
DA:310,0
DA:311,0
DA:313,20
DA:317,1184
DA:318,15
DA:320,15
DA:327,15
DA:336,15
DA:337,15
DA:338,15
DA:339,15
DA:343,1184
DA:375,85
DA:386,25
DA:396,25
DA:407,0
DA:416,30
DA:441,20
DA:442,20
DA:443,20
DA:445,20
DA:462,40
DA:471,1304
DA:495,0
DA:509,0
DA:520,0
DA:530,0
DA:541,0
DA:554,0
DA:588,459
DA:590,918
LF:169
LH:134
BRDA:47,0,0,1040
BRDA:47,0,1,520
BRDA:120,1,0,0
BRDA:127,2,0,0
BRDA:128,3,0,5
BRDA:128,3,1,5
BRDA:128,3,2,5
BRDA:135,4,0,0
BRDA:145,5,0,0
BRDA:145,6,0,40
BRDA:145,6,1,40
BRDA:145,6,2,40
BRDA:152,7,0,0
BRDA:163,8,0,0
BRDA:177,9,0,0
BRDA:185,10,0,0
BRDA:185,11,0,15
BRDA:185,11,1,15
BRDA:185,11,2,15
BRDA:190,12,0,45
BRDA:190,12,1,5
BRDA:191,13,0,45
BRDA:191,13,1,0
BRDA:192,14,0,45
BRDA:192,14,1,5
BRDA:193,15,0,45
BRDA:193,15,1,0
BRDA:193,16,0,45
BRDA:193,16,1,45
BRDA:194,17,0,45
BRDA:194,17,1,0
BRDA:194,18,0,45
BRDA:194,18,1,5
BRDA:196,19,0,10
BRDA:196,20,0,45
BRDA:196,20,1,40
BRDA:196,20,2,40
BRDA:200,21,0,5
BRDA:214,22,0,5
BRDA:214,22,1,15
BRDA:216,23,0,5
BRDA:219,24,0,15
BRDA:219,24,1,0
BRDA:229,25,0,20
BRDA:229,25,1,0
BRDA:230,26,0,40
BRDA:230,26,1,40
BRDA:230,26,2,40
BRDA:230,26,3,40
BRDA:237,27,0,0
BRDA:246,28,0,0
BRDA:250,29,0,20
BRDA:250,29,1,0
BRDA:252,30,0,5
BRDA:258,31,0,40
BRDA:258,31,1,0
BRDA:259,32,0,40
BRDA:259,32,1,0
BRDA:260,33,0,40
BRDA:260,33,1,0
BRDA:261,34,0,40
BRDA:261,34,1,40
BRDA:262,35,0,40
BRDA:262,35,1,0
BRDA:276,36,0,5
BRDA:276,36,1,15
BRDA:278,37,0,0
BRDA:285,38,0,0
BRDA:289,39,0,5
BRDA:289,39,1,10
BRDA:289,40,0,15
BRDA:289,40,1,5
BRDA:289,41,0,5
BRDA:289,41,1,0
BRDA:291,42,0,5
BRDA:291,42,1,0
BRDA:292,43,0,5
BRDA:292,43,1,0
BRDA:318,44,0,15
BRDA:442,45,0,20
BRDA:450,46,0,1184
BRDA:450,46,1,70
BRDA:455,47,0,1184
BRDA:455,47,1,20
BRDA:463,48,0,30
BRDA:463,48,1,10
BRDA:491,49,0,1304
BRDA:491,49,1,190
BRDA:579,50,0,40
BRDA:579,50,1,1144
BRDA:581,51,0,1054
BRDA:581,51,1,90
BRF:92
BRH:67
end_of_record
TN:
SF:src/components/ui/Dashboard.tsx
FN:21,Dashboard
FN:93,(anonymous_1)
FN:98,(anonymous_2)
FN:21,(anonymous_3)
FNF:4
FNH:0
FNDA:0,Dashboard
FNDA:0,(anonymous_1)
FNDA:0,(anonymous_2)
FNDA:0,(anonymous_3)
DA:21,459
DA:22,0
DA:23,459
DA:24,0
DA:25,0
DA:27,0
DA:51,0
DA:94,0
DA:95,0
DA:98,0
DA:156,459
LF:11
LH:3
BRDA:24,0,0,0
BRDA:24,0,1,0
BRDA:25,1,0,0
BRDA:25,1,1,0
BRF:4
BRH:0
end_of_record
TN:
SF:src/components/ui/EditMicroAppDialog.tsx
FN:27,(anonymous_0)
FN:45,(anonymous_1)
FN:56,(anonymous_2)
FN:67,(anonymous_3)
FN:119,(anonymous_4)
FN:120,(anonymous_5)
FN:132,(anonymous_6)
FN:133,(anonymous_7)
FN:147,(anonymous_8)
FN:148,(anonymous_9)
FN:159,(anonymous_10)
FN:160,(anonymous_11)
FN:27,(anonymous_12)
FNF:13
FNH:13
FNDA:376,(anonymous_0)
FNDA:5,(anonymous_1)
FNDA:5,(anonymous_2)
FNDA:5,(anonymous_3)
FNDA:30,(anonymous_4)
FNDA:31,(anonymous_5)
FNDA:70,(anonymous_6)
FNDA:88,(anonymous_7)
FNDA:70,(anonymous_8)
FNDA:88,(anonymous_9)
FNDA:5,(anonymous_10)
FNDA:5,(anonymous_11)
FNDA:5,(anonymous_12)
DA:27,459
DA:32,376
DA:33,376
DA:34,459
DA:36,376
DA:43,376
DA:45,376
DA:46,5
DA:52,5
DA:53,5
DA:56,376
DA:57,5
DA:59,5
DA:60,5
DA:61,0
DA:63,5
DA:64,5
DA:67,376
DA:68,5
DA:70,5
DA:71,5
DA:73,5
DA:81,5
DA:82,5
DA:83,5
DA:84,5
DA:86,0
DA:87,0
DA:92,5
DA:96,376
DA:120,31
DA:133,88
DA:148,88
DA:160,5
DA:183,459
DA:185,459
LF:36
LH:33
BRDA:39,0,0,376
BRDA:39,0,1,0
BRDA:49,1,0,5
BRDA:49,1,1,0
BRDA:59,2,0,0
BRDA:60,3,0,0
BRDA:68,4,0,0
BRDA:88,5,0,0
BRDA:88,5,1,0
BRDA:162,6,0,5
BRDA:162,6,1,0
BRDA:178,7,0,10
BRDA:178,7,1,366
BRF:13
BRH:5
end_of_record
TN:
SF:src/context/NotificationContext.tsx
FN:21,(anonymous_0)
FN:39,(anonymous_1)
FN:48,(anonymous_2)
FN:55,(anonymous_3)
FN:56,(anonymous_4)
FN:82,Notification
FNF:6
FNH:6
FNDA:19870,(anonymous_0)
FNDA:3142,(anonymous_1)
FNDA:689,(anonymous_2)
FNDA:505,(anonymous_3)
FNDA:524,(anonymous_4)
FNDA:3142,Notification
DA:17,459
DA:21,19870
DA:22,19870
DA:23,19870
DA:24,0
DA:26,19870
DA:27,459
DA:39,459
DA:41,3142
DA:42,3142
DA:48,3142
DA:52,689
DA:55,3142
DA:56,524
DA:59,3142
DA:72,459
DA:82,918
DA:83,3142
DA:100,459
LF:19
LH:18
BRDA:23,0,0,0
BRDA:50,1,0,0
BRF:2
BRH:0
end_of_record
TN:
SF:src/context/ThemeContext.tsx
FN:21,(anonymous_0)
FN:35,(anonymous_1)
FN:37,(anonymous_2)
FN:43,(anonymous_3)
FN:56,(anonymous_4)
FN:57,(anonymous_5)
FN:60,(anonymous_6)
FNF:7
FNH:7
FNDA:4106,(anonymous_0)
FNDA:938,(anonymous_1)
FNDA:918,(anonymous_2)
FNDA:928,(anonymous_3)
FNDA:10,(anonymous_4)
FNDA:10,(anonymous_5)
FNDA:938,(anonymous_6)
DA:19,459
DA:21,4106
DA:22,4106
DA:23,4106
DA:24,0
DA:26,4106
DA:27,459
DA:33,459
DA:35,938
DA:37,938
DA:38,918
DA:39,918
DA:43,938
DA:44,928
DA:46,928
DA:47,928
DA:48,928
DA:49,928
DA:50,928
DA:56,938
DA:57,10
DA:60,938
DA:62,938
DA:67,459
LF:24
LH:23
BRDA:23,0,0,0
BRDA:39,1,0,170
BRDA:39,1,1,748
BRDA:39,2,0,918
BRDA:39,2,1,908
BRDA:50,3,0,15
BRDA:50,3,1,913
BRDA:57,4,0,5
BRDA:57,4,1,5
BRF:9
BRH:8
end_of_record
TN:
SF:src/lib/auth-context.tsx
FN:20,getConfigs
FN:49,AuthProvider
FN:61,(anonymous_2)
FN:87,useAuth
FN:103,(anonymous_4)
FN:108,(anonymous_5)
FN:123,(anonymous_6)
FN:132,getAccessToken
FN:147,(anonymous_8)
FN:156,(anonymous_9)
FN:168,(anonymous_10)
FN:87,(anonymous_11)
FNF:12
FNH:10
FNDA:918,getConfigs
FNDA:918,AuthProvider
FNDA:0,(anonymous_2)
FNDA:11680,useAuth
FNDA:11010,(anonymous_4)
FNDA:11010,(anonymous_5)
FNDA:664,(anonymous_6)
FNDA:931,getAccessToken
FNDA:0,(anonymous_8)
FNDA:32,(anonymous_9)
FNDA:2636,(anonymous_10)
FNDA:459,(anonymous_11)
DA:21,918
DA:22,918
DA:23,918
DA:24,918
DA:25,918
DA:26,918
DA:28,0
DA:30,0
DA:31,0
DA:33,0
DA:41,918
DA:42,918
DA:43,918
DA:44,918
DA:45,918
DA:46,918
DA:50,918
DA:53,918
DA:61,918
DA:62,0
DA:63,0
DA:64,0
DA:65,0
DA:66,0
DA:69,918
DA:85,459
DA:87,11680
DA:88,11680
DA:90,11680
DA:91,11674
DA:95,0
DA:97,11674
DA:104,11010
DA:105,11010
DA:106,11010
DA:108,11010
DA:111,0
DA:124,664
DA:125,664
DA:126,0
DA:127,0
DA:128,0
DA:133,931
DA:134,931
DA:137,0
DA:138,0
DA:139,0
DA:144,0
DA:147,11674
DA:148,0
DA:149,0
DA:150,0
DA:153,0
DA:156,11674
DA:157,32
DA:158,32
DA:159,32
DA:160,32
DA:162,32
DA:164,0
DA:167,11674
DA:168,2636
DA:172,459
LF:63
LH:40
BRDA:21,0,0,918
BRDA:21,0,1,0
BRDA:24,1,0,918
BRDA:24,1,1,0
BRDA:25,2,0,918
BRDA:25,2,1,0
BRDA:26,3,0,0
BRDA:26,4,0,918
BRDA:26,4,1,918
BRDA:28,5,0,0
BRDA:28,6,0,0
BRDA:28,6,1,0
BRDA:28,6,2,0
BRDA:30,7,0,0
BRDA:30,7,1,0
BRDA:31,8,0,0
BRDA:31,8,1,0
BRDA:88,9,0,11680
BRDA:88,9,1,11680
BRDA:88,9,2,11680
BRDA:91,10,0,0
BRDA:91,11,0,11674
BRDA:91,11,1,664
BRDA:97,12,0,11010
BRDA:97,12,1,664
BRDA:105,13,0,11010
BRDA:105,13,1,7658
BRDA:119,14,0,664
BRDA:119,14,1,664
BRDA:119,14,2,664
BRDA:125,15,0,664
BRDA:126,16,0,0
BRDA:127,17,0,0
BRDA:133,18,0,931
BRDA:137,19,0,0
BRDA:137,20,0,0
BRDA:137,20,1,0
BRDA:144,21,0,0
BRDA:144,21,1,0
BRDA:148,22,0,0
BRDA:157,23,0,32
BRF:41
BRH:20
end_of_record
TN:
SF:src/pages/ComingSoon.tsx
FN:4,(anonymous_0)
FNF:1
FNH:0
FNDA:0,(anonymous_0)
DA:4,459
DA:5,0
DA:27,459
DA:29,459
LF:4
LH:3
BRF:0
BRH:0
end_of_record
TN:
SF:src/pages/Login.tsx
FN:21,Login
FN:76,(anonymous_1)
FN:21,(anonymous_2)
FNF:3
FNH:2
FNDA:232,Login
FNDA:0,(anonymous_1)
FNDA:116,(anonymous_2)
DA:21,459
DA:22,459
DA:25,232
DA:27,232
DA:76,0
DA:91,459
LF:6
LH:5
BRF:0
BRH:0
end_of_record
TN:
SF:src/pages/MicroApps.tsx
FN:43,useDebouncedValue
FN:45,(anonymous_1)
FN:46,(anonymous_2)
FN:47,(anonymous_3)
FN:52,(anonymous_4)
FN:54,(anonymous_5)
FN:93,(anonymous_6)
FN:98,(anonymous_7)
FN:121,(anonymous_8)
FN:125,(anonymous_9)
FN:132,(anonymous_10)
FN:136,(anonymous_11)
FN:137,(anonymous_12)
FN:148,(anonymous_13)
FN:155,(anonymous_14)
FN:162,(anonymous_15)
FN:166,(anonymous_16)
FN:170,(anonymous_17)
FN:188,(anonymous_18)
FN:194,(anonymous_19)
FN:195,(anonymous_20)
FN:221,(anonymous_21)
FN:296,(anonymous_22)
FN:391,(anonymous_23)
FN:481,(anonymous_24)
FN:485,(anonymous_25)
FN:509,(anonymous_26)
FN:546,(anonymous_27)
FN:630,(anonymous_28)
FN:651,(anonymous_29)
FN:684,(anonymous_30)
FN:717,(anonymous_31)
FN:718,(anonymous_32)
FN:727,(anonymous_33)
FN:728,(anonymous_34)
FN:730,(anonymous_35)
FN:731,(anonymous_36)
FN:741,(anonymous_37)
FN:52,(anonymous_38)
FNF:39
FNH:35
FNDA:3276,useDebouncedValue
FNDA:591,(anonymous_1)
FNDA:98,(anonymous_2)
FNDA:381,(anonymous_3)
FNDA:3278,(anonymous_4)
FNDA:1092,(anonymous_5)
FNDA:547,(anonymous_6)
FNDA:576,(anonymous_7)
FNDA:23,(anonymous_8)
FNDA:61,(anonymous_9)
FNDA:25,(anonymous_10)
FNDA:3,(anonymous_11)
FNDA:3,(anonymous_12)
FNDA:5,(anonymous_13)
FNDA:14,(anonymous_14)
FNDA:0,(anonymous_15)
FNDA:0,(anonymous_16)
FNDA:0,(anonymous_17)
FNDA:6,(anonymous_18)
FNDA:6,(anonymous_19)
FNDA:6,(anonymous_20)
FNDA:10200,(anonymous_21)
FNDA:55,(anonymous_22)
FNDA:3634,(anonymous_23)
FNDA:614,(anonymous_24)
FNDA:614,(anonymous_25)
FNDA:3,(anonymous_26)
FNDA:416,(anonymous_27)
FNDA:61,(anonymous_28)
FNDA:6,(anonymous_29)
FNDA:0,(anonymous_30)
FNDA:23,(anonymous_31)
FNDA:23,(anonymous_32)
FNDA:5,(anonymous_33)
FNDA:5,(anonymous_34)
FNDA:10,(anonymous_35)
FNDA:10,(anonymous_36)
FNDA:6,(anonymous_37)
FNDA:268,(anonymous_38)
DA:43,3276
DA:44,3276
DA:45,3276
DA:46,591
DA:47,591
DA:49,3276
DA:50,459
DA:52,3278
DA:53,3278
DA:54,3276
DA:55,3276
DA:56,3276
DA:57,3276
DA:58,3276
DA:59,3276
DA:60,3276
DA:61,3276
DA:62,3276
DA:63,3276
DA:69,3276
DA:75,3276
DA:84,3276
DA:91,3276
DA:93,3276
DA:94,547
DA:98,3276
DA:99,576
DA:100,576
DA:101,576
DA:102,576
DA:103,576
DA:104,394
DA:106,167
DA:107,167
DA:108,167
DA:109,12
DA:111,155
DA:117,561
DA:121,3276
DA:122,23
DA:125,3276
DA:129,61
DA:132,3276
DA:133,25
DA:136,3276
DA:137,3
DA:138,3
DA:139,3
DA:140,0
DA:142,3
DA:144,3
DA:148,3276
DA:149,5
DA:150,5
DA:152,5
DA:155,3276
DA:156,14
DA:157,14
DA:159,14
DA:162,3276
DA:163,0
DA:166,3276
DA:167,0
DA:170,3276
DA:171,0
DA:172,0
DA:174,0
DA:175,0
DA:176,0
DA:178,0
DA:180,0
DA:181,0
DA:188,3276
DA:189,6
DA:191,6
DA:192,6
DA:194,6
DA:195,6
DA:197,6
DA:202,0
DA:203,0
DA:208,6
DA:212,3276
DA:213,1700
DA:214,1700
DA:222,10200
DA:258,1576
DA:259,12
DA:274,1564
DA:296,55
DA:392,3634
DA:481,614
DA:486,614
DA:509,3
DA:547,416
DA:630,61
DA:651,6
DA:685,0
DA:686,0
DA:691,0
DA:717,23
DA:719,23
DA:720,23
DA:727,5
DA:730,5
DA:731,10
DA:741,6
DA:748,459
DA:750,459
LF:109
LH:93
BRDA:43,0,0,0
BRDA:54,1,0,3276
BRDA:54,1,1,0
BRDA:55,2,0,3276
BRDA:55,2,1,2244
BRDA:103,3,0,11
BRDA:103,3,1,565
BRDA:108,4,0,12
BRDA:108,4,1,155
BRDA:112,5,0,155
BRDA:112,5,1,0
BRDA:139,6,0,0
BRDA:139,6,1,3
BRDA:149,7,0,5
BRDA:156,8,0,14
BRDA:182,9,0,0
BRDA:182,9,1,0
BRDA:192,10,0,3
BRDA:192,10,1,3
BRDA:195,11,0,6
BRDA:195,11,1,0
BRDA:198,12,0,3
BRDA:198,12,1,3
BRDA:204,13,0,0
BRDA:204,13,1,0
BRDA:212,14,0,1700
BRDA:258,15,0,12
BRDA:325,16,0,528
BRDA:325,16,1,1028
BRDA:426,17,0,252
BRDA:426,17,1,3382
BRDA:428,18,0,252
BRDA:428,18,1,3382
BRDA:433,19,0,24
BRDA:433,19,1,3610
BRDA:434,20,0,24
BRDA:434,20,1,3610
BRDA:439,21,0,3218
BRDA:439,21,1,416
BRDA:480,22,0,614
BRDA:480,22,1,3020
BRDA:494,23,0,3634
BRDA:494,23,1,0
BRDA:511,24,0,6
BRDA:511,24,1,3628
BRDA:519,25,0,6
BRDA:519,25,1,3628
BRDA:587,26,0,416
BRDA:587,26,1,416
BRDA:649,27,0,1556
BRDA:649,27,1,140
BRDA:653,28,0,18
BRDA:653,28,1,122
BRDA:663,29,0,18
BRDA:663,29,1,122
BRDA:685,30,0,0
BRDA:724,31,0,1556
BRDA:724,31,1,16
BRDA:731,32,0,10
BRDA:731,32,1,0
BRDA:738,33,0,1556
BRDA:738,33,1,102
BRF:62
BRH:50
end_of_record
TN:
SF:src/pages/NotFound.tsx
FN:4,NotFound
FNF:1
FNH:1
FNDA:96,NotFound
DA:4,459
DA:5,96
DA:20,459
LF:3
LH:3
BRF:0
BRH:0
end_of_record
TN:
SF:src/pages/Users.tsx
FN:38,(anonymous_0)
FN:44,(anonymous_1)
FN:45,(anonymous_2)
FN:60,(anonymous_3)
FN:79,(anonymous_4)
FN:84,(anonymous_5)
FN:91,(anonymous_6)
FN:96,(anonymous_7)
FN:100,(anonymous_8)
FN:115,(anonymous_9)
FN:117,(anonymous_10)
FN:118,(anonymous_11)
FN:123,(anonymous_12)
FN:124,(anonymous_13)
FN:143,(anonymous_14)
FN:144,(anonymous_15)
FN:162,(anonymous_16)
FN:168,(anonymous_17)
FN:168,(anonymous_18)
FN:170,(anonymous_19)
FN:202,(anonymous_20)
FN:254,(anonymous_21)
FN:309,(anonymous_22)
FN:322,(anonymous_23)
FN:338,(anonymous_24)
FN:344,(anonymous_25)
FN:410,(anonymous_26)
FN:453,(anonymous_27)
FN:471,(anonymous_28)
FN:484,(anonymous_29)
FN:38,(anonymous_30)
FNF:31
FNH:30
FNDA:1878,(anonymous_0)
FNDA:258,(anonymous_1)
FNDA:258,(anonymous_2)
FNDA:278,(anonymous_3)
FNDA:258,(anonymous_4)
FNDA:318,(anonymous_5)
FNDA:15,(anonymous_6)
FNDA:10,(anonymous_7)
FNDA:5,(anonymous_8)
FNDA:562,(anonymous_9)
FNDA:626,(anonymous_10)
FNDA:626,(anonymous_11)
FNDA:614,(anonymous_12)
FNDA:746,(anonymous_13)
FNDA:714,(anonymous_14)
FNDA:734,(anonymous_15)
FNDA:714,(anonymous_16)
FNDA:2442,(anonymous_17)
FNDA:50,(anonymous_18)
FNDA:36,(anonymous_19)
FNDA:5020,(anonymous_20)
FNDA:25,(anonymous_21)
FNDA:0,(anonymous_22)
FNDA:25,(anonymous_23)
FNDA:5,(anonymous_24)
FNDA:1826,(anonymous_25)
FNDA:1676,(anonymous_26)
FNDA:10,(anonymous_27)
FNDA:15,(anonymous_28)
FNDA:5,(anonymous_29)
FNDA:129,(anonymous_30)
DA:38,1878
DA:39,1878
DA:40,1876
DA:41,1876
DA:42,1876
DA:43,1876
DA:44,1876
DA:45,1876
DA:46,1876
DA:52,1876
DA:57,1876
DA:58,1876
DA:60,1876
DA:61,278
DA:62,278
DA:63,278
DA:64,278
DA:65,261
DA:67,12
DA:68,12
DA:69,12
DA:70,12
DA:72,0
DA:75,273
DA:79,1876
DA:80,258
DA:84,1876
DA:85,318
DA:86,318
DA:87,318
DA:88,318
DA:91,1876
DA:92,15
DA:93,15
DA:96,1876
DA:97,10
DA:100,1876
DA:101,5
DA:103,5
DA:104,5
DA:105,5
DA:106,5
DA:107,5
DA:109,0
DA:110,0
DA:115,1876
DA:116,562
DA:117,626
DA:118,626
DA:119,554
DA:123,1868
DA:124,614
DA:126,746
DA:127,30
DA:131,716
DA:132,100
DA:133,100
DA:134,100
DA:135,100
DA:138,616
DA:143,1868
DA:144,714
DA:146,734
DA:152,734
DA:157,734
DA:158,734
DA:162,1868
DA:163,714
DA:164,714
DA:165,714
DA:168,2442
DA:169,50
DA:170,36
DA:172,20
DA:173,20
DA:177,1868
DA:178,1004
DA:179,1004
DA:203,5020
DA:217,864
DA:218,20
DA:233,844
DA:254,25
DA:309,0
DA:322,25
DA:338,5
DA:345,1826
DA:411,1676
DA:453,10
DA:471,15
DA:484,5
DA:490,459
DA:492,459
LF:93
LH:89
BRDA:44,0,0,258
BRDA:44,0,1,248
BRDA:45,1,0,258
BRDA:45,1,1,248
BRDA:69,2,0,12
BRDA:69,2,1,0
BRDA:86,3,0,60
BRDA:87,4,0,20
BRDA:87,5,0,318
BRDA:87,5,1,318
BRDA:101,6,0,0
BRDA:126,7,0,30
BRDA:126,8,0,746
BRDA:126,8,1,40
BRDA:131,9,0,100
BRDA:135,10,0,100
BRDA:135,10,1,50
BRDA:146,11,0,514
BRDA:146,11,1,220
BRDA:148,12,0,120
BRDA:148,12,1,100
BRDA:150,13,0,100
BRDA:150,13,1,0
BRDA:152,14,0,514
BRDA:152,14,1,220
BRDA:154,15,0,120
BRDA:154,15,1,100
BRDA:156,16,0,100
BRDA:156,16,1,0
BRDA:158,17,0,574
BRDA:158,17,1,160
BRDA:169,18,0,30
BRDA:169,18,1,20
BRDA:170,19,0,36
BRDA:170,19,1,0
BRDA:177,20,0,1004
BRDA:217,21,0,20
BRDA:286,22,0,30
BRDA:286,22,1,814
BRDA:351,23,0,814
BRDA:351,23,1,654
BRDA:351,23,2,190
BRDA:367,24,0,724
BRDA:367,24,1,90
BRDA:370,25,0,724
BRDA:370,25,1,90
BRDA:377,26,0,46
BRDA:377,26,1,768
BRDA:380,27,0,46
BRDA:380,27,1,768
BRDA:387,28,0,44
BRDA:387,28,1,770
BRDA:390,29,0,44
BRDA:390,29,1,770
BRDA:401,30,0,10
BRDA:401,30,1,804
BRDA:435,31,0,1676
BRDA:435,31,1,0
BRDA:479,32,0,30
BRDA:479,32,1,814
BRF:60
BRH:54
end_of_record
TN:
SF:src/services/api.service.ts
FN:14,(anonymous_0)
FN:26,(anonymous_1)
FN:34,(anonymous_2)
FN:45,(anonymous_3)
FN:46,(anonymous_4)
FN:54,(anonymous_5)
FN:58,(anonymous_6)
FN:66,(anonymous_7)
FN:113,(anonymous_8)
FN:148,(anonymous_9)
FN:155,(anonymous_10)
FN:165,(anonymous_11)
FN:175,(anonymous_12)
FN:182,(anonymous_13)
FN:249,(anonymous_14)
FN:114,(anonymous_8)
FN:149,(anonymous_9)
FN:156,(anonymous_10)
FN:166,(anonymous_11)
FN:176,(anonymous_12)
FN:183,(anonymous_13)
FN:250,(anonymous_14)
FNF:22
FNH:19
FNDA:459,(anonymous_0)
FNDA:459,(anonymous_1)
FNDA:718,(anonymous_2)
FNDA:718,(anonymous_3)
FNDA:32,(anonymous_4)
FNDA:379,(anonymous_5)
FNDA:379,(anonymous_6)
FNDA:1693,(anonymous_7)
FNDA:791,(anonymous_8)
FNDA:158,(anonymous_9)
FNDA:10,(anonymous_10)
FNDA:0,(anonymous_11)
FNDA:1,(anonymous_12)
FNDA:0,(anonymous_13)
FNDA:6,(anonymous_14)
FNDA:170,(anonymous_8)
FNDA:696,(anonymous_9)
FNDA:56,(anonymous_10)
FNDA:6,(anonymous_11)
FNDA:4,(anonymous_12)
FNDA:6,(anonymous_13)
FNDA:0,(anonymous_14)
DA:9,459
DA:10,459
DA:12,459
DA:16,459
DA:17,459
DA:19,459
DA:20,0
DA:26,459
DA:27,459
DA:35,718
DA:37,718
DA:38,718
DA:46,718
DA:47,32
DA:55,379
DA:56,379
DA:58,379
DA:59,379
DA:70,931
DA:72,931
DA:75,931
DA:77,931
DA:78,0
DA:79,0
DA:82,931
DA:90,931
DA:92,931
DA:93,931
DA:98,926
DA:99,884
DA:100,188
DA:102,723
DA:103,723
DA:104,220
DA:105,193
DA:106,918
DA:107,860
DA:108,699
DA:109,196
DA:110,185
DA:112,910
DA:113,844
DA:114,210
DA:116,706
DA:117,706
DA:118,210
DA:119,153
DA:120,706
DA:121,231
DA:124,879
DA:125,879
DA:126,730
DA:130,782
DA:131,215
DA:133,873
DA:134,873
DA:135,726
DA:136,169
DA:138,873
DA:139,726
DA:140,812
DA:141,501
DA:142,141
DA:149,158
DA:150,696
DA:156,56
DA:166,6
DA:176,1
DA:177,4
DA:183,0
DA:185,6
DA:186,6
DA:190,6
DA:191,6
DA:192,6
DA:194,6
DA:199,6
DA:200,6
DA:201,0
DA:202,0
DA:203,0
DA:204,0
DA:205,0
DA:207,6
DA:208,0
DA:209,0
DA:210,0
DA:211,0
DA:212,0
DA:214,6
DA:215,6
DA:217,6
DA:223,6
DA:224,0
DA:233,6
DA:234,0
DA:235,0
DA:236,0
DA:237,0
DA:238,0
DA:239,0
DA:240,0
DA:241,0
DA:242,6
DA:243,0
DA:244,0
DA:245,0
DA:246,0
DA:248,6
DA:249,0
DA:250,0
DA:252,0
DA:253,0
DA:255,6
DA:256,6
DA:257,0
DA:258,6
DA:259,0
DA:260,0
DA:265,92
LF:120
LH:86
BRDA:17,0,0,459
BRDA:17,0,1,0
BRDA:19,1,0,0
BRDA:37,2,0,718
BRDA:68,3,0,0
BRDA:75,4,0,931
BRDA:75,4,1,0
BRDA:77,5,0,0
BRDA:98,6,0,8
BRDA:99,7,0,32
BRDA:106,8,0,8
BRDA:112,9,0,31
BRDA:116,10,0,93
BRDA:116,10,1,613
BRDA:117,11,0,63
BRDA:117,12,0,93
BRDA:117,12,1,644
BRDA:117,12,2,31
BRDA:125,13,0,6
BRDA:126,14,0,117
BRDA:126,14,1,117
BRDA:126,14,2,113
BRDA:134,15,0,0
BRDA:134,16,0,111
BRDA:134,16,1,111
BRDA:158,17,0,10
BRDA:158,17,1,0
BRDA:168,18,0,0
BRDA:168,18,1,0
BRDA:186,19,0,0
BRDA:186,19,1,0
BRDA:186,19,2,0
BRDA:186,19,3,0
BRDA:190,20,0,0
BRDA:201,21,0,0
BRDA:201,21,1,0
BRDA:207,22,0,0
BRDA:207,23,0,0
BRDA:207,23,1,0
BRDA:208,24,0,0
BRDA:233,25,0,0
BRDA:235,26,0,0
BRDA:242,27,0,0
BRDA:248,28,0,0
BRDA:252,29,0,0
BRDA:252,29,1,0
BRDA:99,30,0,24
BRDA:100,31,0,32
BRDA:107,32,0,16
BRDA:113,33,0,62
BRDA:117,34,0,93
BRDA:117,34,1,31
BRDA:118,35,0,36
BRDA:118,36,0,63
BRDA:118,36,1,92
BRDA:118,36,2,62
BRDA:130,37,0,46
BRDA:130,38,0,619
BRDA:130,38,1,724
BRDA:130,38,2,596
BRDA:135,39,0,0
BRDA:135,40,0,557
BRDA:135,40,1,668
BRDA:159,41,0,56
BRDA:159,41,1,0
BRDA:169,42,0,0
BRDA:169,42,1,6
BRDA:190,43,0,6
BRDA:190,43,1,6
BRDA:190,43,2,6
BRDA:190,43,3,6
BRDA:191,44,0,6
BRDA:202,45,0,0
BRDA:202,45,1,0
BRDA:208,46,0,0
BRDA:208,47,0,0
BRDA:208,47,1,0
BRDA:209,48,0,0
BRDA:234,49,0,0
BRDA:236,50,0,0
BRDA:243,51,0,0
BRDA:249,52,0,0
BRDA:253,53,0,0
BRDA:253,53,1,0
BRF:84
BRH:43
end_of_record
TN:
SF:src/services/microapps.service.ts
FN:14,(anonymous_0)
FN:24,(anonymous_1)
FN:31,(anonymous_2)
FN:38,(anonymous_3)
FN:54,(anonymous_4)
FNF:5
FNH:4
FNDA:576,(anonymous_0)
FNDA:0,(anonymous_1)
FNDA:40,(anonymous_2)
FNDA:6,(anonymous_3)
FNDA:6,(anonymous_4)
DA:10,459
DA:15,576
DA:18,576
DA:25,0
DA:32,40
DA:48,6
DA:56,6
LF:7
LH:6
BRDA:15,0,0,11
BRDA:15,0,1,565
BRDA:15,1,0,576
BRDA:15,1,1,11
BRF:4
BRH:4
end_of_record
TN:
SF:src/services/users.service.ts
FN:27,(anonymous_0)
FN:34,(anonymous_1)
FN:41,(anonymous_2)
FN:48,(anonymous_3)
FNF:4
FNH:4
FNDA:278,(anonymous_0)
FNDA:5,(anonymous_1)
FNDA:15,(anonymous_2)
FNDA:5,(anonymous_3)
DA:22,459
DA:28,278
DA:35,5
DA:42,15
DA:49,5
DA:53,459
LF:6
LH:6
BRF:0
BRH:0
end_of_record
TN:
SF:src/utils/env.ts
FN:2,isDev
FNF:1
FNH:1
FNDA:16672,isDev
DA:3,16672
DA:5,16672
DA:6,0
DA:9,16672
DA:11,16672
DA:12,16672
DA:13,16672
DA:16,0
LF:8
LH:6
BRDA:5,0,0,0
BRDA:5,1,0,16672
BRDA:5,1,1,0
BRDA:5,1,2,0
BRDA:11,2,0,16672
BRDA:11,3,0,16672
BRDA:11,3,1,16672
BRDA:13,4,0,16672
BRDA:13,5,0,16672
BRDA:13,5,1,0
BRF:10
BRH:6
end_of_record
TN:
SF:src/utils/zipValidator.ts
FN:33,hasValidZipSignature
FN:39,(anonymous_1)
FN:40,(anonymous_2)
FN:47,verifyZipStructure
FN:95,validateZipFile
FN:224,isZipExtension
FN:231,formatFileSize
FN:244,getMaxFileSize
FNF:8
FNH:1
FNDA:0,hasValidZipSignature
FNDA:0,(anonymous_1)
FNDA:0,(anonymous_2)
FNDA:0,verifyZipStructure
FNDA:8,validateZipFile
FNDA:0,isZipExtension
FNDA:0,formatFileSize
FNDA:0,getMaxFileSize
DA:9,459
DA:11,459
DA:14,459
DA:15,459
DA:16,459
DA:24,459
DA:34,0
DA:35,0
DA:38,0
DA:39,0
DA:40,0
DA:48,0
DA:50,0
DA:51,0
DA:54,0
DA:56,0
DA:61,0
DA:63,0
DA:64,0
DA:99,8
DA:100,0
DA:107,8
DA:108,8
DA:113,0
DA:125,8
DA:126,3
DA:138,5
DA:139,5
DA:152,0
DA:153,0
DA:154,0
DA:166,0
DA:167,0
DA:169,0
DA:170,0
DA:182,0
DA:183,0
DA:196,0
DA:197,0
DA:198,0
DA:211,0
DA:225,0
DA:232,0
DA:234,0
DA:235,0
DA:236,0
DA:238,0
DA:245,0
LF:48
LH:13
BRDA:11,0,0,459
BRDA:11,0,1,0
BRDA:11,1,0,459
BRDA:11,1,1,459
BRDA:11,1,2,459
BRDA:14,2,0,459
BRDA:14,2,1,459
BRDA:34,3,0,0
BRDA:34,4,0,0
BRDA:34,4,1,0
BRDA:56,5,0,0
BRDA:56,5,1,0
BRDA:56,5,2,0
BRDA:56,5,3,0
BRDA:99,6,0,0
BRDA:108,7,0,0
BRDA:109,8,0,8
BRDA:109,8,1,8
BRDA:109,8,2,8
BRDA:125,9,0,3
BRDA:138,10,0,5
BRDA:152,11,0,0
BRDA:169,12,0,0
BRDA:197,13,0,0
BRDA:232,14,0,0
BRF:25
BRH:11
end_of_record
