{
  "/Users/wishula/superappnewest/superapp-mobile/superapp-admin-portal/src/utils/env.ts": {
    "path": "/Users/wishula/superappnewest/superapp-mobile/superapp-admin-portal/src/utils/env.ts",
    "statementMap": {
      "0": {
        "start": {
          "line": 2,
          "column": 2
        },
        "end": {
          "line": 7,
          "column": 3
        }
      },
      "1": {
        "start": {
          "line": 3,
          "column": 4
        },
        "end": {
          "line": 5,
          "column": 5
        }
      },
      "2": {
        "start": {
          "line": 4,
          "column": 6
        },
        "end": {
          "line": 4,
          "column": 18
        }
      },
      "3": {
        "start": {
          "line": 8,
          "column": 2
        },
        "end": {
          "line": 14,
          "column": 3
        }
      },
      "4": {
        "start": {
          "line": 9,
          "column": 4
        },
        "end": {
          "line": 12,
          "column": 5
        }
      },
      "5": {
        "start": {
          "line": 10,
          "column": 19
        },
        "end": {
          "line": 10,
          "column": 36
        }
      },
      "6": {
        "start": {
          "line": 11,
          "column": 6
        },
        "end": {
          "line": 11,
          "column": 68
        }
      },
      "7": {
        "start": {
          "line": 11,
          "column": 56
        },
        "end": {
          "line": 11,
          "column": 68
        }
      },
      "8": {
        "start": {
          "line": 15,
          "column": 2
        },
        "end": {
          "line": 15,
          "column": 15
        }
      }
    },
    "fnMap": {
      "0": {
        "name": "isDev",
        "decl": {
          "start": {
            "line": 1,
            "column": 16
          },
          "end": {
            "line": 1,
            "column": 21
          }
        },
        "loc": {
          "start": {
            "line": 1,
            "column": 24
          },
          "end": {
            "line": 16,
            "column": 1
          }
        },
        "line": 1
      }
    },
    "branchMap": {
      "0": {
        "loc": {
          "start": {
            "line": 3,
            "column": 4
          },
          "end": {
            "line": 5,
            "column": 5
          }
        },
        "type": "if",
        "locations": [
          {
            "start": {
              "line": 3,
              "column": 4
            },
            "end": {
              "line": 5,
              "column": 5
            }
          },
          {
            "start": {},
            "end": {}
          }
        ],
        "line": 3
      },
      "1": {
        "loc": {
          "start": {
            "line": 3,
            "column": 8
          },
          "end": {
            "line": 3,
            "column": 95
          }
        },
        "type": "binary-expr",
        "locations": [
          {
            "start": {
              "line": 3,
              "column": 8
            },
            "end": {
              "line": 3,
              "column": 38
            }
          },
          {
            "start": {
              "line": 3,
              "column": 42
            },
            "end": {
              "line": 3,
              "column": 53
            }
          },
          {
            "start": {
              "line": 3,
              "column": 57
            },
            "end": {
              "line": 3,
              "column": 95
            }
          }
        ],
        "line": 3
      },
      "2": {
        "loc": {
          "start": {
            "line": 9,
            "column": 4
          },
          "end": {
            "line": 12,
            "column": 5
          }
        },
        "type": "if",
        "locations": [
          {
            "start": {
              "line": 9,
              "column": 4
            },
            "end": {
              "line": 12,
              "column": 5
            }
          },
          {
            "start": {},
            "end": {}
          }
        ],
        "line": 9
      },
      "3": {
        "loc": {
          "start": {
            "line": 9,
            "column": 8
          },
          "end": {
            "line": 9,
            "column": 72
          }
        },
        "type": "binary-expr",
        "locations": [
          {
            "start": {
              "line": 9,
              "column": 8
            },
            "end": {
              "line": 9,
              "column": 37
            }
          },
          {
            "start": {
              "line": 9,
              "column": 41
            },
            "end": {
              "line": 9,
              "column": 72
            }
          }
        ],
        "line": 9
      },
      "4": {
        "loc": {
          "start": {
            "line": 11,
            "column": 6
          },
          "end": {
            "line": 11,
            "column": 68
          }
        },
        "type": "if",
        "locations": [
          {
            "start": {
              "line": 11,
              "column": 6
            },
            "end": {
              "line": 11,
              "column": 68
            }
          },
          {
            "start": {},
            "end": {}
          }
        ],
        "line": 11
      },
      "5": {
        "loc": {
          "start": {
            "line": 11,
            "column": 10
          },
          "end": {
            "line": 11,
            "column": 54
          }
        },
        "type": "binary-expr",
        "locations": [
          {
            "start": {
              "line": 11,
              "column": 10
            },
            "end": {
              "line": 11,
              "column": 30
            }
          },
          {
            "start": {
              "line": 11,
              "column": 34
            },
            "end": {
              "line": 11,
              "column": 54
            }
          }
        ],
        "line": 11
      }
    },
    "s": {
      "0": 16672,
      "1": 16672,
      "2": 0,
      "3": 16672,
      "4": 16672,
      "5": 16672,
      "6": 16672,
      "7": 16672,
      "8": 0
    },
    "f": {
      "0": 16672
    },
    "b": {
      "0": [
        0,
        16672
      ],
      "1": [
        16672,
        0,
        0
      ],
      "2": [
        16672,
        0
      ],
      "3": [
        16672,
        16672
      ],
      "4": [
        16672,
        0
      ],
      "5": [
        16672,
        0
      ]
    },
    "inputSourceMap": {
      "version": 3,
      "sources": [
        "/Users/wishula/superappnewest/superapp-mobile/superapp-admin-portal/src/utils/env.ts"
      ],
      "mappings": "AACO,gBAAS,QAAiB;AAC/B,MAAI;AAEF,QAAI,OAAO,YAAY,eAAe,QAAQ,OAAO,QAAQ,IAAI,aAAa,eAAe;AAC3F,aAAO;AAAA,IACT;AAAA,EACF,QAAQ;AAAA,EAAC;AACT,MAAI;AAEF,QAAI,OAAO,WAAW,eAAe,OAAO,aAAa,aAAa;AACpE,YAAM,OAAO,SAAS;AACtB,UAAI,SAAS,eAAe,SAAS,YAAa,QAAO;AAAA,IAC3D;AAAA,EACF,QAAQ;AAAA,EAAC;AACT,SAAO;AACT;",
      "names": []
    },
    "_coverageSchema": "1a1c01bbd47fc00a2c39e90264f33305004495a9",
    "hash": "6ce6b2218349c4185acd8fd990ea883cb0d6fe6b"
  },
  "/Users/wishula/superappnewest/superapp-mobile/superapp-admin-portal/src/lib/auth-context.tsx": {
    "path": "/Users/wishula/superappnewest/superapp-mobile/superapp-admin-portal/src/lib/auth-context.tsx",
    "statementMap": {
      "0": {
        "start": {
          "line": 2,
          "column": 9
        },
        "end": {
          "line": 2,
          "column": 23
        }
      },
      "1": {
        "start": {
          "line": 7,
          "column": 12
        },
        "end": {
          "line": 7,
          "column": 32
        }
      },
      "2": {
        "start": {
          "line": 8,
          "column": 19
        },
        "end": {
          "line": 8,
          "column": 34
        }
      },
      "3": {
        "start": {
          "line": 9,
          "column": 16
        },
        "end": {
          "line": 9,
          "column": 30
        }
      },
      "4": {
        "start": {
          "line": 10,
          "column": 22
        },
        "end": {
          "line": 10,
          "column": 70
        }
      },
      "5": {
        "start": {
          "line": 11,
          "column": 32
        },
        "end": {
          "line": 11,
          "column": 70
        }
      },
      "6": {
        "start": {
          "line": 12,
          "column": 2
        },
        "end": {
          "line": 18,
          "column": 3
        }
      },
      "7": {
        "start": {
          "line": 13,
          "column": 4
        },
        "end": {
          "line": 16,
          "column": 5
        }
      },
      "8": {
        "start": {
          "line": 14,
          "column": 6
        },
        "end": {
          "line": 14,
          "column": 50
        }
      },
      "9": {
        "start": {
          "line": 15,
          "column": 6
        },
        "end": {
          "line": 15,
          "column": 210
        }
      },
      "10": {
        "start": {
          "line": 17,
          "column": 4
        },
        "end": {
          "line": 17,
          "column": 81
        }
      },
      "11": {
        "start": {
          "line": 19,
          "column": 23
        },
        "end": {
          "line": 19,
          "column": 68
        }
      },
      "12": {
        "start": {
          "line": 20,
          "column": 24
        },
        "end": {
          "line": 20,
          "column": 65
        }
      },
      "13": {
        "start": {
          "line": 21,
          "column": 15
        },
        "end": {
          "line": 21,
          "column": 47
        }
      },
      "14": {
        "start": {
          "line": 22,
          "column": 21
        },
        "end": {
          "line": 22,
          "column": 37
        }
      },
      "15": {
        "start": {
          "line": 23,
          "column": 19
        },
        "end": {
          "line": 23,
          "column": 33
        }
      },
      "16": {
        "start": {
          "line": 24,
          "column": 2
        },
        "end": {
          "line": 24,
          "column": 86
        }
      },
      "17": {
        "start": {
          "line": 27,
          "column": 87
        },
        "end": {
          "line": 27,
          "column": 99
        }
      },
      "18": {
        "start": {
          "line": 28,
          "column": 19
        },
        "end": {
          "line": 34,
          "column": 3
        }
      },
      "19": {
        "start": {
          "line": 35,
          "column": 27
        },
        "end": {
          "line": 41,
          "column": 3
        }
      },
      "20": {
        "start": {
          "line": 36,
          "column": 16
        },
        "end": {
          "line": 36,
          "column": 45
        }
      },
      "21": {
        "start": {
          "line": 37,
          "column": 4
        },
        "end": {
          "line": 37,
          "column": 36
        }
      },
      "22": {
        "start": {
          "line": 38,
          "column": 4
        },
        "end": {
          "line": 38,
          "column": 37
        }
      },
      "23": {
        "start": {
          "line": 39,
          "column": 4
        },
        "end": {
          "line": 39,
          "column": 45
        }
      },
      "24": {
        "start": {
          "line": 40,
          "column": 4
        },
        "end": {
          "line": 40,
          "column": 68
        }
      },
      "25": {
        "start": {
          "line": 42,
          "column": 2
        },
        "end": {
          "line": 65,
          "column": 4
        }
      },
      "26": {
        "start": {
          "line": 67,
          "column": 0
        },
        "end": {
          "line": 67,
          "column": 18
        }
      },
      "27": {
        "start": {
          "line": 69,
          "column": 2
        },
        "end": {
          "line": 69,
          "column": 7
        }
      },
      "28": {
        "start": {
          "line": 70,
          "column": 17
        },
        "end": {
          "line": 70,
          "column": 109
        }
      },
      "29": {
        "start": {
          "line": 71,
          "column": 15
        },
        "end": {
          "line": 71,
          "column": 24
        }
      },
      "30": {
        "start": {
          "line": 72,
          "column": 2
        },
        "end": {
          "line": 74,
          "column": 3
        }
      },
      "31": {
        "start": {
          "line": 73,
          "column": 4
        },
        "end": {
          "line": 73,
          "column": 45
        }
      },
      "32": {
        "start": {
          "line": 75,
          "column": 16
        },
        "end": {
          "line": 100,
          "column": 3
        }
      },
      "33": {
        "start": {
          "line": 81,
          "column": 6
        },
        "end": {
          "line": 86,
          "column": 7
        }
      },
      "34": {
        "start": {
          "line": 82,
          "column": 20
        },
        "end": {
          "line": 82,
          "column": 66
        }
      },
      "35": {
        "start": {
          "line": 83,
          "column": 8
        },
        "end": {
          "line": 83,
          "column": 71
        }
      },
      "36": {
        "start": {
          "line": 83,
          "column": 45
        },
        "end": {
          "line": 83,
          "column": 53
        }
      },
      "37": {
        "start": {
          "line": 85,
          "column": 8
        },
        "end": {
          "line": 85,
          "column": 18
        }
      },
      "38": {
        "start": {
          "line": 94,
          "column": 16
        },
        "end": {
          "line": 94,
          "column": 42
        }
      },
      "39": {
        "start": {
          "line": 95,
          "column": 6
        },
        "end": {
          "line": 95,
          "column": 24
        }
      },
      "40": {
        "start": {
          "line": 95,
          "column": 14
        },
        "end": {
          "line": 95,
          "column": 24
        }
      },
      "41": {
        "start": {
          "line": 96,
          "column": 6
        },
        "end": {
          "line": 96,
          "column": 37
        }
      },
      "42": {
        "start": {
          "line": 96,
          "column": 28
        },
        "end": {
          "line": 96,
          "column": 37
        }
      },
      "43": {
        "start": {
          "line": 97,
          "column": 6
        },
        "end": {
          "line": 97,
          "column": 44
        }
      },
      "44": {
        "start": {
          "line": 97,
          "column": 33
        },
        "end": {
          "line": 97,
          "column": 44
        }
      },
      "45": {
        "start": {
          "line": 98,
          "column": 6
        },
        "end": {
          "line": 98,
          "column": 16
        }
      },
      "46": {
        "start": {
          "line": 102,
          "column": 4
        },
        "end": {
          "line": 104,
          "column": 5
        }
      },
      "47": {
        "start": {
          "line": 103,
          "column": 6
        },
        "end": {
          "line": 103,
          "column": 25
        }
      },
      "48": {
        "start": {
          "line": 105,
          "column": 4
        },
        "end": {
          "line": 110,
          "column": 5
        }
      },
      "49": {
        "start": {
          "line": 106,
          "column": 6
        },
        "end": {
          "line": 109,
          "column": 7
        }
      },
      "50": {
        "start": {
          "line": 107,
          "column": 8
        },
        "end": {
          "line": 107,
          "column": 34
        }
      },
      "51": {
        "start": {
          "line": 111,
          "column": 4
        },
        "end": {
          "line": 111,
          "column": 41
        }
      },
      "52": {
        "start": {
          "line": 113,
          "column": 17
        },
        "end": {
          "line": 119,
          "column": 3
        }
      },
      "53": {
        "start": {
          "line": 114,
          "column": 4
        },
        "end": {
          "line": 117,
          "column": 5
        }
      },
      "54": {
        "start": {
          "line": 115,
          "column": 6
        },
        "end": {
          "line": 115,
          "column": 51
        }
      },
      "55": {
        "start": {
          "line": 116,
          "column": 6
        },
        "end": {
          "line": 116,
          "column": 13
        }
      },
      "56": {
        "start": {
          "line": 118,
          "column": 4
        },
        "end": {
          "line": 118,
          "column": 26
        }
      },
      "57": {
        "start": {
          "line": 120,
          "column": 18
        },
        "end": {
          "line": 130,
          "column": 3
        }
      },
      "58": {
        "start": {
          "line": 121,
          "column": 4
        },
        "end": {
          "line": 128,
          "column": 5
        }
      },
      "59": {
        "start": {
          "line": 122,
          "column": 6
        },
        "end": {
          "line": 122,
          "column": 49
        }
      },
      "60": {
        "start": {
          "line": 123,
          "column": 6
        },
        "end": {
          "line": 126,
          "column": 7
        }
      },
      "61": {
        "start": {
          "line": 124,
          "column": 8
        },
        "end": {
          "line": 124,
          "column": 36
        }
      },
      "62": {
        "start": {
          "line": 127,
          "column": 6
        },
        "end": {
          "line": 127,
          "column": 13
        }
      },
      "63": {
        "start": {
          "line": 129,
          "column": 4
        },
        "end": {
          "line": 129,
          "column": 33
        }
      },
      "64": {
        "start": {
          "line": 131,
          "column": 2
        },
        "end": {
          "line": 135,
          "column": 4
        }
      },
      "65": {
        "start": {
          "line": 132,
          "column": 11
        },
        "end": {
          "line": 132,
          "column": 53
        }
      },
      "66": {
        "start": {
          "line": 137,
          "column": 0
        },
        "end": {
          "line": 139,
          "column": 3
        }
      },
      "67": {
        "start": {
          "line": 138,
          "column": 2
        },
        "end": {
          "line": 138,
          "column": 19
        }
      },
      "68": {
        "start": {
          "line": 141,
          "column": 0
        },
        "end": {
          "line": 141,
          "column": 33
        }
      },
      "69": {
        "start": {
          "line": 143,
          "column": 20
        },
        "end": {
          "line": 143,
          "column": 97
        }
      },
      "70": {
        "start": {
          "line": 144,
          "column": 0
        },
        "end": {
          "line": 158,
          "column": 1
        }
      },
      "71": {
        "start": {
          "line": 145,
          "column": 2
        },
        "end": {
          "line": 149,
          "column": 3
        }
      },
      "72": {
        "start": {
          "line": 146,
          "column": 4
        },
        "end": {
          "line": 148,
          "column": 6
        }
      },
      "73": {
        "start": {
          "line": 150,
          "column": 2
        },
        "end": {
          "line": 157,
          "column": 5
        }
      },
      "74": {
        "start": {
          "line": 151,
          "column": 4
        },
        "end": {
          "line": 151,
          "column": 162
        }
      },
      "75": {
        "start": {
          "line": 152,
          "column": 4
        },
        "end": {
          "line": 156,
          "column": 7
        }
      },
      "76": {
        "start": {
          "line": 153,
          "column": 6
        },
        "end": {
          "line": 153,
          "column": 31
        }
      },
      "77": {
        "start": {
          "line": 153,
          "column": 24
        },
        "end": {
          "line": 153,
          "column": 31
        }
      },
      "78": {
        "start": {
          "line": 154,
          "column": 32
        },
        "end": {
          "line": 154,
          "column": 211
        }
      },
      "79": {
        "start": {
          "line": 155,
          "column": 6
        },
        "end": {
          "line": 155,
          "column": 75
        }
      },
      "80": {
        "start": {
          "line": 155,
          "column": 29
        },
        "end": {
          "line": 155,
          "column": 75
        }
      },
      "81": {
        "start": {
          "line": 160,
          "column": 2
        },
        "end": {
          "line": 160,
          "column": 141
        }
      },
      "82": {
        "start": {
          "line": 163,
          "column": 2
        },
        "end": {
          "line": 163,
          "column": 62
        }
      }
    },
    "fnMap": {
      "0": {
        "name": "getConfigs",
        "decl": {
          "start": {
            "line": 6,
            "column": 9
          },
          "end": {
            "line": 6,
            "column": 19
          }
        },
        "loc": {
          "start": {
            "line": 6,
            "column": 22
          },
          "end": {
            "line": 25,
            "column": 1
          }
        },
        "line": 6
      },
      "1": {
        "name": "AuthProvider",
        "decl": {
          "start": {
            "line": 26,
            "column": 16
          },
          "end": {
            "line": 26,
            "column": 28
          }
        },
        "loc": {
          "start": {
            "line": 26,
            "column": 43
          },
          "end": {
            "line": 66,
            "column": 1
          }
        },
        "line": 26
      },
      "2": {
        "name": "(anonymous_2)",
        "decl": {
          "start": {
            "line": 35,
            "column": 27
          },
          "end": {
            "line": 35,
            "column": 28
          }
        },
        "loc": {
          "start": {
            "line": 35,
            "column": 33
          },
          "end": {
            "line": 41,
            "column": 3
          }
        },
        "line": 35
      },
      "3": {
        "name": "useAuth",
        "decl": {
          "start": {
            "line": 68,
            "column": 16
          },
          "end": {
            "line": 68,
            "column": 23
          }
        },
        "loc": {
          "start": {
            "line": 68,
            "column": 26
          },
          "end": {
            "line": 136,
            "column": 1
          }
        },
        "line": 68
      },
      "4": {
        "name": "(anonymous_4)",
        "decl": {
          "start": {
            "line": 80,
            "column": 12
          },
          "end": {
            "line": 80,
            "column": 13
          }
        },
        "loc": {
          "start": {
            "line": 80,
            "column": 18
          },
          "end": {
            "line": 87,
            "column": 5
          }
        },
        "line": 80
      },
      "5": {
        "name": "(anonymous_5)",
        "decl": {
          "start": {
            "line": 83,
            "column": 38
          },
          "end": {
            "line": 83,
            "column": 39
          }
        },
        "loc": {
          "start": {
            "line": 83,
            "column": 45
          },
          "end": {
            "line": 83,
            "column": 53
          }
        },
        "line": 83
      },
      "6": {
        "name": "(anonymous_6)",
        "decl": {
          "start": {
            "line": 93,
            "column": 12
          },
          "end": {
            "line": 93,
            "column": 13
          }
        },
        "loc": {
          "start": {
            "line": 93,
            "column": 18
          },
          "end": {
            "line": 99,
            "column": 5
          }
        },
        "line": 93
      },
      "7": {
        "name": "getAccessToken",
        "decl": {
          "start": {
            "line": 101,
            "column": 17
          },
          "end": {
            "line": 101,
            "column": 31
          }
        },
        "loc": {
          "start": {
            "line": 101,
            "column": 34
          },
          "end": {
            "line": 112,
            "column": 3
          }
        },
        "line": 101
      },
      "8": {
        "name": "(anonymous_8)",
        "decl": {
          "start": {
            "line": 113,
            "column": 17
          },
          "end": {
            "line": 113,
            "column": 18
          }
        },
        "loc": {
          "start": {
            "line": 113,
            "column": 23
          },
          "end": {
            "line": 119,
            "column": 3
          }
        },
        "line": 113
      },
      "9": {
        "name": "(anonymous_9)",
        "decl": {
          "start": {
            "line": 120,
            "column": 18
          },
          "end": {
            "line": 120,
            "column": 19
          }
        },
        "loc": {
          "start": {
            "line": 120,
            "column": 30
          },
          "end": {
            "line": 130,
            "column": 3
          }
        },
        "line": 120
      },
      "10": {
        "name": "(anonymous_10)",
        "decl": {
          "start": {
            "line": 132,
            "column": 4
          },
          "end": {
            "line": 132,
            "column": 5
          }
        },
        "loc": {
          "start": {
            "line": 132,
            "column": 11
          },
          "end": {
            "line": 132,
            "column": 53
          }
        },
        "line": 132
      },
      "11": {
        "name": "(anonymous_11)",
        "decl": {
          "start": {
            "line": 137,
            "column": 51
          },
          "end": {
            "line": 137,
            "column": 52
          }
        },
        "loc": {
          "start": {
            "line": 137,
            "column": 62
          },
          "end": {
            "line": 139,
            "column": 1
          }
        },
        "line": 137
      },
      "12": {
        "name": "(anonymous_12)",
        "decl": {
          "start": {
            "line": 150,
            "column": 52
          },
          "end": {
            "line": 150,
            "column": 53
          }
        },
        "loc": {
          "start": {
            "line": 150,
            "column": 72
          },
          "end": {
            "line": 157,
            "column": 3
          }
        },
        "line": 150
      },
      "13": {
        "name": "(anonymous_13)",
        "decl": {
          "start": {
            "line": 152,
            "column": 27
          },
          "end": {
            "line": 152,
            "column": 28
          }
        },
        "loc": {
          "start": {
            "line": 152,
            "column": 44
          },
          "end": {
            "line": 156,
            "column": 5
          }
        },
        "line": 152
      },
      "14": {
        "name": "$RefreshReg$",
        "decl": {
          "start": {
            "line": 159,
            "column": 9
          },
          "end": {
            "line": 159,
            "column": 21
          }
        },
        "loc": {
          "start": {
            "line": 159,
            "column": 32
          },
          "end": {
            "line": 161,
            "column": 1
          }
        },
        "line": 159
      },
      "15": {
        "name": "$RefreshSig$",
        "decl": {
          "start": {
            "line": 162,
            "column": 9
          },
          "end": {
            "line": 162,
            "column": 21
          }
        },
        "loc": {
          "start": {
            "line": 162,
            "column": 24
          },
          "end": {
            "line": 164,
            "column": 1
          }
        },
        "line": 162
      }
    },
    "branchMap": {
      "0": {
        "loc": {
          "start": {
            "line": 7,
            "column": 12
          },
          "end": {
            "line": 7,
            "column": 32
          }
        },
        "type": "binary-expr",
        "locations": [
          {
            "start": {
              "line": 7,
              "column": 12
            },
            "end": {
              "line": 7,
              "column": 26
            }
          },
          {
            "start": {
              "line": 7,
              "column": 30
            },
            "end": {
              "line": 7,
              "column": 32
            }
          }
        ],
        "line": 7
      },
      "1": {
        "loc": {
          "start": {
            "line": 10,
            "column": 22
          },
          "end": {
            "line": 10,
            "column": 70
          }
        },
        "type": "binary-expr",
        "locations": [
          {
            "start": {
              "line": 10,
              "column": 22
            },
            "end": {
              "line": 10,
              "column": 44
            }
          },
          {
            "start": {
              "line": 10,
              "column": 48
            },
            "end": {
              "line": 10,
              "column": 70
            }
          }
        ],
        "line": 10
      },
      "2": {
        "loc": {
          "start": {
            "line": 11,
            "column": 32
          },
          "end": {
            "line": 11,
            "column": 70
          }
        },
        "type": "binary-expr",
        "locations": [
          {
            "start": {
              "line": 11,
              "column": 32
            },
            "end": {
              "line": 11,
              "column": 55
            }
          },
          {
            "start": {
              "line": 11,
              "column": 59
            },
            "end": {
              "line": 11,
              "column": 70
            }
          }
        ],
        "line": 11
      },
      "3": {
        "loc": {
          "start": {
            "line": 12,
            "column": 2
          },
          "end": {
            "line": 18,
            "column": 3
          }
        },
        "type": "if",
        "locations": [
          {
            "start": {
              "line": 12,
              "column": 2
            },
            "end": {
              "line": 18,
              "column": 3
            }
          },
          {
            "start": {},
            "end": {}
          }
        ],
        "line": 12
      },
      "4": {
        "loc": {
          "start": {
            "line": 12,
            "column": 6
          },
          "end": {
            "line": 12,
            "column": 27
          }
        },
        "type": "binary-expr",
        "locations": [
          {
            "start": {
              "line": 12,
              "column": 6
            },
            "end": {
              "line": 12,
              "column": 15
            }
          },
          {
            "start": {
              "line": 12,
              "column": 19
            },
            "end": {
              "line": 12,
              "column": 27
            }
          }
        ],
        "line": 12
      },
      "5": {
        "loc": {
          "start": {
            "line": 13,
            "column": 4
          },
          "end": {
            "line": 16,
            "column": 5
          }
        },
        "type": "if",
        "locations": [
          {
            "start": {
              "line": 13,
              "column": 4
            },
            "end": {
              "line": 16,
              "column": 5
            }
          },
          {
            "start": {},
            "end": {}
          }
        ],
        "line": 13
      },
      "6": {
        "loc": {
          "start": {
            "line": 13,
            "column": 8
          },
          "end": {
            "line": 13,
            "column": 100
          }
        },
        "type": "binary-expr",
        "locations": [
          {
            "start": {
              "line": 13,
              "column": 8
            },
            "end": {
              "line": 13,
              "column": 15
            }
          },
          {
            "start": {
              "line": 13,
              "column": 19
            },
            "end": {
              "line": 13,
              "column": 48
            }
          },
          {
            "start": {
              "line": 13,
              "column": 52
            },
            "end": {
              "line": 13,
              "column": 100
            }
          }
        ],
        "line": 13
      },
      "7": {
        "loc": {
          "start": {
            "line": 14,
            "column": 16
          },
          "end": {
            "line": 14,
            "column": 49
          }
        },
        "type": "binary-expr",
        "locations": [
          {
            "start": {
              "line": 14,
              "column": 16
            },
            "end": {
              "line": 14,
              "column": 23
            }
          },
          {
            "start": {
              "line": 14,
              "column": 27
            },
            "end": {
              "line": 14,
              "column": 49
            }
          }
        ],
        "line": 14
      },
      "8": {
        "loc": {
          "start": {
            "line": 15,
            "column": 25
          },
          "end": {
            "line": 15,
            "column": 49
          }
        },
        "type": "binary-expr",
        "locations": [
          {
            "start": {
              "line": 15,
              "column": 25
            },
            "end": {
              "line": 15,
              "column": 33
            }
          },
          {
            "start": {
              "line": 15,
              "column": 37
            },
            "end": {
              "line": 15,
              "column": 49
            }
          }
        ],
        "line": 15
      },
      "9": {
        "loc": {
          "start": {
            "line": 70,
            "column": 17
          },
          "end": {
            "line": 70,
            "column": 109
          }
        },
        "type": "binary-expr",
        "locations": [
          {
            "start": {
              "line": 70,
              "column": 17
            },
            "end": {
              "line": 70,
              "column": 24
            }
          },
          {
            "start": {
              "line": 70,
              "column": 28
            },
            "end": {
              "line": 70,
              "column": 57
            }
          },
          {
            "start": {
              "line": 70,
              "column": 61
            },
            "end": {
              "line": 70,
              "column": 109
            }
          }
        ],
        "line": 70
      },
      "10": {
        "loc": {
          "start": {
            "line": 72,
            "column": 2
          },
          "end": {
            "line": 74,
            "column": 3
          }
        },
        "type": "if",
        "locations": [
          {
            "start": {
              "line": 72,
              "column": 2
            },
            "end": {
              "line": 74,
              "column": 3
            }
          },
          {
            "start": {},
            "end": {}
          }
        ],
        "line": 72
      },
      "11": {
        "loc": {
          "start": {
            "line": 72,
            "column": 6
          },
          "end": {
            "line": 72,
            "column": 27
          }
        },
        "type": "binary-expr",
        "locations": [
          {
            "start": {
              "line": 72,
              "column": 6
            },
            "end": {
              "line": 72,
              "column": 13
            }
          },
          {
            "start": {
              "line": 72,
              "column": 17
            },
            "end": {
              "line": 72,
              "column": 27
            }
          }
        ],
        "line": 72
      },
      "12": {
        "loc": {
          "start": {
            "line": 75,
            "column": 16
          },
          "end": {
            "line": 100,
            "column": 3
          }
        },
        "type": "cond-expr",
        "locations": [
          {
            "start": {
              "line": 75,
              "column": 25
            },
            "end": {
              "line": 88,
              "column": 3
            }
          },
          {
            "start": {
              "line": 88,
              "column": 6
            },
            "end": {
              "line": 100,
              "column": 3
            }
          }
        ],
        "line": 75
      },
      "13": {
        "loc": {
          "start": {
            "line": 82,
            "column": 20
          },
          "end": {
            "line": 82,
            "column": 66
          }
        },
        "type": "binary-expr",
        "locations": [
          {
            "start": {
              "line": 82,
              "column": 20
            },
            "end": {
              "line": 82,
              "column": 60
            }
          },
          {
            "start": {
              "line": 82,
              "column": 64
            },
            "end": {
              "line": 82,
              "column": 66
            }
          }
        ],
        "line": 82
      },
      "14": {
        "loc": {
          "start": {
            "line": 91,
            "column": 14
          },
          "end": {
            "line": 91,
            "column": 113
          }
        },
        "type": "binary-expr",
        "locations": [
          {
            "start": {
              "line": 91,
              "column": 14
            },
            "end": {
              "line": 91,
              "column": 52
            }
          },
          {
            "start": {
              "line": 91,
              "column": 56
            },
            "end": {
              "line": 91,
              "column": 84
            }
          },
          {
            "start": {
              "line": 91,
              "column": 88
            },
            "end": {
              "line": 91,
              "column": 113
            }
          }
        ],
        "line": 91
      },
      "15": {
        "loc": {
          "start": {
            "line": 95,
            "column": 6
          },
          "end": {
            "line": 95,
            "column": 24
          }
        },
        "type": "if",
        "locations": [
          {
            "start": {
              "line": 95,
              "column": 6
            },
            "end": {
              "line": 95,
              "column": 24
            }
          },
          {
            "start": {},
            "end": {}
          }
        ],
        "line": 95
      },
      "16": {
        "loc": {
          "start": {
            "line": 96,
            "column": 6
          },
          "end": {
            "line": 96,
            "column": 37
          }
        },
        "type": "if",
        "locations": [
          {
            "start": {
              "line": 96,
              "column": 6
            },
            "end": {
              "line": 96,
              "column": 37
            }
          },
          {
            "start": {},
            "end": {}
          }
        ],
        "line": 96
      },
      "17": {
        "loc": {
          "start": {
            "line": 97,
            "column": 6
          },
          "end": {
            "line": 97,
            "column": 44
          }
        },
        "type": "if",
        "locations": [
          {
            "start": {
              "line": 97,
              "column": 6
            },
            "end": {
              "line": 97,
              "column": 44
            }
          },
          {
            "start": {},
            "end": {}
          }
        ],
        "line": 97
      },
      "18": {
        "loc": {
          "start": {
            "line": 102,
            "column": 4
          },
          "end": {
            "line": 104,
            "column": 5
          }
        },
        "type": "if",
        "locations": [
          {
            "start": {
              "line": 102,
              "column": 4
            },
            "end": {
              "line": 104,
              "column": 5
            }
          },
          {
            "start": {},
            "end": {}
          }
        ],
        "line": 102
      },
      "19": {
        "loc": {
          "start": {
            "line": 105,
            "column": 4
          },
          "end": {
            "line": 110,
            "column": 5
          }
        },
        "type": "if",
        "locations": [
          {
            "start": {
              "line": 105,
              "column": 4
            },
            "end": {
              "line": 110,
              "column": 5
            }
          },
          {
            "start": {},
            "end": {}
          }
        ],
        "line": 105
      },
      "20": {
        "loc": {
          "start": {
            "line": 105,
            "column": 8
          },
          "end": {
            "line": 105,
            "column": 38
          }
        },
        "type": "binary-expr",
        "locations": [
          {
            "start": {
              "line": 105,
              "column": 8
            },
            "end": {
              "line": 105,
              "column": 17
            }
          },
          {
            "start": {
              "line": 105,
              "column": 21
            },
            "end": {
              "line": 105,
              "column": 38
            }
          }
        ],
        "line": 105
      },
      "21": {
        "loc": {
          "start": {
            "line": 111,
            "column": 11
          },
          "end": {
            "line": 111,
            "column": 40
          }
        },
        "type": "binary-expr",
        "locations": [
          {
            "start": {
              "line": 111,
              "column": 11
            },
            "end": {
              "line": 111,
              "column": 34
            }
          },
          {
            "start": {
              "line": 111,
              "column": 38
            },
            "end": {
              "line": 111,
              "column": 40
            }
          }
        ],
        "line": 111
      },
      "22": {
        "loc": {
          "start": {
            "line": 114,
            "column": 4
          },
          "end": {
            "line": 117,
            "column": 5
          }
        },
        "type": "if",
        "locations": [
          {
            "start": {
              "line": 114,
              "column": 4
            },
            "end": {
              "line": 117,
              "column": 5
            }
          },
          {
            "start": {},
            "end": {}
          }
        ],
        "line": 114
      },
      "23": {
        "loc": {
          "start": {
            "line": 121,
            "column": 4
          },
          "end": {
            "line": 128,
            "column": 5
          }
        },
        "type": "if",
        "locations": [
          {
            "start": {
              "line": 121,
              "column": 4
            },
            "end": {
              "line": 128,
              "column": 5
            }
          },
          {
            "start": {},
            "end": {}
          }
        ],
        "line": 121
      },
      "24": {
        "loc": {
          "start": {
            "line": 143,
            "column": 20
          },
          "end": {
            "line": 143,
            "column": 97
          }
        },
        "type": "binary-expr",
        "locations": [
          {
            "start": {
              "line": 143,
              "column": 20
            },
            "end": {
              "line": 143,
              "column": 60
            }
          },
          {
            "start": {
              "line": 143,
              "column": 64
            },
            "end": {
              "line": 143,
              "column": 97
            }
          }
        ],
        "line": 143
      },
      "25": {
        "loc": {
          "start": {
            "line": 144,
            "column": 0
          },
          "end": {
            "line": 158,
            "column": 1
          }
        },
        "type": "if",
        "locations": [
          {
            "start": {
              "line": 144,
              "column": 0
            },
            "end": {
              "line": 158,
              "column": 1
            }
          },
          {
            "start": {},
            "end": {}
          }
        ],
        "line": 144
      },
      "26": {
        "loc": {
          "start": {
            "line": 144,
            "column": 4
          },
          "end": {
            "line": 144,
            "column": 35
          }
        },
        "type": "binary-expr",
        "locations": [
          {
            "start": {
              "line": 144,
              "column": 4
            },
            "end": {
              "line": 144,
              "column": 19
            }
          },
          {
            "start": {
              "line": 144,
              "column": 23
            },
            "end": {
              "line": 144,
              "column": 35
            }
          }
        ],
        "line": 144
      },
      "27": {
        "loc": {
          "start": {
            "line": 145,
            "column": 2
          },
          "end": {
            "line": 149,
            "column": 3
          }
        },
        "type": "if",
        "locations": [
          {
            "start": {
              "line": 145,
              "column": 2
            },
            "end": {
              "line": 149,
              "column": 3
            }
          },
          {
            "start": {},
            "end": {}
          }
        ],
        "line": 145
      },
      "28": {
        "loc": {
          "start": {
            "line": 153,
            "column": 6
          },
          "end": {
            "line": 153,
            "column": 31
          }
        },
        "type": "if",
        "locations": [
          {
            "start": {
              "line": 153,
              "column": 6
            },
            "end": {
              "line": 153,
              "column": 31
            }
          },
          {
            "start": {},
            "end": {}
          }
        ],
        "line": 153
      },
      "29": {
        "loc": {
          "start": {
            "line": 155,
            "column": 6
          },
          "end": {
            "line": 155,
            "column": 75
          }
        },
        "type": "if",
        "locations": [
          {
            "start": {
              "line": 155,
              "column": 6
            },
            "end": {
              "line": 155,
              "column": 75
            }
          },
          {
            "start": {},
            "end": {}
          }
        ],
        "line": 155
      }
    },
    "s": {
      "0": 459,
      "1": 918,
      "2": 918,
      "3": 918,
      "4": 918,
      "5": 918,
      "6": 918,
      "7": 0,
      "8": 0,
      "9": 0,
      "10": 0,
      "11": 918,
      "12": 918,
      "13": 918,
      "14": 918,
      "15": 918,
      "16": 918,
      "17": 918,
      "18": 918,
      "19": 918,
      "20": 0,
      "21": 0,
      "22": 0,
      "23": 0,
      "24": 0,
      "25": 918,
      "26": 459,
      "27": 11680,
      "28": 11680,
      "29": 11680,
      "30": 11674,
      "31": 0,
      "32": 11674,
      "33": 11010,
      "34": 11010,
      "35": 11010,
      "36": 11010,
      "37": 0,
      "38": 664,
      "39": 664,
      "40": 664,
      "41": 0,
      "42": 0,
      "43": 0,
      "44": 0,
      "45": 0,
      "46": 931,
      "47": 931,
      "48": 0,
      "49": 0,
      "50": 0,
      "51": 0,
      "52": 11674,
      "53": 0,
      "54": 0,
      "55": 0,
      "56": 0,
      "57": 11674,
      "58": 32,
      "59": 32,
      "60": 32,
      "61": 32,
      "62": 32,
      "63": 0,
      "64": 11674,
      "65": 2636,
      "66": 459,
      "67": 459,
      "68": 459,
      "69": 459,
      "70": 459,
      "71": 459,
      "72": 0,
      "73": 459,
      "74": 459,
      "75": 459,
      "76": 0,
      "77": 0,
      "78": 0,
      "79": 0,
      "80": 0,
      "81": 459,
      "82": 459
    },
    "f": {
      "0": 918,
      "1": 918,
      "2": 0,
      "3": 11680,
      "4": 11010,
      "5": 11010,
      "6": 664,
      "7": 931,
      "8": 0,
      "9": 32,
      "10": 2636,
      "11": 459,
      "12": 459,
      "13": 0,
      "14": 459,
      "15": 459
    },
    "b": {
      "0": [
        918,
        0
      ],
      "1": [
        918,
        0
      ],
      "2": [
        918,
        0
      ],
      "3": [
        0,
        918
      ],
      "4": [
        918,
        918
      ],
      "5": [
        0,
        0
      ],
      "6": [
        0,
        0,
        0
      ],
      "7": [
        0,
        0
      ],
      "8": [
        0,
        0
      ],
      "9": [
        11680,
        11680,
        11680
      ],
      "10": [
        0,
        11674
      ],
      "11": [
        11674,
        664
      ],
      "12": [
        11010,
        664
      ],
      "13": [
        11010,
        7658
      ],
      "14": [
        664,
        664,
        664
      ],
      "15": [
        664,
        0
      ],
      "16": [
        0,
        0
      ],
      "17": [
        0,
        0
      ],
      "18": [
        931,
        0
      ],
      "19": [
        0,
        0
      ],
      "20": [
        0,
        0
      ],
      "21": [
        0,
        0
      ],
      "22": [
        0,
        0
      ],
      "23": [
        32,
        0
      ],
      "24": [
        459,
        0
      ],
      "25": [
        459,
        0
      ],
      "26": [
        459,
        459
      ],
      "27": [
        0,
        459
      ],
      "28": [
        0,
        0
      ],
      "29": [
        0,
        0
      ]
    },
    "inputSourceMap": {
      "version": 3,
      "mappings": "AAqEI;;AArEJ,OAAOA,SAASC,eAAe;AAC/B,SAASC,aAAa;AACtB,SAASC,gBAAgBC,cAAcC,WAAWC,eAAe;AAiBjE,SAASC,aAAa;AACpB,QAAMC,IAAUC,OAAeC,WAAW,CAAC;AAC3C,QAAMC,WAAWH,EAAEI;AACnB,MAAIC,UAAUL,EAAEM;AAChB,QAAMC,cAAeP,EAAEQ,wBAA+CP,OAAOQ,SAASC;AACtF,QAAMC,wBAAyBX,EAAEY,yBAAgDL;AACjF,MAAI,CAACJ,YAAY,CAACE,SAAS;AAE3B,QAAIX,MAAM,KAAK,OAAOO,WAAW,eAAeA,OAAOY,cAAcC,QAAQ,UAAU,MAAM,KAAK;AAE9FT,gBAAUA,WAAWJ,OAAOQ,SAASC;AACrC,aAAO,EAAEP,UAAUA,YAAY,cAAcY,MAAMd,OAAOQ,SAASC,QAAQM,YAAY,GAAGf,OAAOQ,SAASC,MAAM,WAAWO,UAAU,GAAGhB,OAAOQ,SAASC,MAAM,SAASH,aAAaI,sBAAsB;AAAA,IAC5M;AACA,UAAM,IAAIO,MAAM,2DAA2D;AAAA,EAC7E;AAOA,QAAMC,eAAed,QAAQe,QAAQ,0BAA0B,EAAE;AACjE,QAAMC,gBAAgBF,aAAaC,QAAQ,iBAAiB,EAAE;AAC9D,QAAML,OAAOM,cAAcD,QAAQ,OAAO,EAAE;AAC5C,QAAMJ,aAAa,GAAGD,IAAI;AAC1B,QAAME,WAAW,GAAGF,IAAI;AACxB,SAAO,EAAEZ,UAAUY,MAAMC,YAAYC,UAAUV,aAAaI,sBAAsB;AACpF;AAEO,gBAAShB,aAAa,EAAE2B,SAAwC,GAAG;AACxE,QAAM,EAAEnB,UAAUY,MAAMC,YAAYC,UAAUV,aAAaI,sBAAsB,IAAIZ,WAAW;AAGhG,QAAMwB,WAAW;AAAA,IACfC,QAAQT;AAAAA,IACRU,wBAAwB,GAAGT,UAAU;AAAA,IACrCU,gBAAgB,GAAGV,UAAU;AAAA,IAC7BW,mBAAmB,GAAGX,UAAU;AAAA,IAChCY,sBAAsB,GAAGX,QAAQ;AAAA,EACnC;AAEA,QAAMY,mBAAmBA,MAAM;AAC7B,UAAMC,MAAM,IAAIC,IAAI9B,OAAOQ,SAASuB,IAAI;AACxCF,QAAIG,aAAaC,OAAO,MAAM;AAC9BJ,QAAIG,aAAaC,OAAO,OAAO;AAC/BJ,QAAIG,aAAaC,OAAO,eAAe;AACvCjC,WAAOkC,QAAQC,aAAa,CAAC,GAAGC,SAASC,OAAOR,IAAIS,SAAS,CAAC;AAAA,EAChE;AAEA,SACE;AAAA,IAAC;AAAA;AAAA,MACC,WAAWxB;AAAAA,MACX;AAAA,MACA,WAAWZ;AAAAA,MACX,cAAcI;AAAAA,MACd,0BAA0BI;AAAAA,MAC1B,eAAc;AAAA,MACd,OAAM;AAAA,MACV,cAAc;AAAA,MACd,sBAAsB;AAAA,MAClB;AAAA,MAECW;AAAAA;AAAAA,IAZH;AAAA;AAAA;AAAA;AAAA;AAAA;AAAA;AAAA;AAAA,EAaA;AAEJ;AAACkB,KApCe7C;AAsCT,gBAASE,UAA4B;AAAA4C,KAAA;AAC1C,QAAMC,SAAShD,MAAM,KAAK,OAAOO,WAAW,eAAeA,OAAOY,cAAcC,QAAQ,UAAU,MAAM;AAExG,QAAM6B,OAAO7C,QAAQ;AACrB,MAAI,CAAC4C,UAAUC,KAAKC,OAAO;AAIzBC,YAAQD,MAAM,eAAeD,KAAKC,KAAK;AAAA,EACzC;AACA,QAAME,QAAmBJ,SACrB;AAAA,IACEK,iBAAiB;AAAA,IACjBC,WAAW;AAAA,IACXC,UAAU;AAAA,IACVC,OAAO;AAAA,IACPC,QAAQ,MAAgB;AACtB,UAAI;AACF,cAAMC,MAAMnD,OAAOY,aAAaC,QAAQ,WAAW,KAAK;AACxD,eAAOsC,IACJC,MAAM,OAAO,EACbC,IAAI,CAACC,MAAMA,EAAEC,KAAK,CAAC,EACnBC,OAAOC,OAAO;AAAA,MACnB,QAAQ;AACN,eAAO;AAAA,MACT;AAAA,IACF,GAAG;AAAA,EACL,IACA;AAAA,IACEX,iBAAiB,CAAC,CAACJ,KAAKI;AAAAA,IACxBC,WAAW,CAAC,CAACL,KAAKK;AAAAA,IAClBC,UACGN,KAAKgB,MAAMC,SAAiBC,sBAC5BlB,KAAKgB,MAAMC,SAAiBX,YAC5BN,KAAKgB,MAAMC,SAAiBV;AAAAA,IAC/BA,OAAQP,KAAKgB,MAAMC,SAAiBV;AAAAA,IACpCC,QAAQ,MAAgB;AACtB,YAAMW,IAAKnB,KAAKgB,MAAMC,SAAiBG;AACvC,UAAI,CAACD,EAAG,QAAO;AACf,UAAIE,MAAMC,QAAQH,CAAC,EAAG,QAAOA;AAC7B,UAAI,OAAOA,MAAM,SAAU,QAAO,CAACA,CAAC;AACpC,aAAO;AAAA,IACT,GAAG;AAAA,EACL;AAEJ,iBAAeI,iBAAiB;AAC9B,QAAIxB,QAAQ;AACV,aAAO;AAAA,IACT;AAEA,QAAIC,KAAKgB,QAAQhB,KAAKgB,KAAKQ,SAAS;AAClC,UAAI;AACF,cAAMxB,KAAKyB,aAAa;AAAA,MAC1B,QAAQ;AAAA,MACN;AAAA,IAEJ;AACA,WAAOzB,KAAKgB,MAAMU,gBAAgB;AAAA,EACpC;AAEA,QAAMC,SAASA,MAAM;AACnB,QAAI5B,QAAQ;AACVzC,aAAOY,aAAa0D,QAAQ,YAAY,GAAG;AAC3C;AAAA,IACF;AAEA5B,SAAK6B,eAAe;AAAA,EACtB;AAEA,QAAMC,UAAU,YAAY;AAC1B,QAAI/B,QAAQ;AACVzC,aAAOY,aAAa6D,WAAW,UAAU;AACzC,UAAI;AACFzE,eAAOQ,SAASkE,OAAO,GAAG;AAAA,MAC5B,QAAQ;AAAA,MAAC;AACT;AAAA,IACF;AACA,UAAMhC,KAAKiC,gBAAgB;AAAA,EAC7B;AAEA,SAAOnF;AAAAA,IACL,OAAO,EAAEqD,OAAOwB,QAAQG,SAASP,eAAe;AAAA;AAAA,IAEhD,CAACxB,QAAQI,MAAMC,iBAAiBD,MAAME,WAAWF,MAAMG,UAAUH,MAAMI,KAAK;AAAA,EAC9E;AACF;AAACT,GArFe5C,SAAO;AAAA,UAGRC,OAAO;AAAA;AAAA,IAAA0C;AAAAqC,aAAArC,IAAA",
      "names": [
        "React",
        "useMemo",
        "isDev",
        "AuthProvider",
        "OidcProvider",
        "useAuth",
        "useOidc",
        "getConfigs",
        "c",
        "window",
        "configs",
        "clientId",
        "IDP_CLIENT_ID",
        "baseUrl",
        "IDP_BASE_URL",
        "redirectUri",
        "SIGN_IN_REDIRECT_URL",
        "location",
        "origin",
        "postLogoutRedirectUri",
        "SIGN_OUT_REDIRECT_URL",
        "localStorage",
        "getItem",
        "root",
        "oauth2Base",
        "oidcBase",
        "Error",
        "withoutAuthz",
        "replace",
        "withoutOauth2",
        "children",
        "metadata",
        "issuer",
        "authorization_endpoint",
        "token_endpoint",
        "userinfo_endpoint",
        "end_session_endpoint",
        "onSigninCallback",
        "url",
        "URL",
        "href",
        "searchParams",
        "delete",
        "history",
        "replaceState",
        "document",
        "title",
        "toString",
        "_c",
        "_s",
        "bypass",
        "auth",
        "error",
        "console",
        "state",
        "isAuthenticated",
        "isLoading",
        "username",
        "email",
        "roles",
        "raw",
        "split",
        "map",
        "r",
        "trim",
        "filter",
        "Boolean",
        "user",
        "profile",
        "preferred_username",
        "g",
        "groups",
        "Array",
        "isArray",
        "getAccessToken",
        "expired",
        "signinSilent",
        "access_token",
        "signIn",
        "setItem",
        "signinRedirect",
        "signOut",
        "removeItem",
        "assign",
        "signoutRedirect",
        "$RefreshReg$"
      ],
      "ignoreList": [],
      "sources": [
        "/Users/wishula/superappnewest/superapp-mobile/superapp-admin-portal/src/lib/auth-context.tsx"
      ],
      "file": "/Users/wishula/superappnewest/superapp-mobile/superapp-admin-portal/src/lib/auth-context.tsx"
    },
    "_coverageSchema": "1a1c01bbd47fc00a2c39e90264f33305004495a9",
    "hash": "af974b966bb916d6fc10887b075205a10ac2d195"
  },
  "/Users/wishula/superappnewest/superapp-mobile/superapp-admin-portal/src/context/NotificationContext.tsx": {
    "path": "/Users/wishula/superappnewest/superapp-mobile/superapp-admin-portal/src/context/NotificationContext.tsx",
    "statementMap": {
      "0": {
        "start": {
          "line": 2,
          "column": 9
        },
        "end": {
          "line": 2,
          "column": 23
        }
      },
      "1": {
        "start": {
          "line": 2,
          "column": 31
        },
        "end": {
          "line": 2,
          "column": 45
        }
      },
      "2": {
        "start": {
          "line": 4,
          "column": 28
        },
        "end": {
          "line": 6,
          "column": 1
        }
      },
      "3": {
        "start": {
          "line": 7,
          "column": 31
        },
        "end": {
          "line": 14,
          "column": 1
        }
      },
      "4": {
        "start": {
          "line": 8,
          "column": 2
        },
        "end": {
          "line": 8,
          "column": 7
        }
      },
      "5": {
        "start": {
          "line": 9,
          "column": 18
        },
        "end": {
          "line": 9,
          "column": 49
        }
      },
      "6": {
        "start": {
          "line": 10,
          "column": 2
        },
        "end": {
          "line": 12,
          "column": 3
        }
      },
      "7": {
        "start": {
          "line": 11,
          "column": 4
        },
        "end": {
          "line": 11,
          "column": 80
        }
      },
      "8": {
        "start": {
          "line": 13,
          "column": 2
        },
        "end": {
          "line": 13,
          "column": 17
        }
      },
      "9": {
        "start": {
          "line": 15,
          "column": 0
        },
        "end": {
          "line": 15,
          "column": 52
        }
      },
      "10": {
        "start": {
          "line": 16,
          "column": 36
        },
        "end": {
          "line": 55,
          "column": 1
        }
      },
      "11": {
        "start": {
          "line": 19,
          "column": 2
        },
        "end": {
          "line": 19,
          "column": 8
        }
      },
      "12": {
        "start": {
          "line": 20,
          "column": 42
        },
        "end": {
          "line": 24,
          "column": 4
        }
      },
      "13": {
        "start": {
          "line": 25,
          "column": 27
        },
        "end": {
          "line": 27,
          "column": 3
        }
      },
      "14": {
        "start": {
          "line": 26,
          "column": 4
        },
        "end": {
          "line": 26,
          "column": 55
        }
      },
      "15": {
        "start": {
          "line": 28,
          "column": 22
        },
        "end": {
          "line": 30,
          "column": 3
        }
      },
      "16": {
        "start": {
          "line": 29,
          "column": 4
        },
        "end": {
          "line": 29,
          "column": 58
        }
      },
      "17": {
        "start": {
          "line": 29,
          "column": 31
        },
        "end": {
          "line": 29,
          "column": 55
        }
      },
      "18": {
        "start": {
          "line": 31,
          "column": 2
        },
        "end": {
          "line": 54,
          "column": 11
        }
      },
      "19": {
        "start": {
          "line": 56,
          "column": 0
        },
        "end": {
          "line": 56,
          "column": 58
        }
      },
      "20": {
        "start": {
          "line": 57,
          "column": 0
        },
        "end": {
          "line": 57,
          "column": 26
        }
      },
      "21": {
        "start": {
          "line": 60,
          "column": 2
        },
        "end": {
          "line": 94,
          "column": 4
        }
      },
      "22": {
        "start": {
          "line": 96,
          "column": 0
        },
        "end": {
          "line": 96,
          "column": 19
        }
      },
      "23": {
        "start": {
          "line": 98,
          "column": 0
        },
        "end": {
          "line": 98,
          "column": 41
        }
      },
      "24": {
        "start": {
          "line": 99,
          "column": 0
        },
        "end": {
          "line": 99,
          "column": 34
        }
      },
      "25": {
        "start": {
          "line": 101,
          "column": 20
        },
        "end": {
          "line": 101,
          "column": 97
        }
      },
      "26": {
        "start": {
          "line": 102,
          "column": 0
        },
        "end": {
          "line": 116,
          "column": 1
        }
      },
      "27": {
        "start": {
          "line": 103,
          "column": 2
        },
        "end": {
          "line": 107,
          "column": 3
        }
      },
      "28": {
        "start": {
          "line": 104,
          "column": 4
        },
        "end": {
          "line": 106,
          "column": 6
        }
      },
      "29": {
        "start": {
          "line": 108,
          "column": 2
        },
        "end": {
          "line": 115,
          "column": 5
        }
      },
      "30": {
        "start": {
          "line": 109,
          "column": 4
        },
        "end": {
          "line": 109,
          "column": 173
        }
      },
      "31": {
        "start": {
          "line": 110,
          "column": 4
        },
        "end": {
          "line": 114,
          "column": 7
        }
      },
      "32": {
        "start": {
          "line": 111,
          "column": 6
        },
        "end": {
          "line": 111,
          "column": 31
        }
      },
      "33": {
        "start": {
          "line": 111,
          "column": 24
        },
        "end": {
          "line": 111,
          "column": 31
        }
      },
      "34": {
        "start": {
          "line": 112,
          "column": 32
        },
        "end": {
          "line": 112,
          "column": 222
        }
      },
      "35": {
        "start": {
          "line": 113,
          "column": 6
        },
        "end": {
          "line": 113,
          "column": 75
        }
      },
      "36": {
        "start": {
          "line": 113,
          "column": 29
        },
        "end": {
          "line": 113,
          "column": 75
        }
      },
      "37": {
        "start": {
          "line": 118,
          "column": 2
        },
        "end": {
          "line": 118,
          "column": 152
        }
      },
      "38": {
        "start": {
          "line": 121,
          "column": 2
        },
        "end": {
          "line": 121,
          "column": 62
        }
      }
    },
    "fnMap": {
      "0": {
        "name": "(anonymous_0)",
        "decl": {
          "start": {
            "line": 7,
            "column": 31
          },
          "end": {
            "line": 7,
            "column": 32
          }
        },
        "loc": {
          "start": {
            "line": 7,
            "column": 37
          },
          "end": {
            "line": 14,
            "column": 1
          }
        },
        "line": 7
      },
      "1": {
        "name": "(anonymous_1)",
        "decl": {
          "start": {
            "line": 16,
            "column": 36
          },
          "end": {
            "line": 16,
            "column": 37
          }
        },
        "loc": {
          "start": {
            "line": 18,
            "column": 6
          },
          "end": {
            "line": 55,
            "column": 1
          }
        },
        "line": 18
      },
      "2": {
        "name": "(anonymous_2)",
        "decl": {
          "start": {
            "line": 25,
            "column": 27
          },
          "end": {
            "line": 25,
            "column": 28
          }
        },
        "loc": {
          "start": {
            "line": 25,
            "column": 59
          },
          "end": {
            "line": 27,
            "column": 3
          }
        },
        "line": 25
      },
      "3": {
        "name": "(anonymous_3)",
        "decl": {
          "start": {
            "line": 28,
            "column": 22
          },
          "end": {
            "line": 28,
            "column": 23
          }
        },
        "loc": {
          "start": {
            "line": 28,
            "column": 28
          },
          "end": {
            "line": 30,
            "column": 3
          }
        },
        "line": 28
      },
      "4": {
        "name": "(anonymous_4)",
        "decl": {
          "start": {
            "line": 29,
            "column": 20
          },
          "end": {
            "line": 29,
            "column": 21
          }
        },
        "loc": {
          "start": {
            "line": 29,
            "column": 31
          },
          "end": {
            "line": 29,
            "column": 55
          }
        },
        "line": 29
      },
      "5": {
        "name": "Notification",
        "decl": {
          "start": {
            "line": 59,
            "column": 9
          },
          "end": {
            "line": 59,
            "column": 21
          }
        },
        "loc": {
          "start": {
            "line": 59,
            "column": 60
          },
          "end": {
            "line": 95,
            "column": 1
          }
        },
        "line": 59
      },
      "6": {
        "name": "(anonymous_6)",
        "decl": {
          "start": {
            "line": 108,
            "column": 52
          },
          "end": {
            "line": 108,
            "column": 53
          }
        },
        "loc": {
          "start": {
            "line": 108,
            "column": 72
          },
          "end": {
            "line": 115,
            "column": 3
          }
        },
        "line": 108
      },
      "7": {
        "name": "(anonymous_7)",
        "decl": {
          "start": {
            "line": 110,
            "column": 27
          },
          "end": {
            "line": 110,
            "column": 28
          }
        },
        "loc": {
          "start": {
            "line": 110,
            "column": 44
          },
          "end": {
            "line": 114,
            "column": 5
          }
        },
        "line": 110
      },
      "8": {
        "name": "$RefreshReg$",
        "decl": {
          "start": {
            "line": 117,
            "column": 9
          },
          "end": {
            "line": 117,
            "column": 21
          }
        },
        "loc": {
          "start": {
            "line": 117,
            "column": 32
          },
          "end": {
            "line": 119,
            "column": 1
          }
        },
        "line": 117
      },
      "9": {
        "name": "$RefreshSig$",
        "decl": {
          "start": {
            "line": 120,
            "column": 9
          },
          "end": {
            "line": 120,
            "column": 21
          }
        },
        "loc": {
          "start": {
            "line": 120,
            "column": 24
          },
          "end": {
            "line": 122,
            "column": 1
          }
        },
        "line": 120
      }
    },
    "branchMap": {
      "0": {
        "loc": {
          "start": {
            "line": 10,
            "column": 2
          },
          "end": {
            "line": 12,
            "column": 3
          }
        },
        "type": "if",
        "locations": [
          {
            "start": {
              "line": 10,
              "column": 2
            },
            "end": {
              "line": 12,
              "column": 3
            }
          },
          {
            "start": {},
            "end": {}
          }
        ],
        "line": 10
      },
      "1": {
        "loc": {
          "start": {
            "line": 25,
            "column": 37
          },
          "end": {
            "line": 25,
            "column": 54
          }
        },
        "type": "default-arg",
        "locations": [
          {
            "start": {
              "line": 25,
              "column": 48
            },
            "end": {
              "line": 25,
              "column": 54
            }
          }
        ],
        "line": 25
      },
      "2": {
        "loc": {
          "start": {
            "line": 101,
            "column": 20
          },
          "end": {
            "line": 101,
            "column": 97
          }
        },
        "type": "binary-expr",
        "locations": [
          {
            "start": {
              "line": 101,
              "column": 20
            },
            "end": {
              "line": 101,
              "column": 60
            }
          },
          {
            "start": {
              "line": 101,
              "column": 64
            },
            "end": {
              "line": 101,
              "column": 97
            }
          }
        ],
        "line": 101
      },
      "3": {
        "loc": {
          "start": {
            "line": 102,
            "column": 0
          },
          "end": {
            "line": 116,
            "column": 1
          }
        },
        "type": "if",
        "locations": [
          {
            "start": {
              "line": 102,
              "column": 0
            },
            "end": {
              "line": 116,
              "column": 1
            }
          },
          {
            "start": {},
            "end": {}
          }
        ],
        "line": 102
      },
      "4": {
        "loc": {
          "start": {
            "line": 102,
            "column": 4
          },
          "end": {
            "line": 102,
            "column": 35
          }
        },
        "type": "binary-expr",
        "locations": [
          {
            "start": {
              "line": 102,
              "column": 4
            },
            "end": {
              "line": 102,
              "column": 19
            }
          },
          {
            "start": {
              "line": 102,
              "column": 23
            },
            "end": {
              "line": 102,
              "column": 35
            }
          }
        ],
        "line": 102
      },
      "5": {
        "loc": {
          "start": {
            "line": 103,
            "column": 2
          },
          "end": {
            "line": 107,
            "column": 3
          }
        },
        "type": "if",
        "locations": [
          {
            "start": {
              "line": 103,
              "column": 2
            },
            "end": {
              "line": 107,
              "column": 3
            }
          },
          {
            "start": {},
            "end": {}
          }
        ],
        "line": 103
      },
      "6": {
        "loc": {
          "start": {
            "line": 111,
            "column": 6
          },
          "end": {
            "line": 111,
            "column": 31
          }
        },
        "type": "if",
        "locations": [
          {
            "start": {
              "line": 111,
              "column": 6
            },
            "end": {
              "line": 111,
              "column": 31
            }
          },
          {
            "start": {},
            "end": {}
          }
        ],
        "line": 111
      },
      "7": {
        "loc": {
          "start": {
            "line": 113,
            "column": 6
          },
          "end": {
            "line": 113,
            "column": 75
          }
        },
        "type": "if",
        "locations": [
          {
            "start": {
              "line": 113,
              "column": 6
            },
            "end": {
              "line": 113,
              "column": 75
            }
          },
          {
            "start": {},
            "end": {}
          }
        ],
        "line": 113
      }
    },
    "s": {
      "0": 459,
      "1": 459,
      "2": 459,
      "3": 459,
      "4": 19870,
      "5": 19870,
      "6": 19870,
      "7": 0,
      "8": 19870,
      "9": 459,
      "10": 459,
      "11": 3142,
      "12": 3142,
      "13": 3142,
      "14": 689,
      "15": 3142,
      "16": 505,
      "17": 524,
      "18": 3142,
      "19": 459,
      "20": 459,
      "21": 3142,
      "22": 459,
      "23": 459,
      "24": 459,
      "25": 459,
      "26": 459,
      "27": 459,
      "28": 0,
      "29": 459,
      "30": 459,
      "31": 459,
      "32": 0,
      "33": 0,
      "34": 0,
      "35": 0,
      "36": 0,
      "37": 918,
      "38": 918
    },
    "f": {
      "0": 19870,
      "1": 3142,
      "2": 689,
      "3": 505,
      "4": 524,
      "5": 3142,
      "6": 459,
      "7": 0,
      "8": 918,
      "9": 918
    },
    "b": {
      "0": [
        0,
        19870
      ],
      "1": [
        0
      ],
      "2": [
        459,
        0
      ],
      "3": [
        459,
        0
      ],
      "4": [
        459,
        459
      ],
      "5": [
        0,
        459
      ],
      "6": [
        0,
        0
      ],
      "7": [
        0,
        0
      ]
    },
    "inputSourceMap": {
      "version": 3,
      "mappings": "AA6DM;;AAvDN,SAASA,eAAeC,YAAYC,gBAAgB;AAUpD,MAAMC,sBAAsBH;AAAAA,EAC1BI;AACF;AAEO,aAAMC,kBAAkBA,MAAM;AAAAC,KAAA;AACnC,QAAMC,UAAUN,WAAWE,mBAAmB;AAC9C,MAAI,CAACI,SAAS;AACZ,UAAM,IAAIC,MAAM,0DAA0D;AAAA,EAC5E;AACA,SAAOD;AACT;AAAED,GANWD,iBAAe;AAkBrB,aAAMI,uBAAuBA,CAAC;AAAA,EACnCC;AACyB,MAAM;AAAAC,MAAA;AAC/B,QAAM,CAACC,cAAcC,eAAe,IAAIX,SAA4B;AAAA,IAClEY,MAAM;AAAA,IACNC,SAAS;AAAA,IACTC,UAAU;AAAA,EACZ,CAAC;AAED,QAAMC,mBAAmBA,CACvBF,SACAC,WAAqD,WAClD;AACHH,oBAAgB,EAAEC,MAAM,MAAMC,SAASC,SAAS,CAAC;AAAA,EACnD;AAEA,QAAME,cAAcA,MAAM;AACxBL,oBAAgB,CAACM,UAAU,EAAE,GAAGA,MAAML,MAAM,MAAM,EAAE;AAAA,EACtD;AAEA,SACE,uBAAC,oBAAoB,UAApB,EAA6B,OAAO,EAAEG,iBAAiB,GACrDP;AAAAA;AAAAA,IACD;AAAA,MAAC;AAAA;AAAA,QACC,MAAME,aAAaE;AAAAA,QACnB,SAASF,aAAaG;AAAAA,QACtB,UAAUH,aAAaI;AAAAA,QACvB,SAASE;AAAAA;AAAAA,MAJX;AAAA;AAAA;AAAA;AAAA;AAAA;AAAA;AAAA;AAAA,IAIuB;AAAA,OANzB;AAAA;AAAA;AAAA;AAAA,SAQA;AAEJ;AAEAP,IAjCaF,sBAAoB;AAAAW,KAApBX;AAkCb,SAASY,UAAUC,aAAa;AAShC,SAASC,aAAa,EAAET,MAAMC,SAASC,UAAUQ,QAA2B,GAAG;AAC7E,SACE;AAAA,IAAC;AAAA;AAAA,MACC;AAAA,MACA,kBAAkB;AAAA,MAClB;AAAA,MACA,cAAc,EAAEC,UAAU,UAAUC,YAAY,QAAQ;AAAA,MAExD;AAAA,QAAC;AAAA;AAAA,UACC;AAAA,UACA;AAAA,UACA,SAAQ;AAAA,UACR,IAAI,EAAEC,OAAO,OAAO;AAAA,UAEnBZ;AAAAA;AAAAA,QANH;AAAA;AAAA;AAAA;AAAA;AAAA;AAAA;AAAA;AAAA,MAOA;AAAA;AAAA,IAbF;AAAA;AAAA;AAAA;AAAA;AAAA;AAAA;AAAA;AAAA,EAcA;AAEJ;AAACa,MAlBQL;AAAY,IAAAH,IAAAQ;AAAAC,aAAAT,IAAA;AAAAS,aAAAD,KAAA",
      "names": [
        "createContext",
        "useContext",
        "useState",
        "NotificationContext",
        "undefined",
        "useNotification",
        "_s",
        "context",
        "Error",
        "NotificationProvider",
        "children",
        "_s2",
        "notification",
        "setNotification",
        "open",
        "message",
        "severity",
        "showNotification",
        "handleClose",
        "prev",
        "_c",
        "Snackbar",
        "Alert",
        "Notification",
        "onClose",
        "vertical",
        "horizontal",
        "width",
        "_c2",
        "$RefreshReg$"
      ],
      "ignoreList": [],
      "sources": [
        "/Users/wishula/superappnewest/superapp-mobile/superapp-admin-portal/src/context/NotificationContext.tsx"
      ],
      "file": "/Users/wishula/superappnewest/superapp-mobile/superapp-admin-portal/src/context/NotificationContext.tsx"
    },
    "_coverageSchema": "1a1c01bbd47fc00a2c39e90264f33305004495a9",
    "hash": "619c9d9cae59f67b91d3f41e17092e5055b02d66"
  },
  "/Users/wishula/superappnewest/superapp-mobile/superapp-admin-portal/src/theme.ts": {
    "path": "/Users/wishula/superappnewest/superapp-mobile/superapp-admin-portal/src/theme.ts",
    "statementMap": {
      "0": {
        "start": {
          "line": 4,
          "column": 24
        },
        "end": {
          "line": 175,
          "column": 2
        }
      },
      "1": {
        "start": {
          "line": 4,
          "column": 35
        },
        "end": {
          "line": 175,
          "column": 1
        }
      },
      "2": {
        "start": {
          "line": 176,
          "column": 30
        },
        "end": {
          "line": 178,
          "column": 1
        }
      },
      "3": {
        "start": {
          "line": 177,
          "column": 2
        },
        "end": {
          "line": 177,
          "column": 44
        }
      }
    },
    "fnMap": {
      "0": {
        "name": "(anonymous_0)",
        "decl": {
          "start": {
            "line": 4,
            "column": 24
          },
          "end": {
            "line": 4,
            "column": 25
          }
        },
        "loc": {
          "start": {
            "line": 4,
            "column": 35
          },
          "end": {
            "line": 175,
            "column": 1
          }
        },
        "line": 4
      },
      "1": {
        "name": "(anonymous_1)",
        "decl": {
          "start": {
            "line": 176,
            "column": 30
          },
          "end": {
            "line": 176,
            "column": 31
          }
        },
        "loc": {
          "start": {
            "line": 176,
            "column": 50
          },
          "end": {
            "line": 178,
            "column": 1
          }
        },
        "line": 176
      }
    },
    "branchMap": {
      "0": {
        "loc": {
          "start": {
            "line": 7,
            "column": 7
          },
          "end": {
            "line": 58,
            "column": 5
          }
        },
        "type": "cond-expr",
        "locations": [
          {
            "start": {
              "line": 7,
              "column": 26
            },
            "end": {
              "line": 38,
              "column": 5
            }
          },
          {
            "start": {
              "line": 38,
              "column": 8
            },
            "end": {
              "line": 58,
              "column": 5
            }
          }
        ],
        "line": 7
      },
      "1": {
        "loc": {
          "start": {
[...]
        },
        "end": {
          "line": 137,
          "column": 75
        }
      },
      "50": {
        "start": {
          "line": 142,
          "column": 2
        },
        "end": {
          "line": 142,
          "column": 128
        }
      },
      "51": {
        "start": {
          "line": 145,
          "column": 2
        },
        "end": {
          "line": 145,
          "column": 62
        }
      }
    },
    "fnMap": {
      "0": {
        "name": "App",
        "decl": {
          "start": {
            "line": 14,
            "column": 9
          },
          "end": {
            "line": 14,
            "column": 12
          }
        },
        "loc": {
          "start": {
            "line": 14,
            "column": 15
          },
          "end": {
            "line": 116,
            "column": 1
          }
        },
        "line": 14
      },
      "1": {
        "name": "(anonymous_1)",
        "decl": {
          "start": {
            "line": 19,
            "column": 12
          },
          "end": {
            "line": 19,
            "column": 13
          }
        },
        "loc": {
          "start": {
            "line": 19,
            "column": 18
          },
          "end": {
            "line": 41,
            "column": 3
          }
        },
        "line": 19
      },
      "2": {
        "name": "(anonymous_2)",
        "decl": {
          "start": {
            "line": 22,
            "column": 26
          },
          "end": {
            "line": 22,
            "column": 27
          }
        },
        "loc": {
          "start": {
            "line": 22,
            "column": 38
          },
          "end": {
            "line": 30,
            "column": 7
          }
        },
        "line": 22
      },
      "3": {
        "name": "(anonymous_3)",
        "decl": {
          "start": {
            "line": 31,
            "column": 29
          },
          "end": {
            "line": 31,
            "column": 30
          }
        },
        "loc": {
          "start": {
            "line": 31,
            "column": 41
          },
          "end": {
            "line": 33,
            "column": 7
          }
        },
        "line": 31
      },
      "4": {
        "name": "(anonymous_4)",
        "decl": {
          "start": {
            "line": 36,
            "column": 13
          },
          "end": {
            "line": 36,
            "column": 14
          }
        },
        "loc": {
          "start": {
            "line": 36,
            "column": 19
          },
          "end": {
            "line": 39,
            "column": 7
          }
        },
        "line": 36
      },
      "5": {
        "name": "(anonymous_5)",
        "decl": {
          "start": {
            "line": 42,
            "column": 12
          },
          "end": {
            "line": 42,
            "column": 13
          }
        },
        "loc": {
          "start": {
            "line": 42,
            "column": 18
          },
          "end": {
            "line": 49,
            "column": 3
          }
        },
        "line": 42
      },
      "6": {
        "name": "(anonymous_6)",
        "decl": {
          "start": {
            "line": 117,
            "column": 47
          },
          "end": {
            "line": 117,
            "column": 48
          }
        },
        "loc": {
          "start": {
            "line": 117,
            "column": 58
          },
          "end": {
            "line": 119,
            "column": 1
          }
        },
        "line": 117
      },
      "7": {
        "name": "(anonymous_7)",
        "decl": {
          "start": {
            "line": 132,
            "column": 52
          },
          "end": {
            "line": 132,
            "column": 53
          }
        },
        "loc": {
          "start": {
            "line": 132,
            "column": 72
          },
          "end": {
            "line": 139,
            "column": 3
          }
        },
        "line": 132
      },
      "8": {
        "name": "(anonymous_8)",
        "decl": {
          "start": {
            "line": 134,
            "column": 27
          },
          "end": {
            "line": 134,
            "column": 28
          }
        },
        "loc": {
          "start": {
            "line": 134,
            "column": 44
          },
          "end": {
            "line": 138,
            "column": 5
          }
        },
        "line": 134
      },
      "9": {
        "name": "$RefreshReg$",
        "decl": {
          "start": {
            "line": 141,
            "column": 9
          },
          "end": {
            "line": 141,
            "column": 21
          }
        },
        "loc": {
          "start": {
            "line": 141,
            "column": 32
          },
          "end": {
            "line": 143,
            "column": 1
          }
        },
        "line": 141
      },
      "10": {
        "name": "$RefreshSig$",
        "decl": {
          "start": {
            "line": 144,
            "column": 9
          },
          "end": {
            "line": 144,
            "column": 21
          }
        },
        "loc": {
          "start": {
            "line": 144,
            "column": 24
          },
          "end": {
            "line": 146,
            "column": 1
          }
        },
        "line": 144
      }
    },
    "branchMap": {
      "0": {
        "loc": {
          "start": {
            "line": 20,
            "column": 4
          },
          "end": {
            "line": 40,
            "column": 5
          }
        },
        "type": "if",
        "locations": [
          {
            "start": {
              "line": 20,
              "column": 4
            },
            "end": {
              "line": 40,
              "column": 5
            }
          },
          {
            "start": {},
            "end": {}
          }
        ],
        "line": 20
      },
      "1": {
        "loc": {
          "start": {
            "line": 25,
            "column": 17
          },
          "end": {
            "line": 25,
            "column": 28
          }
        },
        "type": "binary-expr",
        "locations": [
          {
            "start": {
              "line": 25,
              "column": 17
            },
            "end": {
              "line": 25,
              "column": 22
            }
          },
          {
            "start": {
              "line": 25,
              "column": 26
            },
            "end": {
              "line": 25,
              "column": 28
            }
          }
        ],
        "line": 25
      },
      "2": {
        "loc": {
          "start": {
            "line": 43,
            "column": 4
          },
          "end": {
            "line": 48,
            "column": 5
          }
        },
        "type": "if",
        "locations": [
          {
            "start": {
              "line": 43,
              "column": 4
            },
            "end": {
              "line": 48,
              "column": 5
            }
          },
          {
            "start": {
              "line": 46,
              "column": 11
            },
            "end": {
              "line": 48,
              "column": 5
            }
          }
        ],
        "line": 43
      },
      "3": {
        "loc": {
          "start": {
            "line": 43,
            "column": 8
          },
          "end": {
            "line": 43,
            "column": 67
          }
        },
        "type": "binary-expr",
        "locations": [
          {
            "start": {
              "line": 43,
              "column": 8
            },
            "end": {
              "line": 43,
              "column": 29
            }
          },
          {
            "start": {
              "line": 43,
              "column": 33
            },
            "end": {
              "line": 43,
              "column": 67
            }
          }
        ],
        "line": 43
      },
      "4": {
        "loc": {
          "start": {
            "line": 46,
            "column": 11
          },
          "end": {
            "line": 48,
            "column": 5
          }
        },
        "type": "if",
        "locations": [
          {
            "start": {
              "line": 46,
              "column": 11
            },
            "end": {
              "line": 48,
              "column": 5
            }
          },
          {
            "start": {},
            "end": {}
          }
        ],
        "line": 46
      },
      "5": {
        "loc": {
          "start": {
            "line": 50,
            "column": 2
          },
          "end": {
            "line": 57,
            "column": 3
          }
        },
        "type": "if",
        "locations": [
          {
            "start": {
              "line": 50,
              "column": 2
            },
            "end": {
              "line": 57,
              "column": 3
            }
          },
          {
            "start": {},
            "end": {}
          }
        ],
        "line": 50
      },
      "6": {
        "loc": {
          "start": {
            "line": 58,
            "column": 2
          },
          "end": {
            "line": 65,
            "column": 3
          }
        },
        "type": "if",
        "locations": [
          {
            "start": {
              "line": 58,
              "column": 2
            },
            "end": {
              "line": 65,
              "column": 3
            }
          },
          {
            "start": {},
            "end": {}
          }
        ],
        "line": 58
      },
      "7": {
        "loc": {
          "start": {
            "line": 125,
            "column": 20
          },
          "end": {
            "line": 125,
            "column": 97
          }
        },
        "type": "binary-expr",
        "locations": [
          {
            "start": {
              "line": 125,
              "column": 20
            },
            "end": {
              "line": 125,
              "column": 60
            }
          },
          {
            "start": {
              "line": 125,
              "column": 64
            },
            "end": {
              "line": 125,
              "column": 97
            }
          }
        ],
        "line": 125
      },
      "8": {
        "loc": {
          "start": {
            "line": 126,
            "column": 0
          },
          "end": {
            "line": 140,
            "column": 1
          }
        },
        "type": "if",
        "locations": [
          {
            "start": {
              "line": 126,
              "column": 0
            },
            "end": {
              "line": 140,
              "column": 1
            }
          },
          {
            "start": {},
            "end": {}
          }
        ],
        "line": 126
      },
      "9": {
        "loc": {
          "start": {
            "line": 126,
            "column": 4
          },
          "end": {
            "line": 126,
            "column": 35
          }
        },
        "type": "binary-expr",
        "locations": [
          {
            "start": {
              "line": 126,
              "column": 4
            },
            "end": {
              "line": 126,
              "column": 19
            }
          },
          {
            "start": {
              "line": 126,
              "column": 23
            },
            "end": {
              "line": 126,
              "column": 35
            }
          }
        ],
        "line": 126
      },
      "10": {
        "loc": {
          "start": {
            "line": 127,
            "column": 2
          },
          "end": {
            "line": 131,
            "column": 3
          }
        },
        "type": "if",
        "locations": [
          {
            "start": {
              "line": 127,
              "column": 2
            },
            "end": {
              "line": 131,
              "column": 3
            }
          },
          {
            "start": {},
            "end": {}
          }
        ],
        "line": 127
      },
      "11": {
        "loc": {
          "start": {
            "line": 135,
            "column": 6
          },
          "end": {
            "line": 135,
            "column": 31
          }
        },
        "type": "if",
        "locations": [
          {
            "start": {
              "line": 135,
              "column": 6
            },
            "end": {
              "line": 135,
              "column": 31
            }
          },
          {
            "start": {},
            "end": {}
          }
        ],
        "line": 135
      },
      "12": {
        "loc": {
          "start": {
            "line": 137,
            "column": 6
          },
          "end": {
            "line": 137,
            "column": 75
          }
        },
        "type": "if",
        "locations": [
          {
            "start": {
              "line": 137,
              "column": 6
            },
            "end": {
              "line": 137,
              "column": 75
            }
          },
          {
            "start": {},
            "end": {}
          }
        ],
        "line": 137
      }
    },
    "s": {
      "0": 459,
      "1": 4064,
      "2": 4064,
      "3": 4060,
      "4": 4060,
      "5": 4060,
      "6": 1034,
      "7": 718,
      "8": 718,
      "9": 931,
      "10": 931,
      "11": 931,
      "12": 0,
      "13": 0,
      "14": 718,
      "15": 32,
      "16": 718,
      "17": 718,
      "18": 718,
      "19": 379,
      "20": 379,
      "21": 4060,
      "22": 2030,
      "23": 359,
      "24": 359,
      "25": 1671,
      "26": 216,
      "27": 4060,
      "28": 200,
      "29": 200,
      "30": 3860,
      "31": 232,
      "32": 232,
      "33": 3628,
      "34": 459,
      "35": 459,
      "36": 459,
      "37": 459,
      "38": 459,
      "39": 459,
      "40": 459,
      "41": 0,
      "42": 459,
      "43": 417,
      "44": 417,
      "45": 0,
      "46": 0,
      "47": 0,
      "48": 0,
      "49": 0,
      "50": 459,
      "51": 459
    },
    "f": {
      "0": 4064,
      "1": 1034,
      "2": 931,
      "3": 32,
      "4": 379,
      "5": 2030,
      "6": 459,
      "7": 417,
      "8": 0,
      "9": 459,
      "10": 459
    },
    "b": {
      "0": [
        718,
        316
      ],
      "1": [
        931,
        0
      ],
      "2": [
        359,
        1671
      ],
      "3": [
        2030,
        1814
      ],
      "4": [
        216,
        1455
      ],
      "5": [
        200,
        3860
      ],
      "6": [
        232,
        3628
      ],
      "7": [
        459,
        0
      ],
      "8": [
        459,
        0
      ],
      "9": [
        459,
        459
      ],
      "10": [
        0,
        459
      ],
      "11": [
        0,
        0
      ],
      "12": [
        0,
        0
      ]
    },
    "inputSourceMap": {
      "version": 3,
      "mappings": "AAoEW;;AA9DX,SAASA,eAAe;AACxB,SAASC,WAAWC,cAAc;AAClC,SAASC,eAAeC,QAAQC,aAAa;AAC7C,SAASC,QAAQC,eAAe;AAChC,OAAOC,WAAW;AAClB,OAAOC,eAAe;AACtB,OAAOC,WAAW;AAClB,OAAOC,gBAAgB;AACvB,OAAOC,cAAc;AACrB,SAASC,uBAAuB;AAChC,SAASC,kBAAkB;AAE3B,SAASC,MAAM;AAAAC,KAAA;AACb,QAAM,EAAEC,OAAOC,gBAAgBC,QAAQ,IAAInB,QAAQ;AACnD,QAAM,EAAEoB,iBAAiB,IAAIP,gBAAgB;AAC7C,QAAMQ,4BAA4BnB,OAAO,KAAK;AAG9CD,YAAU,MAAM;AACd,QAAIgB,MAAMK,iBAAiB;AACzBC,cAAQC,IAAI,4CAA4C;AAGxD,YAAMC,cAAc,YAAY;AAC9B,YAAI;AACF,gBAAMC,QAAQ,MAAMR,eAAe;AACnC,iBAAOQ,SAAS;AAAA,QAClB,SAASC,OAAO;AACdJ,kBAAQI,MAAM,+BAA+BA,KAAK;AAClD,iBAAO;AAAA,QACT;AAAA,MACF;AAEA,YAAMC,iBAAiB,YAAY;AACjC,cAAMT,QAAQ;AAAA,MAChB;AAEAL,iBAAWe,eAAeJ,WAAW;AACrCX,iBAAWgB,WAAWF,cAAc;AAGpC,aAAO,MAAM;AACXL,gBAAQC,IAAI,wCAAwC;AACpDV,mBAAWiB,MAAM;AAAA,MACnB;AAAA,IACF;AAAA,EACF,GAAG,CAACd,MAAMK,iBAAiBJ,gBAAgBC,OAAO,CAAC;AAGnDlB,YAAU,MAAM;AACd,QAAIgB,MAAMK,mBAAmB,CAACD,0BAA0BW,SAAS;AAC/DZ,uBAAiB,0BAA0B,SAAS;AACpDC,gCAA0BW,UAAU;AAAA,IACtC,WAAW,CAACf,MAAMK,iBAAiB;AAEjCD,gCAA0BW,UAAU;AAAA,IACtC;AAAA,EACF,GAAG,CAACf,MAAMK,iBAAiBF,gBAAgB,CAAC;AAG5C,MAAIH,MAAMgB,WAAW;AACnBV,YAAQC,IAAI,2BAA2B;AACvC,WAAO,uBAAC,aAAD;AAAA;AAAA;AAAA;AAAA,WAAQ;AAAA,EACjB;AAGA,MAAI,CAACP,MAAMK,iBAAiB;AAC1BC,YAAQC,IAAI,4CAA4C;AACxD,WAAO,uBAAC,WAAD;AAAA;AAAA;AAAA;AAAA,WAAM;AAAA,EACf;AAEA,SACE,uBAAC,iBACC,iCAAC,UACC,iCAAC,UACC;AAAA,2BAAC,SAAM,MAAK,KAAI,SAAS,uBAAC,eAAD;AAAA;AAAA;AAAA;AAAA,WAAU,KAAnC;AAAA;AAAA;AAAA;AAAA,WAAuC;AAAA,IACvC,uBAAC,SAAM,MAAK,UAAS,SAAS,uBAAC,WAAD;AAAA;AAAA;AAAA;AAAA,WAAM,KAApC;AAAA;AAAA;AAAA;AAAA,WAAwC;AAAA,IACxC,uBAAC,SAAM,MAAK,cAAa,SAAS,uBAAC,gBAAD;AAAA;AAAA;AAAA;AAAA,WAAW,KAA7C;AAAA;AAAA;AAAA;AAAA,WAAiD;AAAA,IACjD,uBAAC,SAAM,MAAK,KAAI,SAAS,uBAAC,cAAD;AAAA;AAAA;AAAA;AAAA,WAAS,KAAlC;AAAA;AAAA;AAAA;AAAA,WAAsC;AAAA,OAJxC;AAAA;AAAA;AAAA;AAAA,SAKA,KANF;AAAA;AAAA;AAAA;AAAA,SAOA,KARF;AAAA;AAAA;AAAA;AAAA,SASA;AAEJ;AAACR,GAvEQD,KAAG;AAAA,UACiCf,SACda,eAAe;AAAA;AAAAqB,KAFrCnB;AAyET,eAAeA;AAAI,IAAAmB;AAAAC,aAAAD,IAAA",
      "names": [
        "useAuth",
        "useEffect",
        "useRef",
        "BrowserRouter",
        "Routes",
        "Route",
        "Layout",
        "Loading",
        "Login",
        "MicroApps",
        "Users",
        "ComingSoon",
        "NotFound",
        "useNotification",
        "apiService",
        "App",
        "_s",
        "state",
        "getAccessToken",
        "signOut",
        "showNotification",
        "hasShownLoginNotification",
        "isAuthenticated",
        "console",
        "log",
        "tokenGetter",
        "token",
        "error",
        "signOutHandler",
        "setTokenGetter",
        "setSignOut",
        "reset",
        "current",
        "isLoading",
        "_c",
        "$RefreshReg$"
      ],
      "ignoreList": [],
      "sources": [
        "/Users/wishula/superappnewest/superapp-mobile/superapp-admin-portal/src/App.tsx"
      ],
      "file": "/Users/wishula/superappnewest/superapp-mobile/superapp-admin-portal/src/App.tsx"
    },
    "_coverageSchema": "1a1c01bbd47fc00a2c39e90264f33305004495a9",
    "hash": "81ea7f0533d0f6f7e0bec87409418e2c9123da20"
  },
  "/Users/wishula/superappnewest/superapp-mobile/superapp-admin-portal/src/main.tsx": {
    "path": "/Users/wishula/superappnewest/superapp-mobile/superapp-admin-portal/src/main.tsx",
    "statementMap": {
      "0": {
        "start": {
          "line": 8,
          "column": 0
        },
        "end": {
          "line": 37,
          "column": 2
        }
      }
    },
    "fnMap": {},
    "branchMap": {},
    "s": {
      "0": 459
    },
    "f": {},
    "b": {},
    "inputSourceMap": {
      "version": 3,
      "mappings": "AAWM;AAXN,SAASA,kBAAkB;AAC3B,SAASC,kBAAkB;AAC3B,SAASC,oBAAoB;AAC7B,SAASC,mBAAmB;AAE5B,SAASC,eAAeC,4BAA4B;AACpD,OAAOC,SAAS;AAEhBL,WAAWM,SAASC,eAAe,MAAM,CAAE,EAAEC;AAAAA,EAC3C,uBAAC,cACC,iCAAC,iBACC;AAAA,2BAAC,iBAAD;AAAA;AAAA;AAAA;AAAA,WAAY;AAAA,IACZ,uBAAC,wBACL,iCAAC,gBACO,iCAAC,SAAD;AAAA;AAAA;AAAA;AAAA,WAAI,KADZ;AAAA;AAAA;AAAA;AAAA,WAEM,KAHF;AAAA;AAAA;AAAA;AAAA,WAIA;AAAA,OANF;AAAA;AAAA;AAAA;AAAA,SAOA,KARF;AAAA;AAAA;AAAA;AAAA,SASA;AACF",
      "names": [
        "StrictMode",
        "createRoot",
        "AuthProvider",
        "CssBaseline",
        "ThemeProvider",
        "NotificationProvider",
        "App",
        "document",
        "getElementById",
        "render"
      ],
      "ignoreList": [],
      "sources": [
        "/Users/wishula/superappnewest/superapp-mobile/superapp-admin-portal/src/main.tsx"
      ],
      "file": "/Users/wishula/superappnewest/superapp-mobile/superapp-admin-portal/src/main.tsx"
    },
    "_coverageSchema": "1a1c01bbd47fc00a2c39e90264f33305004495a9",
    "hash": "ca521d4a342c2ed276c2876b8f67105beab42d07"
  }
}